2.9956 	INFO 	Loaded monitor calibration from ['2023_11_01 17:25']
3.0036 	WARNING 	User requested fullscreen with size [1470  919], but screen is actually [2560, 1440]. Using actual size
3.4323 	INFO 	Using renderer 'Intel(R) UHD Graphics 770' for graphics
3.4323 	INFO 	OpenGL version supported by driver is 4..
3.4449 	EXP 	Created window1 = Window(allowGUI=False, allowStencil=False, autoLog=True, backendConf=UNKNOWN, backgroundFit=<method-wrapper '__getattribute__' of attributeSetter object at 0x000001E6C107FCA0>, backgroundImage=<method-wrapper '__getattribute__' of attributeSetter object at 0x000001E6C107FC40>, bitsMode=UNKNOWN, blendMode='avg', bpc=(8, 8, 8), color=array([0, 0, 0]), colorSpace='rgb', depthBits=8, fullscr=True, gamma=None, gammaErrorPolicy='raise', infoMsg=UNKNOWN, lms=UNKNOWN, monitor=<psychopy.monitors.calibTools.Monitor object at 0x000001E6C13D9070>, multiSample=False, name='window1', numSamples=2, pos=[0.0, 0.0], screen=0, size=array([2560, 1440]), stencilBits=0, stereo=False, title='PsychoPy', units='height', useFBO=True, useRetina=False, viewOri=0.0, viewPos=None, viewScale=None, waitBlanking=True, winType='pyglet')
3.4450 	EXP 	window1: backgroundImage = ''
3.4450 	EXP 	window1: backgroundFit = 'none'
3.6789 	EXP 	window1: Attempting to measure frame rate of screen (0) ...
3.6789 	EXP 	window1: recordFrameIntervals = False
3.8366 	EXP 	window1: recordFrameIntervals = True
4.0199 	EXP 	Screen (0) actual frame rate measured at 59.95Hz
4.0200 	EXP 	window1: recordFrameIntervals = False
4.1039 	INFO 	keyboard.Keyboard is using ptb backend.
4.1041 	INFO 	keyboard.Keyboard is using ptb backend.
4.1415 	WARNING 	No default speaker specified in Preferences / Hardware, using first speaker found: Speakers (Logi USB Headset)
4.1528 	INFO 	Created stream for speaker device: Speakers (Logi USB Headset) (8.0)
4.1536 	EXP 	2back_diagram: status = STARTED
4.1758 	EXP 	Created fixation = TextStim(__class__=<class 'psychopy.visual.text.TextStim'>, alignHoriz=method-wrapper(...), alignText='center', alignVert=method-wrapper(...), anchorHoriz='center', anchorVert='center', antialias=True, autoDraw=False, autoLog=True, bold=False, color=array([1., 1., 1.]), colorSpace='rgb', contrast=1.0, depth=-1.0, draggable=False, flipHoriz=False, flipVert=False, font='Arial', fontFiles=[], height=0.05, italic=False, languageStyle='LTR', name='fixation', opacity=1, ori=0.0, pos=array([0., 0.]), rgb=UNKNOWN, text='', units='height', win=Window(...), wrapWidth=1)
4.1758 	EXP 	sound_stim: sampleRate = 48000
4.1758 	EXP 	sound_stim: channels = None
4.1770 	EXP 	Sound sound_stim set volume 1.000
4.1861 	EXP 	Created fixation2 = TextStim(__class__=<class 'psychopy.visual.text.TextStim'>, alignHoriz=method-wrapper(...), alignText='center', alignVert=method-wrapper(...), anchorHoriz='center', anchorVert='center', antialias=True, autoDraw=False, autoLog=True, bold=False, color=array([1., 1., 1.]), colorSpace='rgb', contrast=1.0, depth=-4.0, draggable=False, flipHoriz=False, flipVert=False, font='Arial', fontFiles=[], height=0.05, italic=False, languageStyle='LTR', name='fixation2', opacity=1, ori=0.0, pos=array([0., 0.]), rgb=UNKNOWN, text='Sound playing:', units='height', win=Window(...), wrapWidth=1)
4.1865 	EXP 	Created text = TextStim(__class__=<class 'psychopy.visual.text.TextStim'>, alignHoriz=method-wrapper(...), alignText='center', alignVert=method-wrapper(...), anchorHoriz='center', anchorVert='center', antialias=True, autoDraw=False, autoLog=True, bold=False, color=array([1., 1., 1.]), colorSpace='rgb', contrast=1.0, depth=-1.0, draggable=False, flipHoriz=False, flipVert=False, font='Arial', fontFiles=[], height=0.05, italic=False, languageStyle='LTR', name='text', opacity=1, ori=0.0, pos=array([0., 0.]), rgb=UNKNOWN, text='', units='height', win=Window(...), wrapWidth=1)
0.0022 	EXP 	New trial (rep=0, index=0): <Trial 0 (0 in rep 0) data={'thisN': 0, 'thisTrialN': 0, 'thisRepN': 0}>
0.0025 	EXP 	sound_stim: sampleRate = 48000
0.0052 	EXP 	fixation: autoDraw = True
1.0011 	INFO 	Keyboard events cleared
1.0010 	EXP 	fixation2: autoDraw = True
1.0017 	EXP 	Sound sound_stim reached end of file
1.0018 	EXP 	Playing sound sound_stim on speaker Speakers (Logi USB Headset)
1.0177 	EXP 	fixation: autoDraw = False
1.6523 	EXP 	Sound sound_stim reached end of file
1.6681 	EXP 	Sound sound_stim reached end of file
2.4861 	EXP 	New trial (rep=1, index=0): <Trial 1 (0 in rep 1) data={'thisN': 1, 'thisTrialN': 0, 'thisRepN': 1}>
2.4870 	EXP 	sound_stim: sampleRate = 48000
2.5022 	EXP 	fixation2: autoDraw = False
2.5022 	EXP 	fixation: autoDraw = False
2.5022 	EXP 	fixation2: autoDraw = False
2.5022 	EXP 	fixation: autoDraw = True
3.5032 	INFO 	Keyboard events cleared
3.5031 	EXP 	fixation: autoDraw = False
3.5031 	EXP 	fixation2: autoDraw = True
3.5035 	EXP 	Sound sound_stim reached end of file
3.5036 	EXP 	Playing sound sound_stim on speaker Speakers (Logi USB Headset)
4.1472 	EXP 	Device response: <KeyPress from None: t=4.128502500001559, value=escape, duration=None>
4.1520 	EXP 	Sound sound_stim reached end of file
4.1537 	DATA 	Keypress: escape
4.1560 	EXP 	Sound sound_stim reached end of file
4.2040 	EXP 	Device response: <KeyPress from None: t=4.128502500001559, value=escape, duration=0.07297799999832932>
4.2041 	EXP 	2back_diagram: status = STOPPED
4.2203 	EXP 	fixation2: autoDraw = False
4.2204 	EXP 	2back_diagram: status = STOPPED
4.2270 	INFO 	saved data to 'c:\\Users\\Adyant Balaji\\Documents\\EEG\\tinnitusExperiments\\WorkingMemory\\data\\136090_2back_diagram_2025-10-28_11h11.09.042.csv'
4.2285 	INFO 	saved data to c:\Users\Adyant Balaji\Documents\EEG\tinnitusExperiments\WorkingMemory\data\136090_2back_diagram_2025-10-28_11h11.09.042.psydat
4.5917 	WARNING 	Stopping key buffers but this could be dangerous ifother keyboards rely on the same.
4.6037 	WARNING 	Stopping key buffers but this could be dangerous ifother keyboards rely on the same.
