4.3446 	INFO 	Loaded monitor calibration from ['2023_11_01 17:25']
4.4145 	INFO 	Using renderer 'Intel(R) UHD Graphics 770' for graphics
4.4145 	INFO 	OpenGL version supported by driver is 4..
4.4228 	EXP 	Created window1 = Window(allowGUI=False, allowStencil=False, autoLog=True, backendConf=UNKNOWN, backgroundFit=<method-wrapper '__getattribute__' of attributeSetter object at 0x0000026CA05BFCD0>, backgroundImage=<method-wrapper '__getattribute__' of attributeSetter object at 0x0000026CA05BFC70>, bitsMode=UNKNOWN, blendMode='avg', bpc=(8, 8, 8), color=array([0, 0, 0]), colorSpace='rgb', depthBits=8, fullscr=True, gamma=None, gammaErrorPolicy='raise', infoMsg=UNKNOWN, lms=UNKNOWN, monitor=<psychopy.monitors.calibTools.Monitor object at 0x0000026CA090A0A0>, multiSample=False, name='window1', numSamples=2, pos=[0.0, 0.0], screen=0, size=array([1470,  919]), stencilBits=0, stereo=False, title='PsychoPy', units='height', useFBO=True, useRetina=False, viewOri=0.0, viewPos=None, viewScale=None, waitBlanking=True, winType='pyglet')
4.4229 	EXP 	window1: backgroundImage = ''
4.4229 	EXP 	window1: backgroundFit = 'none'
4.6406 	EXP 	window1: Attempting to measure frame rate of screen (0) ...
4.6406 	EXP 	window1: recordFrameIntervals = False
4.9056 	EXP 	window1: recordFrameIntervals = True
4.9678 	WARNING 	t of last frame was 30.83ms (=1/32)
4.9991 	WARNING 	t of last frame was 31.28ms (=1/31)
5.0302 	WARNING 	t of last frame was 31.10ms (=1/32)
5.0615 	WARNING 	t of last frame was 31.34ms (=1/31)
5.0927 	WARNING 	Multiple dropped frames have occurred - I'll stop bothering you about them!
5.2496 	EXP 	Screen (0) actual frame rate measured at 32.04Hz
5.2497 	EXP 	window1: recordFrameIntervals = False
5.3417 	INFO 	keyboard.Keyboard is using ptb backend.
5.3419 	INFO 	keyboard.Keyboard is using ptb backend.
5.3631 	WARNING 	No default speaker specified in Preferences / Hardware, using first speaker found: Remote Audio
5.5346 	INFO 	Created stream for speaker device: Remote Audio (2.0)
5.5372 	EXP 	2back_diagram: status = STARTED
5.5709 	EXP 	Created fixation = TextStim(__class__=<class 'psychopy.visual.text.TextStim'>, alignHoriz=method-wrapper(...), alignText='center', alignVert=method-wrapper(...), anchorHoriz='center', anchorVert='center', antialias=True, autoDraw=False, autoLog=True, bold=False, color=array([1., 1., 1.]), colorSpace='rgb', contrast=1.0, depth=-1.0, draggable=False, flipHoriz=False, flipVert=False, font='Arial', fontFiles=[], height=0.05, italic=False, languageStyle='LTR', name='fixation', opacity=1, ori=0.0, pos=array([0., 0.]), rgb=UNKNOWN, text='', units='height', win=Window(...), wrapWidth=1)
5.5710 	EXP 	sound_stim: sampleRate = 44100
5.5710 	EXP 	sound_stim: channels = None
5.5720 	EXP 	Sound sound_stim set volume 1.000
5.5806 	EXP 	Created fixation2 = TextStim(__class__=<class 'psychopy.visual.text.TextStim'>, alignHoriz=method-wrapper(...), alignText='center', alignVert=method-wrapper(...), anchorHoriz='center', anchorVert='center', antialias=True, autoDraw=False, autoLog=True, bold=False, color=array([1., 1., 1.]), colorSpace='rgb', contrast=1.0, depth=-4.0, draggable=False, flipHoriz=False, flipVert=False, font='Arial', fontFiles=[], height=0.05, italic=False, languageStyle='LTR', name='fixation2', opacity=1, ori=0.0, pos=array([0., 0.]), rgb=UNKNOWN, text='Sound playing:', units='height', win=Window(...), wrapWidth=1)
5.5811 	EXP 	Created text = TextStim(__class__=<class 'psychopy.visual.text.TextStim'>, alignHoriz=method-wrapper(...), alignText='center', alignVert=method-wrapper(...), anchorHoriz='center', anchorVert='center', antialias=True, autoDraw=False, autoLog=True, bold=False, color=array([1., 1., 1.]), colorSpace='rgb', contrast=1.0, depth=-1.0, draggable=False, flipHoriz=False, flipVert=False, font='Arial', fontFiles=[], height=0.05, italic=False, languageStyle='LTR', name='text', opacity=1, ori=0.0, pos=array([0., 0.]), rgb=UNKNOWN, text='', units='height', win=Window(...), wrapWidth=1)
0.0019 	EXP 	New trial (rep=0, index=0): <Trial 0 (0 in rep 0) data={'thisN': 0, 'thisTrialN': 0, 'thisRepN': 0}>
0.0184 	EXP 	sound_stim: sampleRate = 48000
0.0221 	INFO 	Resampled audio from 48000Hz to 44100Hz using method 'default'.
0.0247 	EXP 	fixation: autoDraw = True
1.0568 	INFO 	saved data to c:\Users\Adyant Balaji\Documents\EEG\tinnitusExperiments\WorkingMemory\data\334881_2back_diagram_2025-10-16_14h42.57.999.psydat
1.0597 	INFO 	saved data to 'c:\\Users\\Adyant Balaji\\Documents\\EEG\\tinnitusExperiments\\WorkingMemory\\data\\334881_2back_diagram_2025-10-16_14h42.57.999.csv'
1.0678 	WARNING 	Stopping key buffers but this could be dangerous ifother keyboards rely on the same.
1.1655 	WARNING 	Stopping key buffers but this could be dangerous ifother keyboards rely on the same.
