4.6120 	DEBUG 	Fullscreen settings ignored as running in pilot mode.
4.6126 	INFO 	Loaded monitor calibration from ['2023_11_01 17:25']
4.7170 	EXP 	Created window1 = Window(allowGUI=True, allowStencil=False, autoLog=True, backendConf=UNKNOWN, backgroundFit=<method-wrapper '__getattribute__' of attributeSetter object at 0x00000251F3C619D0>, backgroundImage=<method-wrapper '__getattribute__' of attributeSetter object at 0x00000251F3C61970>, bitsMode=UNKNOWN, blendMode='avg', bpc=(8, 8, 8), color=array([0, 0, 0]), colorSpace='rgb', depthBits=8, fullscr=<method-wrapper '__getattribute__' of attributeSetter object at 0x00000251F3C617C0>, gamma=None, gammaErrorPolicy='raise', infoMsg=UNKNOWN, lms=UNKNOWN, monitor=<psychopy.monitors.calibTools.Monitor object at 0x00000251F81B6970>, multiSample=False, name='window1', numSamples=2, pos=[880.0, 420.0], screen=0, size=array([800, 600]), stencilBits=0, stereo=False, title='PsychoPy', units='height', useFBO=True, useRetina=False, viewOri=0.0, viewPos=None, viewScale=None, waitBlanking=True, winType='pyglet')
4.7170 	EXP 	window1: backgroundImage = ''
4.7170 	EXP 	window1: backgroundFit = 'none'
4.7171 	EXP 	window1: mouseVisible = <method-wrapper '__getattribute__' of attributeSetter object at 0x00000251F3C61AF0>
4.7173 	EXP 	window1: mouseVisible = <method-wrapper '__getattribute__' of attributeSetter object at 0x00000251F3C61AF0>
4.7183 	EXP 	window1: mouseVisible = <method-wrapper '__getattribute__' of attributeSetter object at 0x00000251F3C61AF0>
4.7186 	EXP 	window1: mouseVisible = <method-wrapper '__getattribute__' of attributeSetter object at 0x00000251F3C61AF0>
4.7216 	DEBUG 	TextBox2 loaded 1 chars with 0 blanks and 1 valid
4.7223 	DEBUG 	TextBox2 loaded 1 chars with 0 blanks and 1 valid
4.7230 	DEBUG 	TextBox2 loaded 1 chars with 0 blanks and 1 valid
4.7237 	DEBUG 	TextBox2 loaded 1 chars with 0 blanks and 1 valid
4.7245 	DEBUG 	TextBox2 loaded 1 chars with 0 blanks and 1 valid
4.7251 	DEBUG 	TextBox2 loaded 1 chars with 0 blanks and 1 valid
4.7257 	DEBUG 	TextBox2 loaded 1 chars with 0 blanks and 1 valid
4.7265 	DEBUG 	TextBox2 loaded 1 chars with 0 blanks and 1 valid
4.7269 	DEBUG 	TextBox2 loaded 1 chars with 0 blanks and 1 valid
4.7274 	DEBUG 	TextBox2 loaded 1 chars with 0 blanks and 1 valid
4.7281 	DEBUG 	TextBox2 loaded 1 chars with 0 blanks and 1 valid
4.7288 	DEBUG 	TextBox2 loaded 1 chars with 0 blanks and 1 valid
4.7295 	DEBUG 	TextBox2 loaded 1 chars with 0 blanks and 1 valid
4.7301 	DEBUG 	TextBox2 loaded 1 chars with 0 blanks and 1 valid
4.7307 	DEBUG 	TextBox2 loaded 1 chars with 0 blanks and 1 valid
4.7314 	DEBUG 	TextBox2 loaded 1 chars with 0 blanks and 1 valid
4.7320 	DEBUG 	TextBox2 loaded 1 chars with 0 blanks and 1 valid
4.7325 	DEBUG 	TextBox2 loaded 1 chars with 0 blanks and 1 valid
4.7330 	DEBUG 	TextBox2 loaded 1 chars with 0 blanks and 1 valid
4.7337 	DEBUG 	TextBox2 loaded 1 chars with 0 blanks and 1 valid
4.7342 	DEBUG 	TextBox2 loaded 1 chars with 0 blanks and 1 valid
4.7345 	DEBUG 	Uploading Texture Font fontname to graphics card
4.7379 	DEBUG 	Upload of Texture Font fontname complete
4.7388 	EXP 	window1: mouseVisible = <method-wrapper '__getattribute__' of attributeSetter object at 0x00000251F3C61AF0>
4.7389 	EXP 	window1: mouseVisible = <method-wrapper '__getattribute__' of attributeSetter object at 0x00000251F3C61AF0>
4.7392 	EXP 	window1: mouseVisible = <method-wrapper '__getattribute__' of attributeSetter object at 0x00000251F3C61AF0>
4.7395 	EXP 	window1: mouseVisible = <method-wrapper '__getattribute__' of attributeSetter object at 0x00000251F3C61AF0>
4.7420 	DEBUG 	TextBox2 loaded 1 chars with 0 blanks and 1 valid
4.7428 	DEBUG 	TextBox2 loaded 1 chars with 0 blanks and 1 valid
4.7437 	DEBUG 	TextBox2 loaded 1 chars with 0 blanks and 1 valid
4.7439 	DEBUG 	Uploading Texture Font fontname to graphics card
4.7462 	DEBUG 	Upload of Texture Font fontname complete
4.7474 	EXP 	window1: Attempting to measure frame rate of screen (0) ...
4.7474 	EXP 	window1: recordFrameIntervals = False
4.9135 	EXP 	window1: recordFrameIntervals = True
5.0969 	EXP 	Screen (0) actual frame rate measured at 59.96Hz
5.0970 	EXP 	window1: recordFrameIntervals = False
5.0972 	EXP 	window1: mouseVisible = False
5.0980 	EXP 	window1: mouseVisible = False
5.0983 	EXP 	window1: mouseVisible = False
5.1000 	EXP 	window1: mouseVisible = False
5.1014 	EXP 	window1: mouseVisible = False
5.1097 	DEBUG 	TextBox2 loaded 1 chars with 0 blanks and 1 valid
5.1107 	DEBUG 	TextBox2 loaded 1 chars with 0 blanks and 1 valid
5.1118 	DEBUG 	TextBox2 loaded 1 chars with 0 blanks and 1 valid
5.1129 	DEBUG 	TextBox2 loaded 1 chars with 0 blanks and 1 valid
5.1138 	DEBUG 	TextBox2 loaded 1 chars with 0 blanks and 1 valid
5.1146 	DEBUG 	TextBox2 loaded 1 chars with 0 blanks and 1 valid
5.1151 	DEBUG 	TextBox2 loaded 1 chars with 0 blanks and 1 valid
5.1158 	DEBUG 	TextBox2 loaded 1 chars with 0 blanks and 1 valid
5.1167 	DEBUG 	TextBox2 loaded 1 chars with 0 blanks and 1 valid
5.1174 	DEBUG 	TextBox2 loaded 1 chars with 0 blanks and 1 valid
5.1176 	DEBUG 	Uploading Texture Font fontname to graphics card
5.1180 	DEBUG 	Upload of Texture Font fontname complete
5.1189 	EXP 	window1: mouseVisible = False
5.1190 	EXP 	window1: mouseVisible = False
5.1193 	EXP 	window1: mouseVisible = False
5.1195 	EXP 	window1: mouseVisible = False
5.1501 	WARNING 	launchHubServer: If using the iohub mouse or eyetracker devices, fullScr should be True.
10.0371 	INFO 	keyboard.Keyboard is using iohub backend.
10.0371 	INFO 	keyboard.Keyboard is using iohub backend.
10.0377 	EXP 	2back_diagram: status = STARTED
10.0379 	EXP 	window1: mouseVisible = False
10.1181 	EXP 	Created fixation = TextStim(__class__=<class 'psychopy.visual.text.TextStim'>, alignHoriz=method-wrapper(...), alignText='center', alignVert=method-wrapper(...), anchorHoriz='center', anchorVert='center', antialias=True, autoDraw=False, autoLog=True, bold=False, color=array([1., 1., 1.]), colorSpace='rgb', contrast=1.0, depth=-1.0, draggable=False, flipHoriz=False, flipVert=False, font='Arial', fontFiles=[], height=0.05, italic=False, languageStyle='LTR', name='fixation', opacity=1.0, ori=0.0, pos=array([0., 0.]), rgb=UNKNOWN, text='', units='height', win=Window(...), wrapWidth=1)
10.1371 	EXP 	Sound sound_stim set volume 1.000
10.1372 	EXP 	window1: mouseVisible = False
10.1441 	EXP 	Created fixation2 = TextStim(__class__=<class 'psychopy.visual.text.TextStim'>, alignHoriz=method-wrapper(...), alignText='center', alignVert=method-wrapper(...), anchorHoriz='center', anchorVert='center', antialias=True, autoDraw=False, autoLog=True, bold=False, color=array([1., 1., 1.]), colorSpace='rgb', contrast=1.0, depth=-4.0, draggable=False, flipHoriz=False, flipVert=False, font='Arial', fontFiles=[], height=0.05, italic=False, languageStyle='LTR', name='fixation2', opacity=1.0, ori=0.0, pos=array([0., 0.]), rgb=UNKNOWN, text='Sound playing:', units='height', win=Window(...), wrapWidth=1)
10.1442 	EXP 	window1: mouseVisible = False
10.1448 	EXP 	Created text = TextStim(__class__=<class 'psychopy.visual.text.TextStim'>, alignHoriz=method-wrapper(...), alignText='center', alignVert=method-wrapper(...), anchorHoriz='center', anchorVert='center', antialias=True, autoDraw=False, autoLog=True, bold=False, color=array([1., 1., 1.]), colorSpace='rgb', contrast=1.0, depth=-1.0, draggable=False, flipHoriz=False, flipVert=False, font='Arial', fontFiles=[], height=0.05, italic=False, languageStyle='LTR', name='text', opacity=1.0, ori=0.0, pos=array([0., 0.]), rgb=UNKNOWN, text='', units='height', win=Window(...), wrapWidth=1)
0.0211 	EXP 	Created sequence: sequential, trialTypes=1, nReps=15, seed=None
0.0212 	EXP 	New trial (rep=0, index=0): None
0.0423 	EXP 	window1: mouseVisible = True
0.0431 	DEBUG 	Saving data for 2back_diagram ExperimentHandler
0.0437 	INFO 	saved data to C:\Users\Adyant Balaji\Downloads\nBack-20250729T003258Z-1-001\nBack\data/403838_2back_diagram_2025-07-28_17h42.14.982.psydat
0.0440 	INFO 	saved data to 'C:\\Users\\Adyant Balaji\\Downloads\\nBack-20250729T003258Z-1-001\\nBack\\data/403838_2back_diagram_2025-07-28_17h42.14.982.csv'
