0.7244 	WARNING 	Requested audio device 'Speakers (Logi USB Headset)' that is not available on this hardware. The 'audioDevice' preference should be one of ['Remote Audio']
3.0668 	INFO 	Loaded monitor calibration from ['2023_11_01 17:25']
3.0703 	WARNING 	User requested fullscreen with size [2560 1440], but screen is actually [1470, 919]. Using actual size
3.1373 	INFO 	Using renderer 'Intel(R) UHD Graphics 770' for graphics
3.1373 	INFO 	OpenGL version supported by driver is 4..
3.1461 	EXP 	Created window1 = Window(allowGUI=False, allowStencil=False, autoLog=True, backendConf=UNKNOWN, backgroundFit=<method-wrapper '__getattribute__' of attributeSetter object at 0x000001B9F08A0D30>, backgroundImage=<method-wrapper '__getattribute__' of attributeSetter object at 0x000001B9F08A0CD0>, bitsMode=UNKNOWN, blendMode='avg', bpc=(8, 8, 8), color=array([0, 0, 0]), colorSpace='rgb', depthBits=8, fullscr=True, gamma=None, gammaErrorPolicy='raise', infoMsg=UNKNOWN, lms=UNKNOWN, monitor=<psychopy.monitors.calibTools.Monitor object at 0x000001B9F0BEA100>, multiSample=False, name='window1', numSamples=2, pos=[0.0, 0.0], screen=0, size=array([1470,  919]), stencilBits=0, stereo=False, title='PsychoPy', units='height', useFBO=True, useRetina=False, viewOri=0.0, viewPos=None, viewScale=None, waitBlanking=True, winType='pyglet')
3.1461 	EXP 	window1: backgroundImage = ''
3.1461 	EXP 	window1: backgroundFit = 'none'
3.3615 	EXP 	window1: Attempting to measure frame rate of screen (0) ...
3.3616 	EXP 	window1: recordFrameIntervals = False
3.6472 	EXP 	window1: recordFrameIntervals = True
3.7084 	WARNING 	t of last frame was 29.99ms (=1/33)
3.7408 	WARNING 	t of last frame was 32.47ms (=1/30)
3.7720 	WARNING 	t of last frame was 31.16ms (=1/32)
3.8033 	WARNING 	t of last frame was 31.29ms (=1/31)
3.8343 	WARNING 	Multiple dropped frames have occurred - I'll stop bothering you about them!
3.9914 	EXP 	Screen (0) actual frame rate measured at 32.00Hz
3.9915 	EXP 	window1: recordFrameIntervals = False
5.2805 	INFO 	saved data to c:\Users\Adyant Balaji\Documents\EEG\tinnitusExperiments\WorkingMemory\data\413676_2back_diagram_2025-10-16_14h01.45.651.psydat
5.2820 	INFO 	saved data to 'c:\\Users\\Adyant Balaji\\Documents\\EEG\\tinnitusExperiments\\WorkingMemory\\data\\413676_2back_diagram_2025-10-16_14h01.45.651.csv'
