4.4660 	DEBUG 	Fullscreen settings ignored as running in pilot mode.
4.4666 	INFO 	Loaded monitor calibration from ['2023_11_01 17:25']
4.5778 	EXP 	Created window1 = Window(allowGUI=True, allowStencil=False, autoLog=True, backendConf=UNKNOWN, backgroundFit=<method-wrapper '__getattribute__' of attributeSetter object at 0x000001F36D6E0B20>, backgroundImage=<method-wrapper '__getattribute__' of attributeSetter object at 0x000001F36D6E0AC0>, bitsMode=UNKNOWN, blendMode='avg', bpc=(8, 8, 8), color=array([0, 0, 0]), colorSpace='rgb', depthBits=8, fullscr=<method-wrapper '__getattribute__' of attributeSetter object at 0x000001F36D6E0910>, gamma=None, gammaErrorPolicy='raise', infoMsg=UNKNOWN, lms=UNKNOWN, monitor=<psychopy.monitors.calibTools.Monitor object at 0x000001F371C75AC0>, multiSample=False, name='window1', numSamples=2, pos=[880.0, 420.0], screen=0, size=array([800, 600]), stencilBits=0, stereo=False, title='PsychoPy', units='height', useFBO=True, useRetina=False, viewOri=0.0, viewPos=None, viewScale=None, waitBlanking=True, winType='pyglet')
4.5778 	EXP 	window1: backgroundImage = ''
4.5778 	EXP 	window1: backgroundFit = 'none'
4.5780 	EXP 	window1: mouseVisible = <method-wrapper '__getattribute__' of attributeSetter object at 0x000001F36D6E0C40>
4.5781 	EXP 	window1: mouseVisible = <method-wrapper '__getattribute__' of attributeSetter object at 0x000001F36D6E0C40>
4.5793 	EXP 	window1: mouseVisible = <method-wrapper '__getattribute__' of attributeSetter object at 0x000001F36D6E0C40>
4.5796 	EXP 	window1: mouseVisible = <method-wrapper '__getattribute__' of attributeSetter object at 0x000001F36D6E0C40>
4.5828 	DEBUG 	TextBox2 loaded 1 chars with 0 blanks and 1 valid
4.5836 	DEBUG 	TextBox2 loaded 1 chars with 0 blanks and 1 valid
4.5842 	DEBUG 	TextBox2 loaded 1 chars with 0 blanks and 1 valid
4.5851 	DEBUG 	TextBox2 loaded 1 chars with 0 blanks and 1 valid
4.5859 	DEBUG 	TextBox2 loaded 1 chars with 0 blanks and 1 valid
4.5864 	DEBUG 	TextBox2 loaded 1 chars with 0 blanks and 1 valid
4.5871 	DEBUG 	TextBox2 loaded 1 chars with 0 blanks and 1 valid
4.5878 	DEBUG 	TextBox2 loaded 1 chars with 0 blanks and 1 valid
4.5883 	DEBUG 	TextBox2 loaded 1 chars with 0 blanks and 1 valid
4.5887 	DEBUG 	TextBox2 loaded 1 chars with 0 blanks and 1 valid
4.5894 	DEBUG 	TextBox2 loaded 1 chars with 0 blanks and 1 valid
4.5900 	DEBUG 	TextBox2 loaded 1 chars with 0 blanks and 1 valid
4.5906 	DEBUG 	TextBox2 loaded 1 chars with 0 blanks and 1 valid
4.5913 	DEBUG 	TextBox2 loaded 1 chars with 0 blanks and 1 valid
4.5919 	DEBUG 	TextBox2 loaded 1 chars with 0 blanks and 1 valid
4.5925 	DEBUG 	TextBox2 loaded 1 chars with 0 blanks and 1 valid
4.5931 	DEBUG 	TextBox2 loaded 1 chars with 0 blanks and 1 valid
4.5938 	DEBUG 	TextBox2 loaded 1 chars with 0 blanks and 1 valid
4.5943 	DEBUG 	TextBox2 loaded 1 chars with 0 blanks and 1 valid
4.5951 	DEBUG 	TextBox2 loaded 1 chars with 0 blanks and 1 valid
4.5957 	DEBUG 	TextBox2 loaded 1 chars with 0 blanks and 1 valid
4.5959 	DEBUG 	Uploading Texture Font fontname to graphics card
4.5992 	DEBUG 	Upload of Texture Font fontname complete
4.6002 	EXP 	window1: mouseVisible = <method-wrapper '__getattribute__' of attributeSetter object at 0x000001F36D6E0C40>
4.6003 	EXP 	window1: mouseVisible = <method-wrapper '__getattribute__' of attributeSetter object at 0x000001F36D6E0C40>
4.6006 	EXP 	window1: mouseVisible = <method-wrapper '__getattribute__' of attributeSetter object at 0x000001F36D6E0C40>
4.6009 	EXP 	window1: mouseVisible = <method-wrapper '__getattribute__' of attributeSetter object at 0x000001F36D6E0C40>
4.6034 	DEBUG 	TextBox2 loaded 1 chars with 0 blanks and 1 valid
4.6042 	DEBUG 	TextBox2 loaded 1 chars with 0 blanks and 1 valid
4.6049 	DEBUG 	TextBox2 loaded 1 chars with 0 blanks and 1 valid
4.6051 	DEBUG 	Uploading Texture Font fontname to graphics card
4.6073 	DEBUG 	Upload of Texture Font fontname complete
4.6084 	EXP 	window1: Attempting to measure frame rate of screen (0) ...
4.6084 	EXP 	window1: recordFrameIntervals = False
4.7839 	EXP 	window1: recordFrameIntervals = True
4.9655 	EXP 	Screen (0) actual frame rate measured at 60.03Hz
4.9656 	EXP 	window1: recordFrameIntervals = False
4.9657 	EXP 	window1: mouseVisible = False
4.9667 	EXP 	window1: mouseVisible = False
4.9671 	EXP 	window1: mouseVisible = False
4.9688 	EXP 	window1: mouseVisible = False
4.9702 	EXP 	window1: mouseVisible = False
4.9782 	DEBUG 	TextBox2 loaded 1 chars with 0 blanks and 1 valid
4.9793 	DEBUG 	TextBox2 loaded 1 chars with 0 blanks and 1 valid
4.9806 	DEBUG 	TextBox2 loaded 1 chars with 0 blanks and 1 valid
4.9817 	DEBUG 	TextBox2 loaded 1 chars with 0 blanks and 1 valid
4.9825 	DEBUG 	TextBox2 loaded 1 chars with 0 blanks and 1 valid
4.9835 	DEBUG 	TextBox2 loaded 1 chars with 0 blanks and 1 valid
4.9841 	DEBUG 	TextBox2 loaded 1 chars with 0 blanks and 1 valid
4.9849 	DEBUG 	TextBox2 loaded 1 chars with 0 blanks and 1 valid
4.9857 	DEBUG 	TextBox2 loaded 1 chars with 0 blanks and 1 valid
4.9865 	DEBUG 	TextBox2 loaded 1 chars with 0 blanks and 1 valid
4.9867 	DEBUG 	Uploading Texture Font fontname to graphics card
4.9873 	DEBUG 	Upload of Texture Font fontname complete
4.9883 	EXP 	window1: mouseVisible = False
4.9884 	EXP 	window1: mouseVisible = False
4.9888 	EXP 	window1: mouseVisible = False
4.9890 	EXP 	window1: mouseVisible = False
5.0195 	WARNING 	launchHubServer: If using the iohub mouse or eyetracker devices, fullScr should be True.
9.9042 	INFO 	keyboard.Keyboard is using iohub backend.
9.9042 	INFO 	keyboard.Keyboard is using iohub backend.
9.9048 	EXP 	2back_diagram: status = STARTED
9.9050 	EXP 	window1: mouseVisible = False
9.9746 	EXP 	Created fixation = TextStim(__class__=<class 'psychopy.visual.text.TextStim'>, alignHoriz=method-wrapper(...), alignText='center', alignVert=method-wrapper(...), anchorHoriz='center', anchorVert='center', antialias=True, autoDraw=False, autoLog=True, bold=False, color=array([1., 1., 1.]), colorSpace='rgb', contrast=1.0, depth=-1.0, draggable=False, flipHoriz=False, flipVert=False, font='Arial', fontFiles=[], height=0.05, italic=False, languageStyle='LTR', name='fixation', opacity=1.0, ori=0.0, pos=array([0., 0.]), rgb=UNKNOWN, text='', units='height', win=Window(...), wrapWidth=1)
9.9926 	EXP 	Sound sound_stim set volume 1.000
9.9928 	EXP 	window1: mouseVisible = False
10.0003 	EXP 	Created fixation2 = TextStim(__class__=<class 'psychopy.visual.text.TextStim'>, alignHoriz=method-wrapper(...), alignText='center', alignVert=method-wrapper(...), anchorHoriz='center', anchorVert='center', antialias=True, autoDraw=False, autoLog=True, bold=False, color=array([1., 1., 1.]), colorSpace='rgb', contrast=1.0, depth=-4.0, draggable=False, flipHoriz=False, flipVert=False, font='Arial', fontFiles=[], height=0.05, italic=False, languageStyle='LTR', name='fixation2', opacity=1.0, ori=0.0, pos=array([0., 0.]), rgb=UNKNOWN, text='Sound playing:', units='height', win=Window(...), wrapWidth=1)
10.0004 	EXP 	window1: mouseVisible = False
10.0010 	EXP 	Created text = TextStim(__class__=<class 'psychopy.visual.text.TextStim'>, alignHoriz=method-wrapper(...), alignText='center', alignVert=method-wrapper(...), anchorHoriz='center', anchorVert='center', antialias=True, autoDraw=False, autoLog=True, bold=False, color=array([1., 1., 1.]), colorSpace='rgb', contrast=1.0, depth=-1.0, draggable=False, flipHoriz=False, flipVert=False, font='Arial', fontFiles=[], height=0.05, italic=False, languageStyle='LTR', name='text', opacity=1.0, ori=0.0, pos=array([0., 0.]), rgb=UNKNOWN, text='', units='height', win=Window(...), wrapWidth=1)
0.0172 	EXP 	Created sequence: sequential, trialTypes=1, nReps=15, seed=None
0.0173 	EXP 	New trial (rep=0, index=0): None
0.0467 	EXP 	window1: mouseVisible = True
0.0476 	DEBUG 	Saving data for 2back_diagram ExperimentHandler
0.0484 	INFO 	saved data to C:\Users\Adyant Balaji\Downloads\nBack-20250729T003258Z-1-001\nBack\data/600693_2back_diagram_2025-07-28_17h43.08.951.psydat
0.0490 	INFO 	saved data to 'C:\\Users\\Adyant Balaji\\Downloads\\nBack-20250729T003258Z-1-001\\nBack\\data/600693_2back_diagram_2025-07-28_17h43.08.951.csv'
