2.2318 	INFO 	Loaded monitor calibration from ['2023_11_01 17:25']
2.3046 	INFO 	Using renderer 'Intel(R) UHD Graphics 770' for graphics
2.3046 	INFO 	OpenGL version supported by driver is 4..
2.3133 	EXP 	Created window1 = Window(allowGUI=False, allowStencil=False, autoLog=True, backendConf=UNKNOWN, backgroundFit=<method-wrapper '__getattribute__' of attributeSetter object at 0x0000020D022ADCD0>, backgroundImage=<method-wrapper '__getattribute__' of attributeSetter object at 0x0000020D022ADC70>, bitsMode=UNKNOWN, blendMode='avg', bpc=(8, 8, 8), color=array([0, 0, 0]), colorSpace='rgb', depthBits=8, fullscr=True, gamma=None, gammaErrorPolicy='raise', infoMsg=UNKNOWN, lms=UNKNOWN, monitor=<psychopy.monitors.calibTools.Monitor object at 0x0000020D025F90A0>, multiSample=False, name='window1', numSamples=2, pos=[0.0, 0.0], screen=0, size=array([1470,  919]), stencilBits=0, stereo=False, title='PsychoPy', units='height', useFBO=True, useRetina=False, viewOri=0.0, viewPos=None, viewScale=None, waitBlanking=True, winType='pyglet')
2.3133 	EXP 	window1: backgroundImage = ''
2.3133 	EXP 	window1: backgroundFit = 'none'
2.5337 	EXP 	window1: Attempting to measure frame rate of screen (0) ...
2.5337 	EXP 	window1: recordFrameIntervals = False
2.8110 	EXP 	window1: recordFrameIntervals = True
2.8734 	WARNING 	t of last frame was 31.64ms (=1/31)
2.9049 	WARNING 	t of last frame was 31.53ms (=1/31)
2.9357 	WARNING 	t of last frame was 30.74ms (=1/32)
2.9668 	WARNING 	t of last frame was 31.13ms (=1/32)
2.9984 	WARNING 	Multiple dropped frames have occurred - I'll stop bothering you about them!
3.1553 	EXP 	Screen (0) actual frame rate measured at 31.94Hz
3.1554 	EXP 	window1: recordFrameIntervals = False
3.2467 	INFO 	keyboard.Keyboard is using ptb backend.
3.2468 	INFO 	keyboard.Keyboard is using ptb backend.
3.2671 	WARNING 	No default speaker specified in Preferences / Hardware, using first speaker found: Remote Audio
3.3996 	INFO 	Created stream for speaker device: Remote Audio (2.0)
3.4026 	EXP 	2back_diagram: status = STARTED
3.4786 	EXP 	Created fixation = TextStim(__class__=<class 'psychopy.visual.text.TextStim'>, alignHoriz=method-wrapper(...), alignText='center', alignVert=method-wrapper(...), anchorHoriz='center', anchorVert='center', antialias=True, autoDraw=False, autoLog=True, bold=False, color=array([1., 1., 1.]), colorSpace='rgb', contrast=1.0, depth=-1.0, draggable=False, flipHoriz=False, flipVert=False, font='Arial', fontFiles=[], height=0.05, italic=False, languageStyle='LTR', name='fixation', opacity=1, ori=0.0, pos=array([0., 0.]), rgb=UNKNOWN, text='', units='height', win=Window(...), wrapWidth=1)
3.4787 	EXP 	sound_stim: sampleRate = 44100
3.4787 	EXP 	sound_stim: channels = None
3.4796 	EXP 	Sound sound_stim set volume 1.000
3.4913 	EXP 	Created fixation2 = TextStim(__class__=<class 'psychopy.visual.text.TextStim'>, alignHoriz=method-wrapper(...), alignText='center', alignVert=method-wrapper(...), anchorHoriz='center', anchorVert='center', antialias=True, autoDraw=False, autoLog=True, bold=False, color=array([1., 1., 1.]), colorSpace='rgb', contrast=1.0, depth=-4.0, draggable=False, flipHoriz=False, flipVert=False, font='Arial', fontFiles=[], height=0.05, italic=False, languageStyle='LTR', name='fixation2', opacity=1, ori=0.0, pos=array([0., 0.]), rgb=UNKNOWN, text='Sound playing:', units='height', win=Window(...), wrapWidth=1)
3.4917 	EXP 	Created text = TextStim(__class__=<class 'psychopy.visual.text.TextStim'>, alignHoriz=method-wrapper(...), alignText='center', alignVert=method-wrapper(...), anchorHoriz='center', anchorVert='center', antialias=True, autoDraw=False, autoLog=True, bold=False, color=array([1., 1., 1.]), colorSpace='rgb', contrast=1.0, depth=-1.0, draggable=False, flipHoriz=False, flipVert=False, font='Arial', fontFiles=[], height=0.05, italic=False, languageStyle='LTR', name='text', opacity=1, ori=0.0, pos=array([0., 0.]), rgb=UNKNOWN, text='', units='height', win=Window(...), wrapWidth=1)
0.0020 	EXP 	New trial (rep=0, index=0): <Trial 0 (0 in rep 0) data={'thisN': 0, 'thisTrialN': 0, 'thisRepN': 0}>
0.0085 	EXP 	sound_stim: sampleRate = 48000
0.0116 	INFO 	Resampled audio from 48000Hz to 44100Hz using method 'default'.
0.0304 	INFO 	saved data to c:\Users\Adyant Balaji\Documents\EEG\tinnitusExperiments\WorkingMemory\data\788020_2back_diagram_2025-10-16_14h30.08.270.psydat
0.0314 	INFO 	saved data to 'c:\\Users\\Adyant Balaji\\Documents\\EEG\\tinnitusExperiments\\WorkingMemory\\data\\788020_2back_diagram_2025-10-16_14h30.08.270.csv'
0.0398 	WARNING 	Stopping key buffers but this could be dangerous ifother keyboards rely on the same.
0.0570 	WARNING 	Stopping key buffers but this could be dangerous ifother keyboards rely on the same.
