5.2770 	INFO 	Loaded monitor calibration from ['2023_11_01 17:25']
5.2820 	WARNING 	User requested fullscreen with size [1470  919], but screen is actually [2560, 1440]. Using actual size
5.7635 	INFO 	Using renderer 'Intel(R) UHD Graphics 770' for graphics
5.7635 	INFO 	OpenGL version supported by driver is 4..
5.9218 	EXP 	Created window1 = Window(allowGUI=False, allowStencil=False, autoLog=True, backendConf=UNKNOWN, backgroundFit=<method-wrapper '__getattribute__' of attributeSetter object at 0x000001CC1787ECA0>, backgroundImage=<method-wrapper '__getattribute__' of attributeSetter object at 0x000001CC1787EC40>, bitsMode=UNKNOWN, blendMode='avg', bpc=(8, 8, 8), color=array([0, 0, 0]), colorSpace='rgb', depthBits=8, fullscr=True, gamma=None, gammaErrorPolicy='raise', infoMsg=UNKNOWN, lms=UNKNOWN, monitor=<psychopy.monitors.calibTools.Monitor object at 0x000001CC17BD9070>, multiSample=False, name='window1', numSamples=2, pos=[0.0, 0.0], screen=0, size=array([2560, 1440]), stencilBits=0, stereo=False, title='PsychoPy', units='height', useFBO=True, useRetina=False, viewOri=0.0, viewPos=None, viewScale=None, waitBlanking=True, winType='pyglet')
5.9219 	EXP 	window1: backgroundImage = ''
5.9219 	EXP 	window1: backgroundFit = 'none'
6.2251 	EXP 	window1: Attempting to measure frame rate of screen (0) ...
6.2251 	EXP 	window1: recordFrameIntervals = False
6.3587 	EXP 	window1: recordFrameIntervals = True
6.5425 	EXP 	Screen (0) actual frame rate measured at 59.93Hz
6.5425 	EXP 	window1: recordFrameIntervals = False
6.6327 	INFO 	keyboard.Keyboard is using ptb backend.
6.6328 	INFO 	keyboard.Keyboard is using ptb backend.
6.6699 	WARNING 	No default speaker specified in Preferences / Hardware, using first speaker found: Speakers (Logi USB Headset)
6.6931 	INFO 	Created stream for speaker device: Speakers (Logi USB Headset) (8.0)
6.6939 	EXP 	2back_diagram: status = STARTED
6.7178 	EXP 	Created fixation = TextStim(__class__=<class 'psychopy.visual.text.TextStim'>, alignHoriz=method-wrapper(...), alignText='center', alignVert=method-wrapper(...), anchorHoriz='center', anchorVert='center', antialias=True, autoDraw=False, autoLog=True, bold=False, color=array([1., 1., 1.]), colorSpace='rgb', contrast=1.0, depth=-1.0, draggable=False, flipHoriz=False, flipVert=False, font='Arial', fontFiles=[], height=0.05, italic=False, languageStyle='LTR', name='fixation', opacity=1, ori=0.0, pos=array([0., 0.]), rgb=UNKNOWN, text='', units='height', win=Window(...), wrapWidth=1)
6.7178 	EXP 	sound_stim: sampleRate = 48000
6.7179 	EXP 	sound_stim: channels = None
6.7188 	EXP 	Sound sound_stim set volume 1.000
6.7313 	EXP 	Created fixation2 = TextStim(__class__=<class 'psychopy.visual.text.TextStim'>, alignHoriz=method-wrapper(...), alignText='center', alignVert=method-wrapper(...), anchorHoriz='center', anchorVert='center', antialias=True, autoDraw=False, autoLog=True, bold=False, color=array([1., 1., 1.]), colorSpace='rgb', contrast=1.0, depth=-4.0, draggable=False, flipHoriz=False, flipVert=False, font='Arial', fontFiles=[], height=0.05, italic=False, languageStyle='LTR', name='fixation2', opacity=1, ori=0.0, pos=array([0., 0.]), rgb=UNKNOWN, text='Sound playing:', units='height', win=Window(...), wrapWidth=1)
6.7317 	EXP 	Created text = TextStim(__class__=<class 'psychopy.visual.text.TextStim'>, alignHoriz=method-wrapper(...), alignText='center', alignVert=method-wrapper(...), anchorHoriz='center', anchorVert='center', antialias=True, autoDraw=False, autoLog=True, bold=False, color=array([1., 1., 1.]), colorSpace='rgb', contrast=1.0, depth=-1.0, draggable=False, flipHoriz=False, flipVert=False, font='Arial', fontFiles=[], height=0.05, italic=False, languageStyle='LTR', name='text', opacity=1, ori=0.0, pos=array([0., 0.]), rgb=UNKNOWN, text='', units='height', win=Window(...), wrapWidth=1)
0.0021 	EXP 	New trial (rep=0, index=0): <Trial 0 (0 in rep 0) data={'thisN': 0, 'thisTrialN': 0, 'thisRepN': 0}>
0.0091 	EXP 	sound_stim: sampleRate = 48000
0.0118 	EXP 	fixation: autoDraw = True
1.0118 	INFO 	Keyboard events cleared
1.0117 	EXP 	fixation: autoDraw = False
1.0117 	EXP 	fixation2: autoDraw = True
1.0120 	EXP 	Sound sound_stim reached end of file
1.0120 	EXP 	Playing sound sound_stim on speaker Speakers (Logi USB Headset)
1.6606 	EXP 	Sound sound_stim reached end of file
1.6627 	EXP 	Sound sound_stim reached end of file
2.4971 	EXP 	New trial (rep=1, index=0): <Trial 1 (0 in rep 1) data={'thisN': 1, 'thisTrialN': 0, 'thisRepN': 1}>
2.5273 	EXP 	sound_stim: sampleRate = 48000
2.5323 	EXP 	fixation2: autoDraw = False
2.5323 	EXP 	fixation: autoDraw = False
2.5323 	EXP 	fixation2: autoDraw = False
2.5323 	EXP 	fixation: autoDraw = True
3.5141 	INFO 	Keyboard events cleared
3.5139 	EXP 	fixation2: autoDraw = True
3.5146 	EXP 	Sound sound_stim reached end of file
3.5147 	EXP 	Playing sound sound_stim on speaker Speakers (Logi USB Headset)
3.5473 	EXP 	fixation: autoDraw = False
4.2270 	EXP 	Sound sound_stim reached end of file
4.2314 	EXP 	Sound sound_stim reached end of file
4.9991 	EXP 	New trial (rep=2, index=0): <Trial 2 (0 in rep 2) data={'thisN': 2, 'thisTrialN': 0, 'thisRepN': 2}>
5.0168 	EXP 	sound_stim: sampleRate = 48000
5.0194 	EXP 	fixation2: autoDraw = False
5.0194 	EXP 	fixation: autoDraw = False
5.0194 	EXP 	fixation2: autoDraw = False
5.0194 	EXP 	fixation: autoDraw = True
5.9995 	INFO 	Keyboard events cleared
5.9993 	EXP 	fixation2: autoDraw = True
6.0001 	EXP 	Sound sound_stim reached end of file
6.0002 	EXP 	Playing sound sound_stim on speaker Speakers (Logi USB Headset)
6.0326 	EXP 	fixation: autoDraw = False
6.7034 	EXP 	Sound sound_stim reached end of file
6.7168 	EXP 	Sound sound_stim reached end of file
7.4849 	EXP 	New trial (rep=3, index=0): <Trial 3 (0 in rep 3) data={'thisN': 3, 'thisTrialN': 0, 'thisRepN': 3}>
7.4960 	EXP 	sound_stim: sampleRate = 48000
7.5003 	EXP 	fixation2: autoDraw = False
7.5003 	EXP 	fixation: autoDraw = False
7.5003 	EXP 	fixation2: autoDraw = False
7.5003 	EXP 	fixation: autoDraw = True
7.8934 	EXP 	Device response: <KeyPress from None: t=7.865277599999899, value=escape, duration=None>
7.8945 	DATA 	Keypress: escape
7.9514 	EXP 	Device response: <KeyPress from None: t=7.865277599999899, value=escape, duration=0.07307849999961036>
7.9515 	EXP 	2back_diagram: status = STOPPED
7.9676 	EXP 	fixation: autoDraw = False
7.9678 	EXP 	2back_diagram: status = STOPPED
7.9779 	INFO 	saved data to 'c:\\Users\\Adyant Balaji\\Documents\\EEG\\tinnitusExperiments\\WorkingMemory\\data\\905684_2back_diagram_2025-10-28_11h10.48.090.csv'
7.9802 	INFO 	saved data to c:\Users\Adyant Balaji\Documents\EEG\tinnitusExperiments\WorkingMemory\data\905684_2back_diagram_2025-10-28_11h10.48.090.psydat
8.3623 	WARNING 	Stopping key buffers but this could be dangerous ifother keyboards rely on the same.
8.4418 	WARNING 	Stopping key buffers but this could be dangerous ifother keyboards rely on the same.
