12.5634 	DEBUG 	Fullscreen settings ignored as running in pilot mode.
12.5650 	INFO 	Loaded monitor calibration from ['2025_07_24 15:50']
12.7903 	EXP 	Created window1 = Window(allowGUI=False, allowStencil=False, autoLog=True, backendConf=UNKNOWN, backgroundFit=<method-wrapper '__getattribute__' of attributeSetter object at 0x157382c50>, backgroundImage=<method-wrapper '__getattribute__' of attributeSetter object at 0x157383070>, bitsMode=UNKNOWN, blendMode='avg', bpc=(8, 8, 8), color=array([0, 0, 0]), colorSpace='rgb', depthBits=8, fullscr=False, gamma=None, gammaErrorPolicy='raise', infoMsg=UNKNOWN, lms=UNKNOWN, monitor=<psychopy.monitors.calibTools.Monitor object at 0x15734af80>, multiSample=False, name='window1', numSamples=2, pos=[356.0, 191.0], screen=0, size=array([1600, 1200]), stencilBits=0, stereo=False, title='PsychoPy', units='height', useFBO=True, useRetina=True, viewOri=0.0, viewPos=None, viewScale=None, waitBlanking=True, winType='pyglet')
12.7903 	EXP 	window1: backgroundImage = ''
12.7904 	EXP 	window1: backgroundFit = 'none'
12.7997 	DEBUG 	TextBox2 loaded 1 chars with 0 blanks and 1 valid
12.8005 	DEBUG 	TextBox2 loaded 1 chars with 0 blanks and 1 valid
12.8013 	DEBUG 	TextBox2 loaded 1 chars with 0 blanks and 1 valid
12.8023 	DEBUG 	TextBox2 loaded 1 chars with 0 blanks and 1 valid
12.8032 	DEBUG 	TextBox2 loaded 1 chars with 0 blanks and 1 valid
12.8036 	DEBUG 	TextBox2 loaded 1 chars with 0 blanks and 1 valid
12.8044 	DEBUG 	TextBox2 loaded 1 chars with 0 blanks and 1 valid
12.8054 	DEBUG 	TextBox2 loaded 1 chars with 0 blanks and 1 valid
12.8056 	DEBUG 	TextBox2 loaded 1 chars with 0 blanks and 1 valid
12.8059 	DEBUG 	TextBox2 loaded 1 chars with 0 blanks and 1 valid
12.8066 	DEBUG 	TextBox2 loaded 1 chars with 0 blanks and 1 valid
12.8073 	DEBUG 	TextBox2 loaded 1 chars with 0 blanks and 1 valid
12.8080 	DEBUG 	TextBox2 loaded 1 chars with 0 blanks and 1 valid
12.8087 	DEBUG 	TextBox2 loaded 1 chars with 0 blanks and 1 valid
12.8093 	DEBUG 	TextBox2 loaded 1 chars with 0 blanks and 1 valid
12.8101 	DEBUG 	TextBox2 loaded 1 chars with 0 blanks and 1 valid
12.8108 	DEBUG 	TextBox2 loaded 1 chars with 0 blanks and 1 valid
12.8112 	DEBUG 	TextBox2 loaded 1 chars with 0 blanks and 1 valid
12.8116 	DEBUG 	TextBox2 loaded 1 chars with 0 blanks and 1 valid
12.8126 	DEBUG 	TextBox2 loaded 1 chars with 0 blanks and 1 valid
12.8130 	DEBUG 	TextBox2 loaded 1 chars with 0 blanks and 1 valid
12.8133 	DEBUG 	Uploading Texture Font fontname to graphics card
12.8174 	DEBUG 	Upload of Texture Font fontname complete
12.8245 	DEBUG 	TextBox2 loaded 1 chars with 0 blanks and 1 valid
12.8255 	DEBUG 	TextBox2 loaded 1 chars with 0 blanks and 1 valid
12.8265 	DEBUG 	TextBox2 loaded 1 chars with 0 blanks and 1 valid
12.8267 	DEBUG 	Uploading Texture Font fontname to graphics card
12.8294 	DEBUG 	Upload of Texture Font fontname complete
12.8314 	EXP 	window1: Attempting to measure frame rate of screen (0) ...
12.8314 	EXP 	window1: recordFrameIntervals = False
13.0634 	EXP 	window1: recordFrameIntervals = True
13.2468 	WARNING 	t of last frame was 23.48ms (=1/42)
13.3149 	WARNING 	t of last frame was 24.73ms (=1/40)
13.4148 	WARNING 	t of last frame was 24.47ms (=1/40)
13.4483 	WARNING 	t of last frame was 24.95ms (=1/40)
13.4815 	WARNING 	Multiple dropped frames have occurred - I'll stop bothering you about them!
14.5663 	EXP 	Screen (0) actual frame rate measured at 59.80Hz
14.5664 	EXP 	window1: recordFrameIntervals = False
14.5841 	DEBUG 	TextBox2 loaded 1 chars with 0 blanks and 1 valid
14.5851 	DEBUG 	TextBox2 loaded 1 chars with 0 blanks and 1 valid
14.5867 	DEBUG 	TextBox2 loaded 1 chars with 0 blanks and 1 valid
14.5887 	DEBUG 	TextBox2 loaded 1 chars with 0 blanks and 1 valid
14.5905 	DEBUG 	TextBox2 loaded 1 chars with 0 blanks and 1 valid
14.5923 	DEBUG 	TextBox2 loaded 1 chars with 0 blanks and 1 valid
14.5930 	DEBUG 	TextBox2 loaded 1 chars with 0 blanks and 1 valid
14.5944 	DEBUG 	TextBox2 loaded 1 chars with 0 blanks and 1 valid
14.5960 	DEBUG 	TextBox2 loaded 1 chars with 0 blanks and 1 valid
14.5975 	DEBUG 	TextBox2 loaded 1 chars with 0 blanks and 1 valid
14.5979 	DEBUG 	Uploading Texture Font fontname to graphics card
14.6016 	DEBUG 	Upload of Texture Font fontname complete
14.6223 	WARNING 	launchHubServer: If using the iohub mouse or eyetracker devices, fullScr should be True.
17.0550 	INFO 	keyboard.Keyboard is using iohub backend.
17.0550 	INFO 	keyboard.Keyboard is using iohub backend.
17.0696 	EXP 	2back_diagram: status = STARTED
17.0897 	EXP 	Created fixation = TextStim(__class__=<class 'psychopy.visual.text.TextStim'>, alignHoriz=method-wrapper(...), alignText='center', alignVert=method-wrapper(...), anchorHoriz='center', anchorVert='center', antialias=True, autoDraw=False, autoLog=True, bold=False, color=array([1., 1., 1.]), colorSpace='rgb', contrast=1.0, depth=-1.0, draggable=False, flipHoriz=False, flipVert=False, font='Arial', fontFiles=[], height=0.05, italic=False, languageStyle='LTR', name='fixation', opacity=1, ori=0.0, pos=array([0., 0.]), rgb=UNKNOWN, text='', units='height', win=Window(...), wrapWidth=1)
17.1359 	EXP 	Sound sound_stim set volume 1.000
17.1502 	EXP 	Created fixation2 = TextStim(__class__=<class 'psychopy.visual.text.TextStim'>, alignHoriz=method-wrapper(...), alignText='center', alignVert=method-wrapper(...), anchorHoriz='center', anchorVert='center', antialias=True, autoDraw=False, autoLog=True, bold=False, color=array([1., 1., 1.]), colorSpace='rgb', contrast=1.0, depth=-4.0, draggable=False, flipHoriz=False, flipVert=False, font='Arial', fontFiles=[], height=0.05, italic=False, languageStyle='LTR', name='fixation2', opacity=1, ori=0.0, pos=array([0., 0.]), rgb=UNKNOWN, text='Sound playing:', units='height', win=Window(...), wrapWidth=1)
17.1509 	EXP 	Created text = TextStim(__class__=<class 'psychopy.visual.text.TextStim'>, alignHoriz=method-wrapper(...), alignText='center', alignVert=method-wrapper(...), anchorHoriz='center', anchorVert='center', antialias=True, autoDraw=False, autoLog=True, bold=False, color=array([1., 1., 1.]), colorSpace='rgb', contrast=1.0, depth=-1.0, draggable=False, flipHoriz=False, flipVert=False, font='Arial', fontFiles=[], height=0.05, italic=False, languageStyle='LTR', name='text', opacity=1, ori=0.0, pos=array([0., 0.]), rgb=UNKNOWN, text='', units='height', win=Window(...), wrapWidth=1)
0.0365 	EXP 	New trial (rep=0, index=0): <Trial 0 (0 in rep 0) data={'thisN': 0, 'thisTrialN': 0, 'thisRepN': 0}>
0.0411 	EXP 	fixation: autoDraw = True
1.0056 	INFO 	Keyboard events cleared
1.0051 	EXP 	fixation2: autoDraw = True
1.0077 	EXP 	Sound sound_stim reached end of file
1.0077 	EXP 	Sound sound_stim started
1.0454 	EXP 	fixation: autoDraw = False
1.1309 	EXP 	Sound sound_stim reached end of file
1.1474 	EXP 	Sound sound_stim reached end of file
2.5090 	EXP 	fixation2: autoDraw = False
2.5090 	EXP 	fixation: autoDraw = False
2.5090 	EXP 	fixation2: autoDraw = False
2.5090 	EXP 	text: height = 0.05
2.5090 	EXP 	text: height = 0.05
2.5090 	EXP 	text: height = 0.05
2.5090 	EXP 	text: text = 'Accuracy: 100.0%'
2.5090 	EXP 	text: autoDraw = True
7.5133 	EXP 	text: autoDraw = False
7.5133 	EXP 	text: autoDraw = False
7.5173 	EXP 	2back_diagram: status = STOPPED
7.5198 	INFO 	saved data to '/Users/ginkgocauwenberghs/Desktop/nBack/data/Billy5_2back_diagram_2025-07-25_17h20.08.970.csv'
7.5205 	INFO 	saved data to /Users/ginkgocauwenberghs/Desktop/nBack/data/Billy5_2back_diagram_2025-07-25_17h20.08.970.psydat
8.1668 	DEBUG 	Saving data for 2back_diagram ExperimentHandler
