10.9226 	DEBUG 	Fullscreen settings ignored as running in pilot mode.
10.9245 	INFO 	Loaded monitor calibration from ['2025_07_24 15:50']
11.1438 	EXP 	Created window1 = Window(allowGUI=False, allowStencil=False, autoLog=True, backendConf=UNKNOWN, backgroundFit=<method-wrapper '__getattribute__' of attributeSetter object at 0x154c439d0>, backgroundImage=<method-wrapper '__getattribute__' of attributeSetter object at 0x154c43a30>, bitsMode=UNKNOWN, blendMode='avg', bpc=(8, 8, 8), color=array([0, 0, 0]), colorSpace='rgb', depthBits=8, fullscr=False, gamma=None, gammaErrorPolicy='raise', infoMsg=UNKNOWN, lms=UNKNOWN, monitor=<psychopy.monitors.calibTools.Monitor object at 0x154cd37c0>, multiSample=False, name='window1', numSamples=2, pos=[356.0, 191.0], screen=0, size=array([1600, 1200]), stencilBits=0, stereo=False, title='PsychoPy', units='height', useFBO=True, useRetina=True, viewOri=0.0, viewPos=None, viewScale=None, waitBlanking=True, winType='pyglet')
11.1439 	EXP 	window1: backgroundImage = ''
11.1439 	EXP 	window1: backgroundFit = 'none'
11.1539 	DEBUG 	TextBox2 loaded 1 chars with 0 blanks and 1 valid
11.1547 	DEBUG 	TextBox2 loaded 1 chars with 0 blanks and 1 valid
11.1555 	DEBUG 	TextBox2 loaded 1 chars with 0 blanks and 1 valid
11.1565 	DEBUG 	TextBox2 loaded 1 chars with 0 blanks and 1 valid
11.1575 	DEBUG 	TextBox2 loaded 1 chars with 0 blanks and 1 valid
11.1579 	DEBUG 	TextBox2 loaded 1 chars with 0 blanks and 1 valid
11.1587 	DEBUG 	TextBox2 loaded 1 chars with 0 blanks and 1 valid
11.1597 	DEBUG 	TextBox2 loaded 1 chars with 0 blanks and 1 valid
11.1599 	DEBUG 	TextBox2 loaded 1 chars with 0 blanks and 1 valid
11.1602 	DEBUG 	TextBox2 loaded 1 chars with 0 blanks and 1 valid
11.1610 	DEBUG 	TextBox2 loaded 1 chars with 0 blanks and 1 valid
11.1617 	DEBUG 	TextBox2 loaded 1 chars with 0 blanks and 1 valid
11.1624 	DEBUG 	TextBox2 loaded 1 chars with 0 blanks and 1 valid
11.1631 	DEBUG 	TextBox2 loaded 1 chars with 0 blanks and 1 valid
11.1637 	DEBUG 	TextBox2 loaded 1 chars with 0 blanks and 1 valid
11.1645 	DEBUG 	TextBox2 loaded 1 chars with 0 blanks and 1 valid
11.1653 	DEBUG 	TextBox2 loaded 1 chars with 0 blanks and 1 valid
11.1656 	DEBUG 	TextBox2 loaded 1 chars with 0 blanks and 1 valid
11.1661 	DEBUG 	TextBox2 loaded 1 chars with 0 blanks and 1 valid
11.1671 	DEBUG 	TextBox2 loaded 1 chars with 0 blanks and 1 valid
11.1675 	DEBUG 	TextBox2 loaded 1 chars with 0 blanks and 1 valid
11.1678 	DEBUG 	Uploading Texture Font fontname to graphics card
11.1719 	DEBUG 	Upload of Texture Font fontname complete
11.1789 	DEBUG 	TextBox2 loaded 1 chars with 0 blanks and 1 valid
11.1800 	DEBUG 	TextBox2 loaded 1 chars with 0 blanks and 1 valid
11.1810 	DEBUG 	TextBox2 loaded 1 chars with 0 blanks and 1 valid
11.1812 	DEBUG 	Uploading Texture Font fontname to graphics card
11.1839 	DEBUG 	Upload of Texture Font fontname complete
11.1860 	EXP 	window1: Attempting to measure frame rate of screen (0) ...
11.1860 	EXP 	window1: recordFrameIntervals = False
11.3730 	EXP 	window1: recordFrameIntervals = True
11.5567 	EXP 	Screen (0) actual frame rate measured at 59.99Hz
11.5568 	EXP 	window1: recordFrameIntervals = False
11.5675 	DEBUG 	TextBox2 loaded 1 chars with 0 blanks and 1 valid
11.5683 	DEBUG 	TextBox2 loaded 1 chars with 0 blanks and 1 valid
11.5696 	DEBUG 	TextBox2 loaded 1 chars with 0 blanks and 1 valid
11.5714 	DEBUG 	TextBox2 loaded 1 chars with 0 blanks and 1 valid
11.5728 	DEBUG 	TextBox2 loaded 1 chars with 0 blanks and 1 valid
11.5744 	DEBUG 	TextBox2 loaded 1 chars with 0 blanks and 1 valid
11.5750 	DEBUG 	TextBox2 loaded 1 chars with 0 blanks and 1 valid
11.5762 	DEBUG 	TextBox2 loaded 1 chars with 0 blanks and 1 valid
11.5777 	DEBUG 	TextBox2 loaded 1 chars with 0 blanks and 1 valid
11.5790 	DEBUG 	TextBox2 loaded 1 chars with 0 blanks and 1 valid
11.5793 	DEBUG 	Uploading Texture Font fontname to graphics card
11.5825 	DEBUG 	Upload of Texture Font fontname complete
11.6007 	WARNING 	launchHubServer: If using the iohub mouse or eyetracker devices, fullScr should be True.
14.0321 	INFO 	keyboard.Keyboard is using iohub backend.
14.0321 	INFO 	keyboard.Keyboard is using iohub backend.
14.0465 	EXP 	2back_diagram: status = STARTED
14.0672 	EXP 	Created fixation = TextStim(__class__=<class 'psychopy.visual.text.TextStim'>, alignHoriz=method-wrapper(...), alignText='center', alignVert=method-wrapper(...), anchorHoriz='center', anchorVert='center', antialias=True, autoDraw=False, autoLog=True, bold=False, color=array([1., 1., 1.]), colorSpace='rgb', contrast=1.0, depth=-1.0, draggable=False, flipHoriz=False, flipVert=False, font='Arial', fontFiles=[], height=0.05, italic=False, languageStyle='LTR', name='fixation', opacity=1, ori=0.0, pos=array([0., 0.]), rgb=UNKNOWN, text='', units='height', win=Window(...), wrapWidth=1)
14.1141 	EXP 	Sound sound_stim set volume 1.000
14.1287 	EXP 	Created fixation2 = TextStim(__class__=<class 'psychopy.visual.text.TextStim'>, alignHoriz=method-wrapper(...), alignText='center', alignVert=method-wrapper(...), anchorHoriz='center', anchorVert='center', antialias=True, autoDraw=False, autoLog=True, bold=False, color=array([1., 1., 1.]), colorSpace='rgb', contrast=1.0, depth=-4.0, draggable=False, flipHoriz=False, flipVert=False, font='Arial', fontFiles=[], height=0.05, italic=False, languageStyle='LTR', name='fixation2', opacity=1, ori=0.0, pos=array([0., 0.]), rgb=UNKNOWN, text='Sound playing:', units='height', win=Window(...), wrapWidth=1)
14.1294 	EXP 	Created text = TextStim(__class__=<class 'psychopy.visual.text.TextStim'>, alignHoriz=method-wrapper(...), alignText='center', alignVert=method-wrapper(...), anchorHoriz='center', anchorVert='center', antialias=True, autoDraw=False, autoLog=True, bold=False, color=array([1., 1., 1.]), colorSpace='rgb', contrast=1.0, depth=-1.0, draggable=False, flipHoriz=False, flipVert=False, font='Arial', fontFiles=[], height=0.05, italic=False, languageStyle='LTR', name='text', opacity=1, ori=0.0, pos=array([0., 0.]), rgb=UNKNOWN, text='', units='height', win=Window(...), wrapWidth=1)
0.0119 	EXP 	New trial (rep=0, index=0): <Trial 0 (0 in rep 0) data={'thisN': 0, 'thisTrialN': 0, 'thisRepN': 0}>
0.0170 	EXP 	fixation: autoDraw = True
1.0040 	INFO 	Keyboard events cleared
1.0037 	EXP 	fixation2: autoDraw = True
1.0064 	EXP 	Sound sound_stim reached end of file
1.0065 	EXP 	Sound sound_stim started
1.0270 	EXP 	fixation: autoDraw = False
1.1127 	EXP 	Sound sound_stim reached end of file
1.1292 	EXP 	Sound sound_stim reached end of file
2.6435 	DEBUG 	Saving data for 2back_diagram ExperimentHandler
2.6448 	INFO 	saved data to /Users/ginkgocauwenberghs/Desktop/nBack/data/bob1_2back_diagram_2025-07-25_17h08.42.804.psydat
2.6455 	INFO 	saved data to '/Users/ginkgocauwenberghs/Desktop/nBack/data/bob1_2back_diagram_2025-07-25_17h08.42.804.csv'
