3.0991 	INFO 	Loaded monitor calibration from ['2023_11_01 17:25']
3.1059 	WARNING 	User requested fullscreen with size [1512  982], but screen is actually [2560, 1440]. Using actual size
3.5687 	INFO 	Using renderer 'Intel(R) UHD Graphics 770' for graphics
3.5687 	INFO 	OpenGL version supported by driver is 4..
3.5787 	EXP 	Created window1 = Window(allowGUI=False, allowStencil=False, autoLog=True, backendConf=UNKNOWN, backgroundFit=<method-wrapper '__getattribute__' of attributeSetter object at 0x0000020587A50C40>, backgroundImage=<method-wrapper '__getattribute__' of attributeSetter object at 0x0000020587A50BE0>, bitsMode=UNKNOWN, blendMode='avg', bpc=(8, 8, 8), color=array([0, 0, 0]), colorSpace='rgb', depthBits=8, fullscr=True, gamma=None, gammaErrorPolicy='raise', infoMsg=UNKNOWN, lms=UNKNOWN, monitor=<psychopy.monitors.calibTools.Monitor object at 0x0000020587AEA6D0>, multiSample=False, name='window1', numSamples=2, pos=[0.0, 0.0], screen=0, size=array([2560, 1440]), stencilBits=0, stereo=False, title='PsychoPy', units='height', useFBO=True, useRetina=False, viewOri=0.0, viewPos=None, viewScale=None, waitBlanking=True, winType='pyglet')
3.5788 	EXP 	window1: backgroundImage = ''
3.5788 	EXP 	window1: backgroundFit = 'none'
3.6505 	INFO 	keyboard.Keyboard is using ptb backend.
3.8017 	INFO 	Created stream for speaker device: Realtek HD Audio 2nd output (Realtek(R) Audio) (10.0)
3.8025 	INFO 	keyboard.Keyboard is using ptb backend.
3.8052 	INFO 	Created stream for speaker device: Realtek HD Audio 2nd output (Realtek(R) Audio) (10.0)
3.8058 	EXP 	AuditoryANT: status = STARTED
3.8303 	EXP 	Created fixation_cross = TextStim(__class__=<class 'psychopy.visual.text.TextStim'>, alignHoriz=method-wrapper(...), alignText='center', alignVert=method-wrapper(...), anchorHoriz='center', anchorVert='center', antialias=True, autoDraw=False, autoLog=True, bold=False, color=array([1., 1., 1.]), colorSpace='rgb', contrast=1.0, depth=0.0, draggable=False, flipHoriz=False, flipVert=False, font='Arial', fontFiles=[], height=0.05, italic=False, languageStyle='LTR', name='fixation_cross', opacity=1, ori=0.0, pos=array([0., 0.]), rgb=UNKNOWN, text='+', units='height', win=Window(...), wrapWidth=1)
3.8303 	EXP 	target: sampleRate = 48000
3.8303 	EXP 	target: channels = None
3.8315 	EXP 	Sound target set volume 1.000
3.8315 	EXP 	orienting_cue: sampleRate = 48000
3.8315 	EXP 	orienting_cue: channels = None
3.8317 	EXP 	Sound orienting_cue set volume 1.000
0.0173 	EXP 	Imported audio_files/conditions.csv as conditions, 24 conditions, 8 params
0.0179 	EXP 	New trial (rep=0, index=0): <Trial 0 (0 in rep 0) data={'block': 1, 'target_word': 'day', 'target_pitch': 'LP', 'cue_type': 'alerting', 'cue_file': 'audio_files/alerting_cue.wav', 'target_file': 'audio_files/day_LP_left.wav', 'correct_resp': 'down', 'ear': 'left', 'thisN': 0, 'thisTrialN': 0, 'thisRepN': 0}>
0.0181 	EXP 	target: sampleRate = 44100
0.0279 	INFO 	Resampled audio from 44100Hz to 48000Hz using method 'default'.
0.0282 	EXP 	orienting_cue: sampleRate = 44100
0.0292 	INFO 	Resampled audio from 44100Hz to 48000Hz using method 'default'.
0.0293 	EXP 	Sound orienting_cue set volume 0.000
0.0324 	EXP 	fixation_cross: autoDraw = True
0.6326 	EXP 	Sound orienting_cue reached end of file
0.6488 	EXP 	Playing sound orienting_cue on speaker Realtek HD Audio 2nd output (Realtek(R) Audio)
0.6487 	INFO 	Keyboard events cleared
0.7449 	EXP 	Sound orienting_cue stopped
1.1329 	EXP 	Sound target reached end of file
1.1492 	EXP 	Playing sound target on speaker Realtek HD Audio 2nd output (Realtek(R) Audio)
2.2084 	EXP 	Sound target reached end of file
2.2164 	EXP 	Sound target reached end of file
2.8346 	EXP 	New trial (rep=0, index=1): <Trial 1 (1 in rep 0) data={'block': 1, 'target_word': 'high', 'target_pitch': 'HP', 'cue_type': 'orienting', 'cue_file': 'audio_files/orienting_right.wav', 'target_file': 'audio_files/high_HP_right.wav', 'correct_resp': 'up', 'ear': 'right', 'thisN': 1, 'thisTrialN': 1, 'thisRepN': 0}>
2.8355 	EXP 	target: sampleRate = 44100
2.8508 	INFO 	Resampled audio from 44100Hz to 48000Hz using method 'default'.
2.8514 	EXP 	orienting_cue: sampleRate = 44100
2.8534 	INFO 	Resampled audio from 44100Hz to 48000Hz using method 'default'.
2.8558 	EXP 	fixation_cross: autoDraw = False
2.8558 	EXP 	fixation_cross: autoDraw = True
4.0018 	EXP 	Sound orienting_cue reached end of file
4.0180 	EXP 	Playing sound orienting_cue on speaker Realtek HD Audio 2nd output (Realtek(R) Audio)
4.0184 	INFO 	Keyboard events cleared
4.1120 	EXP 	Sound orienting_cue stopped
4.5023 	EXP 	Sound target reached end of file
4.5185 	EXP 	Playing sound target on speaker Realtek HD Audio 2nd output (Realtek(R) Audio)
5.1277 	EXP 	Sound target reached end of file
5.1361 	EXP 	Sound target reached end of file
6.0538 	EXP 	New trial (rep=0, index=2): <Trial 2 (2 in rep 0) data={'block': 1, 'target_word': 'day', 'target_pitch': 'LP', 'cue_type': 'orienting', 'cue_file': 'audio_files/orienting_left.wav', 'target_file': 'audio_files/day_LP_left.wav', 'correct_resp': 'down', 'ear': 'left', 'thisN': 2, 'thisTrialN': 2, 'thisRepN': 0}>
6.0546 	EXP 	target: sampleRate = 44100
6.0789 	INFO 	Resampled audio from 44100Hz to 48000Hz using method 'default'.
6.0795 	EXP 	orienting_cue: sampleRate = 44100
6.0813 	INFO 	Resampled audio from 44100Hz to 48000Hz using method 'default'.
6.0840 	EXP 	fixation_cross: autoDraw = False
6.0840 	EXP 	fixation_cross: autoDraw = False
6.0840 	EXP 	fixation_cross: autoDraw = True
7.6043 	EXP 	Sound orienting_cue reached end of file
7.6208 	EXP 	Playing sound orienting_cue on speaker Realtek HD Audio 2nd output (Realtek(R) Audio)
7.6209 	INFO 	Keyboard events cleared
7.7157 	EXP 	Sound orienting_cue stopped
8.1054 	EXP 	Sound target reached end of file
8.1215 	EXP 	Playing sound target on speaker Realtek HD Audio 2nd output (Realtek(R) Audio)
9.1825 	EXP 	Sound target reached end of file
9.1893 	EXP 	Sound target reached end of file
9.2890 	EXP 	fixation_cross: autoDraw = False
9.3063 	EXP 	New trial (rep=0, index=3): <Trial 3 (3 in rep 0) data={'block': 1, 'target_word': 'day', 'target_pitch': 'LP', 'cue_type': 'orienting', 'cue_file': 'audio_files/orienting_right.wav', 'target_file': 'audio_files/day_LP_right.wav', 'correct_resp': 'down', 'ear': 'right', 'thisN': 3, 'thisTrialN': 3, 'thisRepN': 0}>
9.3072 	EXP 	target: sampleRate = 44100
9.3364 	INFO 	Resampled audio from 44100Hz to 48000Hz using method 'default'.
9.3376 	EXP 	orienting_cue: sampleRate = 44100
9.3419 	INFO 	Resampled audio from 44100Hz to 48000Hz using method 'default'.
9.3448 	EXP 	fixation_cross: autoDraw = False
9.3448 	EXP 	fixation_cross: autoDraw = True
10.8905 	EXP 	Sound orienting_cue reached end of file
10.9069 	EXP 	Playing sound orienting_cue on speaker Realtek HD Audio 2nd output (Realtek(R) Audio)
10.9072 	INFO 	Keyboard events cleared
11.0017 	EXP 	Sound orienting_cue stopped
11.3913 	EXP 	Sound target reached end of file
11.4076 	EXP 	Playing sound target on speaker Realtek HD Audio 2nd output (Realtek(R) Audio)
12.4636 	EXP 	Sound target reached end of file
12.4754 	EXP 	Sound target reached end of file
12.5583 	EXP 	fixation_cross: autoDraw = False
12.5925 	EXP 	New trial (rep=0, index=4): <Trial 4 (4 in rep 0) data={'block': 1, 'target_word': 'high', 'target_pitch': 'LP', 'cue_type': 'alerting', 'cue_file': 'audio_files/alerting_cue.wav', 'target_file': 'audio_files/high_LP_right.wav', 'correct_resp': 'down', 'ear': 'right', 'thisN': 4, 'thisTrialN': 4, 'thisRepN': 0}>
12.5935 	EXP 	target: sampleRate = 44100
12.6062 	INFO 	Resampled audio from 44100Hz to 48000Hz using method 'default'.
12.6066 	EXP 	orienting_cue: sampleRate = 44100
12.6073 	INFO 	Resampled audio from 44100Hz to 48000Hz using method 'default'.
12.6074 	EXP 	Sound orienting_cue set volume 0.000
12.6095 	EXP 	fixation_cross: autoDraw = False
12.6095 	EXP 	fixation_cross: autoDraw = True
13.0759 	EXP 	Sound orienting_cue reached end of file
13.0921 	EXP 	Playing sound orienting_cue on speaker Realtek HD Audio 2nd output (Realtek(R) Audio)
13.0922 	INFO 	Keyboard events cleared
13.1955 	EXP 	Sound orienting_cue stopped
13.5764 	EXP 	Sound target reached end of file
13.5926 	EXP 	Playing sound target on speaker Realtek HD Audio 2nd output (Realtek(R) Audio)
14.6527 	EXP 	Sound target reached end of file
14.6603 	EXP 	Sound target reached end of file
15.2780 	EXP 	New trial (rep=0, index=5): <Trial 5 (5 in rep 0) data={'block': 1, 'target_word': 'low', 'target_pitch': 'HP', 'cue_type': 'orienting', 'cue_file': 'audio_files/orienting_right.wav', 'target_file': 'audio_files/low_HP_right.wav', 'correct_resp': 'up', 'ear': 'right', 'thisN': 5, 'thisTrialN': 5, 'thisRepN': 0}>
15.2789 	EXP 	target: sampleRate = 44100
15.2930 	INFO 	Resampled audio from 44100Hz to 48000Hz using method 'default'.
15.2940 	EXP 	orienting_cue: sampleRate = 44100
15.2993 	INFO 	Resampled audio from 44100Hz to 48000Hz using method 'default'.
15.3029 	EXP 	fixation_cross: autoDraw = False
15.3029 	EXP 	fixation_cross: autoDraw = True
15.7363 	EXP 	Device response: <KeyPress from None: t=15.719947100000354, value=down, duration=None>
15.7383 	DATA 	Keypress: down
15.8284 	EXP 	Device response: <KeyPress from None: t=15.719947100000354, value=down, duration=0.09641709999959858>
16.1787 	EXP 	Sound orienting_cue reached end of file
16.1947 	EXP 	Playing sound orienting_cue on speaker Realtek HD Audio 2nd output (Realtek(R) Audio)
16.1949 	INFO 	Keyboard events cleared
16.2945 	EXP 	Sound orienting_cue stopped
16.6790 	EXP 	Sound target reached end of file
16.6951 	EXP 	Playing sound target on speaker Realtek HD Audio 2nd output (Realtek(R) Audio)
17.2668 	EXP 	Sound target reached end of file
17.2795 	EXP 	Sound target reached end of file
17.5964 	EXP 	Device response: <KeyPress from None: t=17.59478660000059, value=up, duration=None>
17.5970 	EXP 	New trial (rep=0, index=6): <Trial 6 (6 in rep 0) data={'block': 1, 'target_word': 'day', 'target_pitch': 'LP', 'cue_type': 'alerting', 'cue_file': 'audio_files/alerting_cue.wav', 'target_file': 'audio_files/day_LP_right.wav', 'correct_resp': 'down', 'ear': 'right', 'thisN': 6, 'thisTrialN': 6, 'thisRepN': 0}>
17.5978 	EXP 	target: sampleRate = 44100
17.6191 	INFO 	Resampled audio from 44100Hz to 48000Hz using method 'default'.
17.6201 	EXP 	orienting_cue: sampleRate = 44100
17.6215 	INFO 	Resampled audio from 44100Hz to 48000Hz using method 'default'.
17.6217 	EXP 	Sound orienting_cue set volume 0.000
17.6225 	DATA 	Keypress: up
17.6244 	EXP 	fixation_cross: autoDraw = False
17.6244 	EXP 	fixation_cross: autoDraw = True
17.6793 	EXP 	Device response: <KeyPress from None: t=17.59478660000059, value=up, duration=0.07357819999924686>
18.8139 	EXP 	Sound orienting_cue reached end of file
18.8301 	EXP 	Playing sound orienting_cue on speaker Realtek HD Audio 2nd output (Realtek(R) Audio)
18.8301 	INFO 	Keyboard events cleared
18.9244 	EXP 	Sound orienting_cue stopped
19.3143 	EXP 	Sound target reached end of file
19.3305 	EXP 	Playing sound target on speaker Realtek HD Audio 2nd output (Realtek(R) Audio)
20.3322 	EXP 	Device response: <KeyPress from None: t=20.32150200000069, value=down, duration=None>
20.3436 	EXP 	Sound target paused
20.3439 	EXP 	New trial (rep=0, index=7): <Trial 7 (7 in rep 0) data={'block': 1, 'target_word': 'day', 'target_pitch': 'HP', 'cue_type': 'orienting', 'cue_file': 'audio_files/orienting_right.wav', 'target_file': 'audio_files/day_HP_right.wav', 'correct_resp': 'up', 'ear': 'right', 'thisN': 7, 'thisTrialN': 7, 'thisRepN': 0}>
20.3739 	EXP 	target: sampleRate = 44100
20.3822 	INFO 	Resampled audio from 44100Hz to 48000Hz using method 'default'.
20.3830 	EXP 	orienting_cue: sampleRate = 44100
20.3855 	INFO 	Resampled audio from 44100Hz to 48000Hz using method 'default'.
20.3868 	DATA 	Keypress: down
20.3887 	EXP 	fixation_cross: autoDraw = False
20.3887 	EXP 	fixation_cross: autoDraw = True
20.3983 	EXP 	Device response: <KeyPress from None: t=20.32150200000069, value=down, duration=0.07350149999911082>
21.8168 	EXP 	Sound orienting_cue reached end of file
21.8327 	EXP 	Playing sound orienting_cue on speaker Realtek HD Audio 2nd output (Realtek(R) Audio)
21.8328 	INFO 	Keyboard events cleared
21.9352 	EXP 	Sound orienting_cue stopped
22.3169 	EXP 	Sound target reached end of file
22.3331 	EXP 	Playing sound target on speaker Realtek HD Audio 2nd output (Realtek(R) Audio)
22.9461 	EXP 	Sound target reached end of file
22.9507 	EXP 	Sound target reached end of file
23.0342 	EXP 	Device response: <KeyPress from None: t=23.02646260000074, value=up, duration=None>
23.0347 	EXP 	New trial (rep=0, index=8): <Trial 8 (8 in rep 0) data={'block': 1, 'target_word': 'low', 'target_pitch': 'HP', 'cue_type': 'orienting', 'cue_file': 'audio_files/orienting_left.wav', 'target_file': 'audio_files/low_HP_left.wav', 'correct_resp': 'up', 'ear': 'left', 'thisN': 8, 'thisTrialN': 8, 'thisRepN': 0}>
23.0551 	EXP 	target: sampleRate = 44100
23.0610 	INFO 	Resampled audio from 44100Hz to 48000Hz using method 'default'.
23.0619 	EXP 	orienting_cue: sampleRate = 44100
23.0651 	INFO 	Resampled audio from 44100Hz to 48000Hz using method 'default'.
23.0666 	DATA 	Keypress: up
23.0686 	EXP 	fixation_cross: autoDraw = False
23.0686 	EXP 	fixation_cross: autoDraw = True
23.0843 	EXP 	Device response: <KeyPress from None: t=23.02646260000074, value=up, duration=0.049821000000520144>
23.6014 	EXP 	Sound orienting_cue reached end of file
23.6175 	EXP 	Playing sound orienting_cue on speaker Realtek HD Audio 2nd output (Realtek(R) Audio)
23.6176 	INFO 	Keyboard events cleared
23.7143 	EXP 	Sound orienting_cue stopped
24.1018 	EXP 	Sound target reached end of file
24.1180 	EXP 	Playing sound target on speaker Realtek HD Audio 2nd output (Realtek(R) Audio)
24.6939 	EXP 	Sound target reached end of file
24.7022 	EXP 	Sound target reached end of file
25.8034 	EXP 	New trial (rep=0, index=9): <Trial 9 (9 in rep 0) data={'block': 1, 'target_word': 'high', 'target_pitch': 'LP', 'cue_type': 'orienting', 'cue_file': 'audio_files/orienting_left.wav', 'target_file': 'audio_files/high_LP_left.wav', 'correct_resp': 'down', 'ear': 'left', 'thisN': 9, 'thisTrialN': 9, 'thisRepN': 0}>
25.8314 	EXP 	target: sampleRate = 44100
25.8407 	INFO 	Resampled audio from 44100Hz to 48000Hz using method 'default'.
25.8410 	EXP 	orienting_cue: sampleRate = 44100
25.8422 	INFO 	Resampled audio from 44100Hz to 48000Hz using method 'default'.
25.8445 	EXP 	fixation_cross: autoDraw = False
25.8445 	EXP 	fixation_cross: autoDraw = True
26.7874 	EXP 	Sound orienting_cue reached end of file
26.8035 	EXP 	Playing sound orienting_cue on speaker Realtek HD Audio 2nd output (Realtek(R) Audio)
26.8038 	INFO 	Keyboard events cleared
26.9061 	EXP 	Sound orienting_cue stopped
27.2877 	EXP 	Sound target reached end of file
27.3037 	EXP 	Playing sound target on speaker Realtek HD Audio 2nd output (Realtek(R) Audio)
28.3608 	EXP 	Sound target reached end of file
28.3719 	EXP 	Sound target reached end of file
28.9891 	EXP 	New trial (rep=0, index=10): <Trial 10 (10 in rep 0) data={'block': 1, 'target_word': 'low', 'target_pitch': 'LP', 'cue_type': 'orienting', 'cue_file': 'audio_files/orienting_right.wav', 'target_file': 'audio_files/low_LP_right.wav', 'correct_resp': 'down', 'ear': 'right', 'thisN': 10, 'thisTrialN': 10, 'thisRepN': 0}>
29.0075 	EXP 	target: sampleRate = 44100
29.0155 	INFO 	Resampled audio from 44100Hz to 48000Hz using method 'default'.
29.0158 	EXP 	orienting_cue: sampleRate = 44100
29.0169 	INFO 	Resampled audio from 44100Hz to 48000Hz using method 'default'.
29.0191 	EXP 	fixation_cross: autoDraw = False
29.0191 	EXP 	fixation_cross: autoDraw = True
30.1066 	EXP 	Sound orienting_cue reached end of file
30.1228 	EXP 	Playing sound orienting_cue on speaker Realtek HD Audio 2nd output (Realtek(R) Audio)
30.1231 	INFO 	Keyboard events cleared
30.2249 	EXP 	Sound orienting_cue stopped
30.6071 	EXP 	Sound target reached end of file
30.6233 	EXP 	Playing sound target on speaker Realtek HD Audio 2nd output (Realtek(R) Audio)
31.6187 	EXP 	Sound target reached end of file
31.6249 	EXP 	Sound target reached end of file
31.6582 	EXP 	Device response: <KeyPress from None: t=31.65236240000013, value=down, duration=None>
31.6586 	EXP 	New trial (rep=0, index=11): <Trial 11 (11 in rep 0) data={'block': 1, 'target_word': 'low', 'target_pitch': 'LP', 'cue_type': 'alerting', 'cue_file': 'audio_files/alerting_cue.wav', 'target_file': 'audio_files/low_LP_left.wav', 'correct_resp': 'down', 'ear': 'left', 'thisN': 11, 'thisTrialN': 11, 'thisRepN': 0}>
31.6796 	EXP 	target: sampleRate = 44100
31.6870 	INFO 	Resampled audio from 44100Hz to 48000Hz using method 'default'.
31.6873 	EXP 	orienting_cue: sampleRate = 44100
31.6880 	INFO 	Resampled audio from 44100Hz to 48000Hz using method 'default'.
31.6881 	EXP 	Sound orienting_cue set volume 0.000
31.6886 	DATA 	Keypress: down
31.6905 	EXP 	fixation_cross: autoDraw = False
31.6905 	EXP 	fixation_cross: autoDraw = True
31.7749 	EXP 	Device response: <KeyPress from None: t=31.65236240000013, value=down, duration=0.12011619999975665>
32.8592 	EXP 	Sound orienting_cue reached end of file
32.8752 	EXP 	Playing sound orienting_cue on speaker Realtek HD Audio 2nd output (Realtek(R) Audio)
32.8755 	INFO 	Keyboard events cleared
32.9723 	EXP 	Sound orienting_cue stopped
33.3592 	EXP 	Sound target reached end of file
33.3755 	EXP 	Playing sound target on speaker Realtek HD Audio 2nd output (Realtek(R) Audio)
34.3645 	EXP 	Sound target reached end of file
34.3769 	EXP 	Sound target reached end of file
34.8775 	EXP 	New trial (rep=0, index=12): <Trial 12 (12 in rep 0) data={'block': 1, 'target_word': 'day', 'target_pitch': 'HP', 'cue_type': 'alerting', 'cue_file': 'audio_files/alerting_cue.wav', 'target_file': 'audio_files/day_HP_left.wav', 'correct_resp': 'up', 'ear': 'left', 'thisN': 12, 'thisTrialN': 12, 'thisRepN': 0}>
34.9107 	EXP 	target: sampleRate = 44100
34.9178 	INFO 	Resampled audio from 44100Hz to 48000Hz using method 'default'.
34.9184 	EXP 	orienting_cue: sampleRate = 44100
34.9195 	INFO 	Resampled audio from 44100Hz to 48000Hz using method 'default'.
34.9197 	EXP 	Sound orienting_cue set volume 0.000
34.9223 	EXP 	fixation_cross: autoDraw = False
34.9223 	EXP 	fixation_cross: autoDraw = False
34.9223 	EXP 	fixation_cross: autoDraw = True
35.3442 	EXP 	Sound orienting_cue reached end of file
35.3604 	EXP 	Playing sound orienting_cue on speaker Realtek HD Audio 2nd output (Realtek(R) Audio)
35.3607 	INFO 	Keyboard events cleared
35.4636 	EXP 	Sound orienting_cue stopped
35.8449 	EXP 	Sound target reached end of file
35.8610 	EXP 	Playing sound target on speaker Realtek HD Audio 2nd output (Realtek(R) Audio)
36.4714 	EXP 	Sound target reached end of file
36.4784 	EXP 	Sound target reached end of file
37.5467 	EXP 	New trial (rep=0, index=13): <Trial 13 (13 in rep 0) data={'block': 1, 'target_word': 'high', 'target_pitch': 'HP', 'cue_type': 'alerting', 'cue_file': 'audio_files/alerting_cue.wav', 'target_file': 'audio_files/high_HP_left.wav', 'correct_resp': 'up', 'ear': 'left', 'thisN': 13, 'thisTrialN': 13, 'thisRepN': 0}>
37.5663 	EXP 	target: sampleRate = 44100
37.5749 	INFO 	Resampled audio from 44100Hz to 48000Hz using method 'default'.
37.5758 	EXP 	orienting_cue: sampleRate = 44100
37.5775 	INFO 	Resampled audio from 44100Hz to 48000Hz using method 'default'.
37.5777 	EXP 	Sound orienting_cue set volume 0.000
37.5805 	EXP 	fixation_cross: autoDraw = False
37.5805 	EXP 	fixation_cross: autoDraw = True
38.3468 	EXP 	Sound orienting_cue reached end of file
38.3629 	EXP 	Playing sound orienting_cue on speaker Realtek HD Audio 2nd output (Realtek(R) Audio)
38.3631 	INFO 	Keyboard events cleared
38.4646 	EXP 	Sound orienting_cue stopped
38.8471 	EXP 	Sound target reached end of file
38.8633 	EXP 	Playing sound target on speaker Realtek HD Audio 2nd output (Realtek(R) Audio)
39.4707 	EXP 	Sound target reached end of file
39.4810 	EXP 	Sound target reached end of file
40.5487 	EXP 	New trial (rep=0, index=14): <Trial 14 (14 in rep 0) data={'block': 1, 'target_word': 'low', 'target_pitch': 'HP', 'cue_type': 'alerting', 'cue_file': 'audio_files/alerting_cue.wav', 'target_file': 'audio_files/low_HP_right.wav', 'correct_resp': 'up', 'ear': 'right', 'thisN': 14, 'thisTrialN': 14, 'thisRepN': 0}>
40.5496 	EXP 	target: sampleRate = 44100
40.5604 	INFO 	Resampled audio from 44100Hz to 48000Hz using method 'default'.
40.5613 	EXP 	orienting_cue: sampleRate = 44100
40.5634 	INFO 	Resampled audio from 44100Hz to 48000Hz using method 'default'.
40.5638 	EXP 	Sound orienting_cue set volume 0.000
40.5665 	EXP 	fixation_cross: autoDraw = False
40.5665 	EXP 	fixation_cross: autoDraw = True
41.7831 	EXP 	Sound orienting_cue reached end of file
41.7993 	EXP 	Playing sound orienting_cue on speaker Realtek HD Audio 2nd output (Realtek(R) Audio)
41.7992 	INFO 	Keyboard events cleared
41.9016 	EXP 	Sound orienting_cue stopped
42.2835 	EXP 	Sound target reached end of file
42.2996 	EXP 	Playing sound target on speaker Realtek HD Audio 2nd output (Realtek(R) Audio)
42.8759 	EXP 	Sound target reached end of file
42.8840 	EXP 	Sound target reached end of file
43.3031 	DATA 	Keypress: escape
43.3177 	EXP 	Device response: <KeyPress from None: t=43.3019273000009, value=escape, duration=None>
43.3842 	EXP 	Device response: <KeyPress from None: t=43.3019273000009, value=escape, duration=0.07254099999954633>
43.3843 	EXP 	AuditoryANT: status = STOPPED
43.4005 	EXP 	fixation_cross: autoDraw = False
43.4006 	EXP 	AuditoryANT: status = STOPPED
43.4265 	INFO 	saved data to 'c:\\Users\\Adyant Balaji\\Documents\\EEG\\tinnitusExperiments\\AudiANT\\data\\000136_AuditoryANT_2025-10-28_11h30.20.304.csv'
43.4285 	INFO 	saved data to c:\Users\Adyant Balaji\Documents\EEG\tinnitusExperiments\AudiANT\data\000136_AuditoryANT_2025-10-28_11h30.20.304.psydat
43.7955 	WARNING 	Stopping key buffers but this could be dangerous ifother keyboards rely on the same.
43.8783 	WARNING 	Stopping key buffers but this could be dangerous ifother keyboards rely on the same.
