2.7500 	INFO 	Loaded monitor calibration from ['2023_11_01 17:25']
2.7560 	WARNING 	User requested fullscreen with size [1512  982], but screen is actually [2560, 1440]. Using actual size
3.2418 	INFO 	Using renderer 'Intel(R) UHD Graphics 770' for graphics
3.2418 	INFO 	OpenGL version supported by driver is 4..
3.2518 	EXP 	Created window1 = Window(allowGUI=False, allowStencil=False, autoLog=True, backendConf=UNKNOWN, backgroundFit=<method-wrapper '__getattribute__' of attributeSetter object at 0x00000274AFE30C40>, backgroundImage=<method-wrapper '__getattribute__' of attributeSetter object at 0x00000274AFE30BE0>, bitsMode=UNKNOWN, blendMode='avg', bpc=(8, 8, 8), color=array([0, 0, 0]), colorSpace='rgb', depthBits=8, fullscr=True, gamma=None, gammaErrorPolicy='raise', infoMsg=UNKNOWN, lms=UNKNOWN, monitor=<psychopy.monitors.calibTools.Monitor object at 0x00000274AFECA6D0>, multiSample=False, name='window1', numSamples=2, pos=[0.0, 0.0], screen=0, size=array([2560, 1440]), stencilBits=0, stereo=False, title='PsychoPy', units='height', useFBO=True, useRetina=False, viewOri=0.0, viewPos=None, viewScale=None, waitBlanking=True, winType='pyglet')
3.2518 	EXP 	window1: backgroundImage = ''
3.2518 	EXP 	window1: backgroundFit = 'none'
3.3216 	INFO 	keyboard.Keyboard is using ptb backend.
3.3344 	INFO 	Created stream for speaker device: Realtek HD Audio 2nd output (Realtek(R) Audio) (10.0)
3.3351 	INFO 	keyboard.Keyboard is using ptb backend.
3.3374 	INFO 	Created stream for speaker device: Realtek HD Audio 2nd output (Realtek(R) Audio) (10.0)
3.3382 	EXP 	AuditoryANT: status = STARTED
3.3645 	EXP 	Created fixation_cross = TextStim(__class__=<class 'psychopy.visual.text.TextStim'>, alignHoriz=method-wrapper(...), alignText='center', alignVert=method-wrapper(...), anchorHoriz='center', anchorVert='center', antialias=True, autoDraw=False, autoLog=True, bold=False, color=array([1., 1., 1.]), colorSpace='rgb', contrast=1.0, depth=0.0, draggable=False, flipHoriz=False, flipVert=False, font='Arial', fontFiles=[], height=0.05, italic=False, languageStyle='LTR', name='fixation_cross', opacity=1, ori=0.0, pos=array([0., 0.]), rgb=UNKNOWN, text='+', units='height', win=Window(...), wrapWidth=1)
3.3645 	EXP 	target: sampleRate = 48000
3.3645 	EXP 	target: channels = None
3.3657 	EXP 	Sound target set volume 1.000
3.3657 	EXP 	orienting_cue: sampleRate = 48000
3.3657 	EXP 	orienting_cue: channels = None
3.3658 	EXP 	Sound orienting_cue set volume 1.000
0.0103 	EXP 	Imported audio_files/conditions.csv as conditions, 24 conditions, 7 params
0.0108 	EXP 	New trial (rep=0, index=0): <Trial 0 (0 in rep 0) data={'target_word': 'high', 'target_pitch': 'LP', 'correct_resp': 'down', 'cue_type': 'orienting', 'ear': 'left', 'cue_file': 'audio_files/orienting_left.wav', 'target_file': 'audio_files/high_LP_left.wav', 'thisN': 0, 'thisTrialN': 0, 'thisRepN': 0}>
0.0111 	EXP 	target: sampleRate = 44100
0.0218 	INFO 	Resampled audio from 44100Hz to 48000Hz using method 'default'.
0.0222 	EXP 	orienting_cue: sampleRate = 44100
0.0239 	INFO 	Resampled audio from 44100Hz to 48000Hz using method 'default'.
0.0268 	EXP 	fixation_cross: autoDraw = True
1.4983 	EXP 	Sound orienting_cue reached end of file
1.5145 	EXP 	Playing sound orienting_cue on speaker Realtek HD Audio 2nd output (Realtek(R) Audio)
1.5145 	INFO 	Keyboard events cleared
1.6108 	EXP 	Sound orienting_cue stopped
1.9817 	EXP 	Sound target reached end of file
1.9980 	EXP 	Playing sound target on speaker Realtek HD Audio 2nd output (Realtek(R) Audio)
3.0540 	EXP 	Sound target reached end of file
3.0660 	EXP 	Sound target reached end of file
3.2160 	EXP 	New trial (rep=0, index=1): <Trial 1 (1 in rep 0) data={'target_word': 'high', 'target_pitch': 'LP', 'correct_resp': 'down', 'cue_type': 'alerting', 'ear': 'right', 'cue_file': 'audio_files/alerting_cue.wav', 'target_file': 'audio_files/high_LP_right.wav', 'thisN': 1, 'thisTrialN': 1, 'thisRepN': 0}>
3.2164 	EXP 	target: sampleRate = 44100
3.2247 	INFO 	Resampled audio from 44100Hz to 48000Hz using method 'default'.
3.2251 	EXP 	orienting_cue: sampleRate = 44100
3.2261 	INFO 	Resampled audio from 44100Hz to 48000Hz using method 'default'.
3.2321 	EXP 	fixation_cross: autoDraw = False
3.2321 	EXP 	fixation_cross: autoDraw = False
3.2321 	EXP 	fixation_cross: autoDraw = True
3.8333 	EXP 	Sound orienting_cue reached end of file
3.8495 	EXP 	Playing sound orienting_cue on speaker Realtek HD Audio 2nd output (Realtek(R) Audio)
3.8498 	INFO 	Keyboard events cleared
3.9434 	EXP 	Sound orienting_cue stopped
4.3335 	EXP 	Sound target reached end of file
4.3498 	EXP 	Playing sound target on speaker Realtek HD Audio 2nd output (Realtek(R) Audio)
5.4024 	EXP 	Sound target reached end of file
5.4180 	EXP 	Sound target reached end of file
6.0358 	EXP 	New trial (rep=0, index=2): <Trial 2 (2 in rep 0) data={'target_word': 'high', 'target_pitch': 'HP', 'correct_resp': 'up', 'cue_type': 'none', 'ear': 'left', 'cue_file': 'audio_files/alerting_cue.wav', 'target_file': 'audio_files/high_HP_left.wav', 'thisN': 2, 'thisTrialN': 2, 'thisRepN': 0}>
6.0367 	EXP 	target: sampleRate = 44100
6.0514 	INFO 	Resampled audio from 44100Hz to 48000Hz using method 'default'.
6.0519 	EXP 	orienting_cue: sampleRate = 44100
6.0536 	INFO 	Resampled audio from 44100Hz to 48000Hz using method 'default'.
6.0536 	EXP 	Sound orienting_cue set volume 0.000
6.0558 	EXP 	fixation_cross: autoDraw = False
6.0558 	EXP 	fixation_cross: autoDraw = True
7.2198 	EXP 	Sound orienting_cue reached end of file
7.2356 	EXP 	Playing sound orienting_cue on speaker Realtek HD Audio 2nd output (Realtek(R) Audio)
7.2357 	INFO 	Keyboard events cleared
7.3315 	EXP 	Sound orienting_cue stopped
7.7200 	EXP 	Sound target reached end of file
7.7362 	EXP 	Playing sound target on speaker Realtek HD Audio 2nd output (Realtek(R) Audio)
8.3427 	EXP 	Sound target reached end of file
8.3538 	EXP 	Sound target reached end of file
9.2548 	EXP 	New trial (rep=0, index=3): <Trial 3 (3 in rep 0) data={'target_word': 'high', 'target_pitch': 'HP', 'correct_resp': 'up', 'cue_type': 'none', 'ear': 'right', 'cue_file': 'audio_files/alerting_cue.wav', 'target_file': 'audio_files/high_HP_right.wav', 'thisN': 3, 'thisTrialN': 3, 'thisRepN': 0}>
9.2557 	EXP 	target: sampleRate = 44100
9.2678 	INFO 	Resampled audio from 44100Hz to 48000Hz using method 'default'.
9.2684 	EXP 	orienting_cue: sampleRate = 44100
9.2706 	INFO 	Resampled audio from 44100Hz to 48000Hz using method 'default'.
9.2707 	EXP 	Sound orienting_cue set volume 0.000
9.2730 	EXP 	fixation_cross: autoDraw = False
9.2730 	EXP 	fixation_cross: autoDraw = False
9.2730 	EXP 	fixation_cross: autoDraw = True
10.8225 	EXP 	Sound orienting_cue reached end of file
10.8387 	EXP 	Playing sound orienting_cue on speaker Realtek HD Audio 2nd output (Realtek(R) Audio)
10.8387 	INFO 	Keyboard events cleared
10.9413 	EXP 	Sound orienting_cue stopped
11.3229 	EXP 	Sound target reached end of file
11.3391 	EXP 	Playing sound target on speaker Realtek HD Audio 2nd output (Realtek(R) Audio)
11.9497 	EXP 	Sound target reached end of file
11.9566 	EXP 	Sound target reached end of file
12.4732 	EXP 	fixation_cross: autoDraw = False
12.5241 	EXP 	New trial (rep=0, index=4): <Trial 4 (4 in rep 0) data={'target_word': 'low', 'target_pitch': 'HP', 'correct_resp': 'up', 'cue_type': 'alerting', 'ear': 'right', 'cue_file': 'audio_files/alerting_cue.wav', 'target_file': 'audio_files/low_HP_right.wav', 'thisN': 4, 'thisTrialN': 4, 'thisRepN': 0}>
12.5250 	EXP 	target: sampleRate = 44100
12.5384 	INFO 	Resampled audio from 44100Hz to 48000Hz using method 'default'.
12.5392 	EXP 	orienting_cue: sampleRate = 44100
12.5420 	INFO 	Resampled audio from 44100Hz to 48000Hz using method 'default'.
12.5445 	EXP 	fixation_cross: autoDraw = False
12.5445 	EXP 	fixation_cross: autoDraw = True
13.0078 	EXP 	Sound orienting_cue reached end of file
13.0239 	EXP 	Playing sound orienting_cue on speaker Realtek HD Audio 2nd output (Realtek(R) Audio)
13.0239 	INFO 	Keyboard events cleared
13.1210 	EXP 	Sound orienting_cue stopped
13.5082 	EXP 	Sound target reached end of file
13.5243 	EXP 	Playing sound target on speaker Realtek HD Audio 2nd output (Realtek(R) Audio)
14.0984 	EXP 	Sound target reached end of file
14.1084 	EXP 	Sound target reached end of file
15.2096 	EXP 	New trial (rep=0, index=5): <Trial 5 (5 in rep 0) data={'target_word': 'low', 'target_pitch': 'HP', 'correct_resp': 'up', 'cue_type': 'none', 'ear': 'right', 'cue_file': 'audio_files/alerting_cue.wav', 'target_file': 'audio_files/low_HP_right.wav', 'thisN': 5, 'thisTrialN': 5, 'thisRepN': 0}>
15.2105 	EXP 	target: sampleRate = 44100
15.2220 	INFO 	Resampled audio from 44100Hz to 48000Hz using method 'default'.
15.2230 	EXP 	orienting_cue: sampleRate = 44100
15.2270 	INFO 	Resampled audio from 44100Hz to 48000Hz using method 'default'.
15.2272 	EXP 	Sound orienting_cue set volume 0.000
15.2300 	EXP 	fixation_cross: autoDraw = False
15.2300 	EXP 	fixation_cross: autoDraw = True
15.9102 	EXP 	Sound orienting_cue reached end of file
15.9263 	EXP 	Playing sound orienting_cue on speaker Realtek HD Audio 2nd output (Realtek(R) Audio)
15.9265 	INFO 	Keyboard events cleared
16.0293 	EXP 	Sound orienting_cue stopped
16.4105 	EXP 	Sound target reached end of file
16.4267 	EXP 	Playing sound target on speaker Realtek HD Audio 2nd output (Realtek(R) Audio)
16.9973 	EXP 	Sound target reached end of file
17.0110 	EXP 	Sound target reached end of file
18.1122 	EXP 	New trial (rep=0, index=6): <Trial 6 (6 in rep 0) data={'target_word': 'high', 'target_pitch': 'LP', 'correct_resp': 'down', 'cue_type': 'orienting', 'ear': 'right', 'cue_file': 'audio_files/orienting_right.wav', 'target_file': 'audio_files/high_LP_right.wav', 'thisN': 6, 'thisTrialN': 6, 'thisRepN': 0}>
18.1131 	EXP 	target: sampleRate = 44100
18.1364 	INFO 	Resampled audio from 44100Hz to 48000Hz using method 'default'.
18.1369 	EXP 	orienting_cue: sampleRate = 44100
18.1383 	INFO 	Resampled audio from 44100Hz to 48000Hz using method 'default'.
18.1405 	EXP 	fixation_cross: autoDraw = False
18.1405 	EXP 	fixation_cross: autoDraw = True
18.6461 	EXP 	Sound orienting_cue reached end of file
18.6618 	EXP 	Playing sound orienting_cue on speaker Realtek HD Audio 2nd output (Realtek(R) Audio)
18.6621 	INFO 	Keyboard events cleared
18.7627 	EXP 	Sound orienting_cue stopped
19.1459 	EXP 	Sound target reached end of file
19.1621 	EXP 	Playing sound target on speaker Realtek HD Audio 2nd output (Realtek(R) Audio)
20.2174 	EXP 	Sound target reached end of file
20.2301 	EXP 	Sound target reached end of file
20.8470 	EXP 	New trial (rep=0, index=7): <Trial 7 (7 in rep 0) data={'target_word': 'high', 'target_pitch': 'HP', 'correct_resp': 'up', 'cue_type': 'orienting', 'ear': 'right', 'cue_file': 'audio_files/orienting_right.wav', 'target_file': 'audio_files/high_HP_right.wav', 'thisN': 7, 'thisTrialN': 7, 'thisRepN': 0}>
20.8474 	EXP 	target: sampleRate = 44100
20.8553 	INFO 	Resampled audio from 44100Hz to 48000Hz using method 'default'.
20.8561 	EXP 	orienting_cue: sampleRate = 44100
20.8590 	INFO 	Resampled audio from 44100Hz to 48000Hz using method 'default'.
20.8635 	EXP 	fixation_cross: autoDraw = False
20.8635 	EXP 	fixation_cross: autoDraw = True
21.5313 	EXP 	Sound orienting_cue reached end of file
21.5475 	EXP 	Playing sound orienting_cue on speaker Realtek HD Audio 2nd output (Realtek(R) Audio)
21.5478 	INFO 	Keyboard events cleared
21.6426 	EXP 	Sound orienting_cue stopped
22.0318 	EXP 	Sound target reached end of file
22.0480 	EXP 	Playing sound target on speaker Realtek HD Audio 2nd output (Realtek(R) Audio)
22.6554 	EXP 	Sound target reached end of file
22.6654 	EXP 	Sound target reached end of file
23.7334 	EXP 	New trial (rep=0, index=8): <Trial 8 (8 in rep 0) data={'target_word': 'low', 'target_pitch': 'HP', 'correct_resp': 'up', 'cue_type': 'none', 'ear': 'left', 'cue_file': 'audio_files/alerting_cue.wav', 'target_file': 'audio_files/low_HP_left.wav', 'thisN': 8, 'thisTrialN': 8, 'thisRepN': 0}>
23.7343 	EXP 	target: sampleRate = 44100
23.7458 	INFO 	Resampled audio from 44100Hz to 48000Hz using method 'default'.
23.7468 	EXP 	orienting_cue: sampleRate = 44100
23.7525 	INFO 	Resampled audio from 44100Hz to 48000Hz using method 'default'.
23.7527 	EXP 	Sound orienting_cue set volume 0.000
23.7556 	EXP 	fixation_cross: autoDraw = False
23.7556 	EXP 	fixation_cross: autoDraw = True
24.9844 	EXP 	Sound orienting_cue reached end of file
25.0005 	EXP 	Playing sound orienting_cue on speaker Realtek HD Audio 2nd output (Realtek(R) Audio)
25.0002 	INFO 	Keyboard events cleared
25.0935 	EXP 	Sound orienting_cue stopped
25.4846 	EXP 	Sound target reached end of file
25.5008 	EXP 	Playing sound target on speaker Realtek HD Audio 2nd output (Realtek(R) Audio)
26.0748 	EXP 	Sound target reached end of file
26.0851 	EXP 	Sound target reached end of file
26.9526 	EXP 	New trial (rep=0, index=9): <Trial 9 (9 in rep 0) data={'target_word': 'low', 'target_pitch': 'HP', 'correct_resp': 'up', 'cue_type': 'orienting', 'ear': 'left', 'cue_file': 'audio_files/orienting_left.wav', 'target_file': 'audio_files/low_HP_left.wav', 'thisN': 9, 'thisTrialN': 9, 'thisRepN': 0}>
26.9535 	EXP 	target: sampleRate = 44100
26.9647 	INFO 	Resampled audio from 44100Hz to 48000Hz using method 'default'.
26.9658 	EXP 	orienting_cue: sampleRate = 44100
26.9710 	INFO 	Resampled audio from 44100Hz to 48000Hz using method 'default'.
26.9746 	EXP 	fixation_cross: autoDraw = False
26.9746 	EXP 	fixation_cross: autoDraw = False
26.9746 	EXP 	fixation_cross: autoDraw = True
28.1703 	EXP 	Sound orienting_cue reached end of file
28.1864 	EXP 	Playing sound orienting_cue on speaker Realtek HD Audio 2nd output (Realtek(R) Audio)
28.1866 	INFO 	Keyboard events cleared
28.2837 	EXP 	Sound orienting_cue stopped
28.6706 	EXP 	Sound target reached end of file
28.6868 	EXP 	Playing sound target on speaker Realtek HD Audio 2nd output (Realtek(R) Audio)
29.2565 	EXP 	Sound target reached end of file
29.2709 	EXP 	Sound target reached end of file
30.1720 	EXP 	New trial (rep=0, index=10): <Trial 10 (10 in rep 0) data={'target_word': 'low', 'target_pitch': 'LP', 'correct_resp': 'down', 'cue_type': 'alerting', 'ear': 'right', 'cue_file': 'audio_files/alerting_cue.wav', 'target_file': 'audio_files/low_LP_right.wav', 'thisN': 10, 'thisTrialN': 10, 'thisRepN': 0}>
30.1729 	EXP 	target: sampleRate = 44100
30.1983 	INFO 	Resampled audio from 44100Hz to 48000Hz using method 'default'.
30.1994 	EXP 	orienting_cue: sampleRate = 44100
30.2029 	INFO 	Resampled audio from 44100Hz to 48000Hz using method 'default'.
30.2060 	EXP 	fixation_cross: autoDraw = False
30.2060 	EXP 	fixation_cross: autoDraw = False
30.2060 	EXP 	fixation_cross: autoDraw = True
31.1229 	EXP 	Sound orienting_cue reached end of file
31.1389 	EXP 	Playing sound orienting_cue on speaker Realtek HD Audio 2nd output (Realtek(R) Audio)
31.1390 	INFO 	Keyboard events cleared
31.2335 	EXP 	Sound orienting_cue stopped
31.6231 	EXP 	Sound target reached end of file
31.6392 	EXP 	Playing sound target on speaker Realtek HD Audio 2nd output (Realtek(R) Audio)
32.2530 	EXP 	Device response: <KeyPress from None: t=32.23170240000036, value=escape, duration=None>
32.2550 	DATA 	Keypress: escape
32.2898 	EXP 	Device response: <KeyPress from None: t=32.23170240000036, value=escape, duration=0.04974409999704221>
32.2899 	EXP 	AuditoryANT: status = STOPPED
32.3061 	EXP 	fixation_cross: autoDraw = False
32.3063 	EXP 	AuditoryANT: status = STOPPED
32.3153 	INFO 	saved data to 'c:\\Users\\Adyant Balaji\\Documents\\EEG\\tinnitusExperiments\\AudiANT\\data\\007010_AuditoryANT_2025-10-28_12h17.24.902.csv'
32.3170 	INFO 	saved data to c:\Users\Adyant Balaji\Documents\EEG\tinnitusExperiments\AudiANT\data\007010_AuditoryANT_2025-10-28_12h17.24.902.psydat
32.7064 	WARNING 	Stopping key buffers but this could be dangerous ifother keyboards rely on the same.
32.7844 	WARNING 	Stopping key buffers but this could be dangerous ifother keyboards rely on the same.
