2.9757 	INFO 	Loaded monitor calibration from ['2023_11_01 17:25']
2.9831 	WARNING 	User requested fullscreen with size [1512  982], but screen is actually [2560, 1440]. Using actual size
3.4795 	INFO 	Using renderer 'Intel(R) UHD Graphics 770' for graphics
3.4795 	INFO 	OpenGL version supported by driver is 4..
3.4897 	EXP 	Created window1 = Window(allowGUI=False, allowStencil=False, autoLog=True, backendConf=UNKNOWN, backgroundFit=<method-wrapper '__getattribute__' of attributeSetter object at 0x000001B4B8A2BC40>, backgroundImage=<method-wrapper '__getattribute__' of attributeSetter object at 0x000001B4B8A2BBE0>, bitsMode=UNKNOWN, blendMode='avg', bpc=(8, 8, 8), color=array([0, 0, 0]), colorSpace='rgb', depthBits=8, fullscr=True, gamma=None, gammaErrorPolicy='raise', infoMsg=UNKNOWN, lms=UNKNOWN, monitor=<psychopy.monitors.calibTools.Monitor object at 0x000001B4B8A9F730>, multiSample=False, name='window1', numSamples=2, pos=[0.0, 0.0], screen=0, size=array([2560, 1440]), stencilBits=0, stereo=False, title='PsychoPy', units='height', useFBO=True, useRetina=False, viewOri=0.0, viewPos=None, viewScale=None, waitBlanking=True, winType='pyglet')
3.4898 	EXP 	window1: backgroundImage = ''
3.4898 	EXP 	window1: backgroundFit = 'none'
3.5609 	INFO 	keyboard.Keyboard is using ptb backend.
3.5676 	INFO 	Created stream for speaker device: Speakers (Logi USB Headset) (7.0)
3.5682 	INFO 	keyboard.Keyboard is using ptb backend.
3.5701 	INFO 	Created stream for speaker device: Speakers (Logi USB Headset) (7.0)
3.5706 	EXP 	AuditoryANT: status = STARTED
3.5955 	EXP 	Created fixation_cross = TextStim(__class__=<class 'psychopy.visual.text.TextStim'>, alignHoriz=method-wrapper(...), alignText='center', alignVert=method-wrapper(...), anchorHoriz='center', anchorVert='center', antialias=True, autoDraw=False, autoLog=True, bold=False, color=array([1., 1., 1.]), colorSpace='rgb', contrast=1.0, depth=0.0, draggable=False, flipHoriz=False, flipVert=False, font='Arial', fontFiles=[], height=0.05, italic=False, languageStyle='LTR', name='fixation_cross', opacity=1, ori=0.0, pos=array([0., 0.]), rgb=UNKNOWN, text='+', units='height', win=Window(...), wrapWidth=1)
3.5955 	EXP 	target: sampleRate = 48000
3.5955 	EXP 	target: channels = None
3.5967 	EXP 	Sound target set volume 1.000
3.5967 	EXP 	orienting_cue: sampleRate = 48000
3.5967 	EXP 	orienting_cue: channels = None
3.5968 	EXP 	Sound orienting_cue set volume 1.000
0.0112 	EXP 	Imported audio_files/conditions.csv as conditions, 24 conditions, 8 params
0.0117 	EXP 	New trial (rep=0, index=0): <Trial 0 (0 in rep 0) data={'block': 1.0, 'target_word': 'day', 'target_pitch': 'LP', 'cue_type': 'alerting', 'cue_file': 'C:/Users/Adyant Balaji/Documents/EEG/tinnitusExperiments/AudiANT/audio_files/alerting_cue.wav', 'target_file': 'C:/Users/Adyant Balaji/Documents/EEG/tinnitusExperiments/AudiANT/audio_files/day_LP_left.wav', 'correct_resp': 'down', 'ear': 'left', 'thisN': 0, 'thisTrialN': 0, 'thisRepN': 0}>
0.0120 	EXP 	target: sampleRate = 44100
0.0228 	INFO 	Resampled audio from 44100Hz to 48000Hz using method 'default'.
0.0232 	EXP 	orienting_cue: sampleRate = 44100
0.0242 	INFO 	Resampled audio from 44100Hz to 48000Hz using method 'default'.
0.0243 	EXP 	Sound orienting_cue set volume 0.000
0.0273 	EXP 	fixation_cross: autoDraw = True
0.8039 	EXP 	Sound orienting_cue reached end of file
0.8203 	EXP 	Playing sound orienting_cue on speaker Speakers (Logi USB Headset)
0.8203 	INFO 	Keyboard events cleared
0.9216 	EXP 	Sound orienting_cue stopped
1.3047 	EXP 	Sound target reached end of file
1.3209 	EXP 	Playing sound target on speaker Speakers (Logi USB Headset)
2.3787 	EXP 	Sound target reached end of file
2.3882 	EXP 	Sound target reached end of file
3.0063 	EXP 	New trial (rep=0, index=1): <Trial 1 (1 in rep 0) data={'block': None, 'target_word': 'high', 'target_pitch': 'HP', 'cue_type': 'orienting', 'cue_file': 'C:/Users/Adyant Balaji/Documents/EEG/tinnitusExperiments/AudiANT/audio_files/orienting_right.wav', 'target_file': 'C:/Users/Adyant Balaji/Documents/EEG/tinnitusExperiments/AudiANT/audio_files/high_HP_right.wav', 'correct_resp': 'up', 'ear': 'right', 'thisN': 1, 'thisTrialN': 1, 'thisRepN': 0}>
3.0073 	EXP 	target: sampleRate = 44100
3.0270 	INFO 	Resampled audio from 44100Hz to 48000Hz using method 'default'.
3.0282 	EXP 	orienting_cue: sampleRate = 44100
3.0336 	INFO 	Resampled audio from 44100Hz to 48000Hz using method 'default'.
3.0365 	EXP 	fixation_cross: autoDraw = False
3.0365 	EXP 	fixation_cross: autoDraw = True
3.8068 	EXP 	Sound orienting_cue reached end of file
3.8231 	EXP 	Playing sound orienting_cue on speaker Speakers (Logi USB Headset)
3.8231 	INFO 	Keyboard events cleared
3.9229 	EXP 	Sound orienting_cue stopped
4.3071 	EXP 	Sound target reached end of file
4.3234 	EXP 	Playing sound target on speaker Speakers (Logi USB Headset)
4.9319 	EXP 	Sound target reached end of file
4.9411 	EXP 	Sound target reached end of file
6.0089 	EXP 	New trial (rep=0, index=2): <Trial 2 (2 in rep 0) data={'block': 1.0, 'target_word': 'day', 'target_pitch': 'LP', 'cue_type': 'orienting', 'cue_file': 'C:/Users/Adyant Balaji/Documents/EEG/tinnitusExperiments/AudiANT/audio_files/orienting_left.wav', 'target_file': 'C:/Users/Adyant Balaji/Documents/EEG/tinnitusExperiments/AudiANT/audio_files/day_LP_left.wav', 'correct_resp': 'down', 'ear': 'left', 'thisN': 2, 'thisTrialN': 2, 'thisRepN': 0}>
6.0097 	EXP 	target: sampleRate = 44100
6.0174 	INFO 	Resampled audio from 44100Hz to 48000Hz using method 'default'.
6.0178 	EXP 	orienting_cue: sampleRate = 44100
6.0189 	INFO 	Resampled audio from 44100Hz to 48000Hz using method 'default'.
6.0246 	EXP 	fixation_cross: autoDraw = False
6.0246 	EXP 	fixation_cross: autoDraw = True
6.7924 	EXP 	Sound orienting_cue reached end of file
6.8087 	EXP 	Playing sound orienting_cue on speaker Speakers (Logi USB Headset)
6.8089 	INFO 	Keyboard events cleared
6.9113 	EXP 	Sound orienting_cue stopped
7.2929 	EXP 	Sound target reached end of file
7.3091 	EXP 	Playing sound target on speaker Speakers (Logi USB Headset)
8.3678 	EXP 	Sound target reached end of file
8.3767 	EXP 	Sound target reached end of file
8.9945 	EXP 	New trial (rep=0, index=3): <Trial 3 (3 in rep 0) data={'block': None, 'target_word': 'day', 'target_pitch': 'LP', 'cue_type': 'orienting', 'cue_file': 'C:/Users/Adyant Balaji/Documents/EEG/tinnitusExperiments/AudiANT/audio_files/orienting_right.wav', 'target_file': 'C:/Users/Adyant Balaji/Documents/EEG/tinnitusExperiments/AudiANT/audio_files/day_LP_right.wav', 'correct_resp': 'down', 'ear': 'right', 'thisN': 3, 'thisTrialN': 3, 'thisRepN': 0}>
8.9954 	EXP 	target: sampleRate = 44100
9.0167 	INFO 	Resampled audio from 44100Hz to 48000Hz using method 'default'.
9.0172 	EXP 	orienting_cue: sampleRate = 44100
9.0183 	INFO 	Resampled audio from 44100Hz to 48000Hz using method 'default'.
9.0205 	EXP 	fixation_cross: autoDraw = False
9.0205 	EXP 	fixation_cross: autoDraw = True
9.9284 	EXP 	Sound orienting_cue reached end of file
9.9447 	EXP 	Playing sound orienting_cue on speaker Speakers (Logi USB Headset)
9.9448 	INFO 	Keyboard events cleared
10.0449 	EXP 	Sound orienting_cue stopped
10.4288 	EXP 	Sound target reached end of file
10.4451 	EXP 	Playing sound target on speaker Speakers (Logi USB Headset)
11.5027 	EXP 	Sound target reached end of file
11.5131 	EXP 	Sound target reached end of file
11.9968 	WARNING 	Keypress was given unknown key code (174)
12.0051 	EXP 	Device response: <KeyPress from None: t=11.994546699992497, value=unknown, duration=None>
12.0130 	EXP 	Device response: <KeyPress from None: t=11.994546699992497, value=unknown, duration=0.0014404000103240833>
12.0634 	WARNING 	Keypress was given unknown key code (176)
12.0635 	EXP 	Device response: <KeyPress from None: t=12.049025100001018, value=unknown, duration=None>
12.0636 	EXP 	Device response: <KeyPress from None: t=12.049025100001018, value=unknown, duration=0.002298999999766238>
12.0965 	WARNING 	Keypress was given unknown key code (176)
12.0965 	EXP 	Device response: <KeyPress from None: t=12.080135700001847, value=unknown, duration=None>
12.0966 	EXP 	Device response: <KeyPress from None: t=12.080135700001847, value=unknown, duration=0.00255799999285955>
12.1138 	EXP 	New trial (rep=0, index=4): <Trial 4 (4 in rep 0) data={'block': None, 'target_word': 'high', 'target_pitch': 'LP', 'cue_type': 'alerting', 'cue_file': 'C:/Users/Adyant Balaji/Documents/EEG/tinnitusExperiments/AudiANT/audio_files/alerting_cue.wav', 'target_file': 'C:/Users/Adyant Balaji/Documents/EEG/tinnitusExperiments/AudiANT/audio_files/high_LP_right.wav', 'correct_resp': 'down', 'ear': 'right', 'thisN': 4, 'thisTrialN': 4, 'thisRepN': 0}>
12.1146 	EXP 	target: sampleRate = 44100
12.1355 	INFO 	Resampled audio from 44100Hz to 48000Hz using method 'default'.
12.1361 	EXP 	orienting_cue: sampleRate = 44100
12.1371 	INFO 	Resampled audio from 44100Hz to 48000Hz using method 'default'.
12.1373 	EXP 	Sound orienting_cue set volume 0.000
12.1374 	WARNING 	Keypress was given unknown key code (176)
12.1375 	EXP 	Device response: <KeyPress from None: t=12.12020499999926, value=unknown, duration=None>
12.1375 	EXP 	Device response: <KeyPress from None: t=12.12020499999926, value=unknown, duration=0.0022200999956112355>
12.1398 	EXP 	fixation_cross: autoDraw = False
12.1398 	EXP 	fixation_cross: autoDraw = True
12.1803 	WARNING 	Keypress was given unknown key code (176)
12.1804 	EXP 	Device response: <KeyPress from None: t=12.176110200001858, value=unknown, duration=None>
12.1805 	EXP 	Device response: <KeyPress from None: t=12.176110200001858, value=unknown, duration=0.002405799998086877>
12.5020 	WARNING 	Keypress was given unknown key code (176)
12.5021 	EXP 	Device response: <KeyPress from None: t=12.472543700001552, value=unknown, duration=None>
12.5021 	EXP 	Device response: <KeyPress from None: t=12.472543700001552, value=unknown, duration=0.001304099991102703>
12.5021 	WARNING 	Keypress was given unknown key code (176)
12.5022 	EXP 	Device response: <KeyPress from None: t=12.475300599995535, value=unknown, duration=None>
12.5022 	EXP 	Device response: <KeyPress from None: t=12.475300599995535, value=unknown, duration=0.0022000000026309863>
12.8158 	EXP 	Sound orienting_cue reached end of file
12.8322 	EXP 	Playing sound orienting_cue on speaker Speakers (Logi USB Headset)
12.8315 	INFO 	Keyboard events cleared
12.9346 	EXP 	Sound orienting_cue stopped
13.3148 	EXP 	Sound target reached end of file
13.3313 	EXP 	Playing sound target on speaker Speakers (Logi USB Headset)
14.3897 	EXP 	Sound target reached end of file
14.4001 	EXP 	Sound target reached end of file
15.0173 	EXP 	New trial (rep=0, index=5): <Trial 5 (5 in rep 0) data={'block': None, 'target_word': 'low', 'target_pitch': 'HP', 'cue_type': 'orienting', 'cue_file': 'C:/Users/Adyant Balaji/Documents/EEG/tinnitusExperiments/AudiANT/audio_files/orienting_right.wav', 'target_file': 'C:/Users/Adyant Balaji/Documents/EEG/tinnitusExperiments/AudiANT/audio_files/low_HP_right.wav', 'correct_resp': 'up', 'ear': 'right', 'thisN': 5, 'thisTrialN': 5, 'thisRepN': 0}>
15.0176 	EXP 	target: sampleRate = 44100
15.0217 	INFO 	Resampled audio from 44100Hz to 48000Hz using method 'default'.
15.0220 	EXP 	orienting_cue: sampleRate = 44100
15.0236 	INFO 	Resampled audio from 44100Hz to 48000Hz using method 'default'.
15.0339 	EXP 	fixation_cross: autoDraw = False
15.0339 	EXP 	fixation_cross: autoDraw = True
16.1522 	EXP 	Sound orienting_cue reached end of file
16.1684 	EXP 	Playing sound orienting_cue on speaker Speakers (Logi USB Headset)
16.1686 	INFO 	Keyboard events cleared
16.2634 	EXP 	Sound orienting_cue stopped
16.6525 	EXP 	Sound target reached end of file
16.6688 	EXP 	Playing sound target on speaker Speakers (Logi USB Headset)
17.2458 	EXP 	Sound target reached end of file
17.2530 	EXP 	Sound target reached end of file
18.2207 	EXP 	New trial (rep=0, index=6): <Trial 6 (6 in rep 0) data={'block': None, 'target_word': 'day', 'target_pitch': 'LP', 'cue_type': 'alerting', 'cue_file': 'C:/Users/Adyant Balaji/Documents/EEG/tinnitusExperiments/AudiANT/audio_files/alerting_cue.wav', 'target_file': 'C:/Users/Adyant Balaji/Documents/EEG/tinnitusExperiments/AudiANT/audio_files/day_LP_right.wav', 'correct_resp': 'down', 'ear': 'right', 'thisN': 6, 'thisTrialN': 6, 'thisRepN': 0}>
18.2216 	EXP 	target: sampleRate = 44100
18.2398 	INFO 	Resampled audio from 44100Hz to 48000Hz using method 'default'.
18.2402 	EXP 	orienting_cue: sampleRate = 44100
18.2410 	INFO 	Resampled audio from 44100Hz to 48000Hz using method 'default'.
18.2411 	EXP 	Sound orienting_cue set volume 0.000
18.2435 	EXP 	fixation_cross: autoDraw = False
18.2435 	EXP 	fixation_cross: autoDraw = False
18.2435 	EXP 	fixation_cross: autoDraw = True
18.3034 	EXP 	Device response: <KeyPress from None: t=18.299665400001686, value=up, duration=None>
18.3038 	DATA 	Keypress: up
18.3875 	EXP 	Device response: <KeyPress from None: t=18.299665400001686, value=up, duration=0.07439029999659397>
18.7209 	EXP 	Sound orienting_cue reached end of file
18.7371 	EXP 	Playing sound orienting_cue on speaker Speakers (Logi USB Headset)
18.7374 	INFO 	Keyboard events cleared
18.8210 	EXP 	Device response: <KeyPress from None: t=18.816129300001194, value=down, duration=None>
18.8406 	EXP 	Sound orienting_cue stopped
18.8410 	EXP 	New trial (rep=0, index=7): <Trial 7 (7 in rep 0) data={'block': None, 'target_word': 'day', 'target_pitch': 'HP', 'cue_type': 'orienting', 'cue_file': 'C:/Users/Adyant Balaji/Documents/EEG/tinnitusExperiments/AudiANT/audio_files/orienting_right.wav', 'target_file': 'C:/Users/Adyant Balaji/Documents/EEG/tinnitusExperiments/AudiANT/audio_files/day_HP_right.wav', 'correct_resp': 'up', 'ear': 'right', 'thisN': 7, 'thisTrialN': 7, 'thisRepN': 0}>
18.8598 	EXP 	target: sampleRate = 44100
18.8676 	INFO 	Resampled audio from 44100Hz to 48000Hz using method 'default'.
18.8683 	EXP 	orienting_cue: sampleRate = 44100
18.8706 	INFO 	Resampled audio from 44100Hz to 48000Hz using method 'default'.
18.8714 	DATA 	Keypress: down
18.8735 	EXP 	fixation_cross: autoDraw = False
18.8735 	EXP 	fixation_cross: autoDraw = True
18.9882 	EXP 	Device response: <KeyPress from None: t=18.816129300001194, value=down, duration=0.16598499999963678>
19.0879 	EXP 	Device response: <KeyPress from None: t=19.07954459999746, value=down, duration=None>
19.0890 	DATA 	Keypress: down
19.1885 	EXP 	Device response: <KeyPress from None: t=19.07954459999746, value=down, duration=0.09547500000917353>
19.3216 	EXP 	Device response: <KeyPress from None: t=19.316071799999918, value=left, duration=None>
19.3230 	DATA 	Keypress: left
19.4383 	EXP 	Device response: <KeyPress from None: t=19.316071799999918, value=left, duration=0.12018250000255648>
19.5884 	EXP 	Device response: <KeyPress from None: t=19.581035900002462, value=right, duration=None>
19.5896 	DATA 	Keypress: right
19.7554 	EXP 	Device response: <KeyPress from None: t=19.581035900002462, value=right, duration=0.1651270000002114>
19.8721 	EXP 	Device response: <KeyPress from None: t=19.864065200003097, value=left, duration=None>
19.8732 	DATA 	Keypress: left
19.9387 	EXP 	Sound orienting_cue reached end of file
19.9548 	EXP 	Playing sound orienting_cue on speaker Speakers (Logi USB Headset)
19.9550 	INFO 	Keyboard events cleared
19.9888 	EXP 	Device response: <KeyPress from None: t=19.864065200003097, value=left, duration=0.1189538999897195>
20.0552 	EXP 	Sound orienting_cue stopped
20.3724 	EXP 	Device response: <KeyPress from None: t=20.37020730000222, value=space, duration=None>
20.3737 	DATA 	Keypress: space
20.4390 	EXP 	Sound target reached end of file
20.4552 	EXP 	Playing sound target on speaker Speakers (Logi USB Headset)
20.4558 	EXP 	Device response: <KeyPress from None: t=20.37020730000222, value=space, duration=0.07280009999522008>
21.0660 	EXP 	Sound target reached end of file
21.0729 	EXP 	Sound target reached end of file
21.8582 	DATA 	Mouse: Left button down, pos=(2386,437)
21.9405 	DATA 	Mouse:  Left button up, pos=(2386,437)
22.0573 	EXP 	New trial (rep=0, index=8): <Trial 8 (8 in rep 0) data={'block': 1.0, 'target_word': 'low', 'target_pitch': 'HP', 'cue_type': 'orienting', 'cue_file': 'C:/Users/Adyant Balaji/Documents/EEG/tinnitusExperiments/AudiANT/audio_files/orienting_left.wav', 'target_file': 'C:/Users/Adyant Balaji/Documents/EEG/tinnitusExperiments/AudiANT/audio_files/low_HP_left.wav', 'correct_resp': 'up', 'ear': 'left', 'thisN': 8, 'thisTrialN': 8, 'thisRepN': 0}>
22.0785 	EXP 	target: sampleRate = 44100
22.0878 	INFO 	Resampled audio from 44100Hz to 48000Hz using method 'default'.
22.0886 	EXP 	orienting_cue: sampleRate = 44100
22.0913 	INFO 	Resampled audio from 44100Hz to 48000Hz using method 'default'.
22.0940 	EXP 	fixation_cross: autoDraw = False
22.0940 	EXP 	fixation_cross: autoDraw = False
22.0940 	EXP 	fixation_cross: autoDraw = True
22.6409 	EXP 	Device response: <KeyPress from None: t=22.637183300001197, value=space, duration=None>
22.6420 	DATA 	Keypress: space
22.7408 	EXP 	Device response: <KeyPress from None: t=22.637183300001197, value=space, duration=0.09685819999140222>
23.3913 	EXP 	Sound orienting_cue reached end of file
23.4075 	EXP 	Playing sound orienting_cue on speaker Speakers (Logi USB Headset)
23.4078 	INFO 	Keyboard events cleared
23.4085 	EXP 	Device response: <KeyPress from None: t=23.40723880000587, value=space, duration=None>
23.4093 	DATA 	Keypress: space
23.4914 	EXP 	Device response: <KeyPress from None: t=23.40723880000587, value=space, duration=0.07308940000075381>
23.5105 	EXP 	Sound orienting_cue stopped
23.6751 	EXP 	Device response: <KeyPress from None: t=23.66919909999706, value=space, duration=None>
23.6763 	DATA 	Keypress: space
23.7751 	EXP 	Device response: <KeyPress from None: t=23.66919909999706, value=space, duration=0.09717360000649933>
23.8918 	EXP 	Sound target reached end of file
23.9080 	EXP 	Playing sound target on speaker Speakers (Logi USB Headset)
23.9087 	EXP 	Device response: <KeyPress from None: t=23.896181499992963, value=up, duration=None>
23.9216 	EXP 	Sound target paused
23.9219 	EXP 	New trial (rep=0, index=9): <Trial 9 (9 in rep 0) data={'block': 1.0, 'target_word': 'high', 'target_pitch': 'LP', 'cue_type': 'orienting', 'cue_file': 'C:/Users/Adyant Balaji/Documents/EEG/tinnitusExperiments/AudiANT/audio_files/orienting_left.wav', 'target_file': 'C:/Users/Adyant Balaji/Documents/EEG/tinnitusExperiments/AudiANT/audio_files/high_LP_left.wav', 'correct_resp': 'down', 'ear': 'left', 'thisN': 9, 'thisTrialN': 9, 'thisRepN': 0}>
23.9400 	EXP 	target: sampleRate = 44100
23.9544 	INFO 	Resampled audio from 44100Hz to 48000Hz using method 'default'.
23.9548 	EXP 	orienting_cue: sampleRate = 44100
23.9564 	INFO 	Resampled audio from 44100Hz to 48000Hz using method 'default'.
23.9571 	DATA 	Keypress: up
23.9591 	EXP 	fixation_cross: autoDraw = False
23.9591 	EXP 	fixation_cross: autoDraw = True
24.0421 	EXP 	Device response: <KeyPress from None: t=23.896181499992963, value=up, duration=0.14361710000957828>
24.1923 	EXP 	Device response: <KeyPress from None: t=24.182156199996825, value=down, duration=None>
24.1936 	DATA 	Keypress: down
24.3093 	EXP 	Device response: <KeyPress from None: t=24.182156199996825, value=down, duration=0.1190344000060577>
24.4591 	EXP 	Device response: <KeyPress from None: t=24.44414140000299, value=up, duration=None>
24.4605 	DATA 	Keypress: up
24.5257 	EXP 	Device response: <KeyPress from None: t=24.44414140000299, value=up, duration=0.0740932999906363>
24.6621 	DATA 	Keypress: down
24.6760 	EXP 	Device response: <KeyPress from None: t=24.660510799993062, value=down, duration=None>
24.7426 	EXP 	Device response: <KeyPress from None: t=24.660510799993062, value=down, duration=0.07384150000871159>
24.8592 	EXP 	Device response: <KeyPress from None: t=24.854044399995473, value=up, duration=None>
24.8604 	DATA 	Keypress: up
24.9428 	EXP 	Device response: <KeyPress from None: t=24.854044399995473, value=up, duration=0.07310649999999441>
25.0263 	EXP 	Device response: <KeyPress from None: t=25.024269799992908, value=down, duration=None>
25.0275 	DATA 	Keypress: down
25.1262 	EXP 	Sound orienting_cue reached end of file
25.1424 	EXP 	Playing sound orienting_cue on speaker Speakers (Logi USB Headset)
25.1266 	EXP 	Device response: <KeyPress from None: t=25.024269799992908, value=down, duration=0.09585580001294147>
25.1426 	INFO 	Keyboard events cleared
25.2400 	EXP 	Sound orienting_cue stopped
25.2419 	DATA 	Keypress: down
25.2440 	EXP 	Device response: <KeyPress from None: t=25.240581000005477, value=down, duration=None>
25.2441 	EXP 	New trial (rep=0, index=10): <Trial 10 (10 in rep 0) data={'block': None, 'target_word': 'low', 'target_pitch': 'LP', 'cue_type': 'orienting', 'cue_file': 'C:/Users/Adyant Balaji/Documents/EEG/tinnitusExperiments/AudiANT/audio_files/orienting_right.wav', 'target_file': 'C:/Users/Adyant Balaji/Documents/EEG/tinnitusExperiments/AudiANT/audio_files/low_LP_right.wav', 'correct_resp': 'down', 'ear': 'right', 'thisN': 10, 'thisTrialN': 10, 'thisRepN': 0}>
25.2507 	EXP 	target: sampleRate = 44100
25.2583 	INFO 	Resampled audio from 44100Hz to 48000Hz using method 'default'.
25.2588 	EXP 	orienting_cue: sampleRate = 44100
25.2604 	INFO 	Resampled audio from 44100Hz to 48000Hz using method 'default'.
25.2629 	EXP 	fixation_cross: autoDraw = False
25.2629 	EXP 	fixation_cross: autoDraw = True
25.2932 	EXP 	Device response: <KeyPress from None: t=25.240581000005477, value=down, duration=0.0498275999998441>
25.3932 	EXP 	Device response: <KeyPress from None: t=25.38733990000037, value=up, duration=None>
25.3943 	DATA 	Keypress: up
25.4934 	EXP 	Device response: <KeyPress from None: t=25.38733990000037, value=up, duration=0.09565529999963474>
25.8436 	EXP 	Device response: <KeyPress from None: t=25.841477900001337, value=escape, duration=None>
25.8448 	DATA 	Keypress: escape
25.9270 	EXP 	Device response: <KeyPress from None: t=25.841477900001337, value=escape, duration=0.07355099999404047>
25.9271 	EXP 	AuditoryANT: status = STOPPED
25.9431 	EXP 	fixation_cross: autoDraw = False
25.9433 	EXP 	AuditoryANT: status = STOPPED
25.9590 	INFO 	saved data to 'c:\\Users\\Adyant Balaji\\Documents\\EEG\\tinnitusExperiments\\AudiANT\\data\\023050_AuditoryANT_2025-09-26_14h03.28.124.csv'
25.9605 	INFO 	saved data to c:\Users\Adyant Balaji\Documents\EEG\tinnitusExperiments\AudiANT\data\023050_AuditoryANT_2025-09-26_14h03.28.124.psydat
26.3060 	WARNING 	Stopping key buffers but this could be dangerous ifother keyboards rely on the same.
26.3176 	WARNING 	Stopping key buffers but this could be dangerous ifother keyboards rely on the same.
