2.8361 	INFO 	Loaded monitor calibration from ['2023_11_01 17:25']
2.8430 	WARNING 	User requested fullscreen with size [1512  982], but screen is actually [2560, 1440]. Using actual size
3.3066 	INFO 	Using renderer 'Intel(R) UHD Graphics 770' for graphics
3.3066 	INFO 	OpenGL version supported by driver is 4..
3.3174 	EXP 	Created window1 = Window(allowGUI=False, allowStencil=False, autoLog=True, backendConf=UNKNOWN, backgroundFit=<method-wrapper '__getattribute__' of attributeSetter object at 0x00000250F7411C40>, backgroundImage=<method-wrapper '__getattribute__' of attributeSetter object at 0x00000250F7411BE0>, bitsMode=UNKNOWN, blendMode='avg', bpc=(8, 8, 8), color=array([0, 0, 0]), colorSpace='rgb', depthBits=8, fullscr=True, gamma=None, gammaErrorPolicy='raise', infoMsg=UNKNOWN, lms=UNKNOWN, monitor=<psychopy.monitors.calibTools.Monitor object at 0x00000250F74AA6D0>, multiSample=False, name='window1', numSamples=2, pos=[0.0, 0.0], screen=0, size=array([2560, 1440]), stencilBits=0, stereo=False, title='PsychoPy', units='height', useFBO=True, useRetina=False, viewOri=0.0, viewPos=None, viewScale=None, waitBlanking=True, winType='pyglet')
3.3174 	EXP 	window1: backgroundImage = ''
3.3175 	EXP 	window1: backgroundFit = 'none'
3.3927 	INFO 	keyboard.Keyboard is using ptb backend.
3.4058 	INFO 	Created stream for speaker device: Realtek HD Audio 2nd output (Realtek(R) Audio) (10.0)
3.4065 	INFO 	keyboard.Keyboard is using ptb backend.
3.4089 	INFO 	Created stream for speaker device: Realtek HD Audio 2nd output (Realtek(R) Audio) (10.0)
3.4094 	EXP 	AuditoryANT: status = STARTED
3.4348 	EXP 	Created fixation_cross = TextStim(__class__=<class 'psychopy.visual.text.TextStim'>, alignHoriz=method-wrapper(...), alignText='center', alignVert=method-wrapper(...), anchorHoriz='center', anchorVert='center', antialias=True, autoDraw=False, autoLog=True, bold=False, color=array([1., 1., 1.]), colorSpace='rgb', contrast=1.0, depth=0.0, draggable=False, flipHoriz=False, flipVert=False, font='Arial', fontFiles=[], height=0.05, italic=False, languageStyle='LTR', name='fixation_cross', opacity=1, ori=0.0, pos=array([0., 0.]), rgb=UNKNOWN, text='+', units='height', win=Window(...), wrapWidth=1)
3.4349 	EXP 	target: sampleRate = 48000
3.4349 	EXP 	target: channels = None
3.4362 	EXP 	Sound target set volume 1.000
3.4362 	EXP 	orienting_cue: sampleRate = 48000
3.4362 	EXP 	orienting_cue: channels = None
3.4363 	EXP 	Sound orienting_cue set volume 1.000
0.0199 	EXP 	Imported audio_files/conditions.csv as conditions, 24 conditions, 8 params
0.0204 	EXP 	New trial (rep=0, index=0): <Trial 0 (0 in rep 0) data={'block': 1, 'target_word': 'day', 'target_pitch': 'LP', 'correct_resp': 'up', 'cue_type': 'alerting', 'ear': 'left', 'cue_file': 'audio_files/alerting_cue.wav', 'target_file': 'audio_files/day_LP_left.wav', 'thisN': 0, 'thisTrialN': 0, 'thisRepN': 0}>
0.0206 	EXP 	target: sampleRate = 44100
0.0304 	INFO 	Resampled audio from 44100Hz to 48000Hz using method 'default'.
0.0308 	EXP 	orienting_cue: sampleRate = 44100
0.0319 	INFO 	Resampled audio from 44100Hz to 48000Hz using method 'default'.
0.0320 	EXP 	Sound orienting_cue set volume 0.000
0.0349 	EXP 	fixation_cross: autoDraw = True
0.8303 	EXP 	Sound orienting_cue reached end of file
0.8467 	EXP 	Playing sound orienting_cue on speaker Realtek HD Audio 2nd output (Realtek(R) Audio)
0.8467 	INFO 	Keyboard events cleared
0.9435 	EXP 	Sound orienting_cue stopped
1.3308 	EXP 	Sound target reached end of file
1.3471 	EXP 	Playing sound target on speaker Realtek HD Audio 2nd output (Realtek(R) Audio)
2.4020 	EXP 	Sound target reached end of file
2.4147 	EXP 	Sound target reached end of file
3.0327 	EXP 	New trial (rep=0, index=1): <Trial 1 (1 in rep 0) data={'block': 1, 'target_word': 'high', 'target_pitch': 'HP', 'correct_resp': 'up', 'cue_type': 'orienting', 'ear': 'right', 'cue_file': 'audio_files/orienting_right.wav', 'target_file': 'audio_files/high_HP_right.wav', 'thisN': 1, 'thisTrialN': 1, 'thisRepN': 0}>
3.0336 	EXP 	target: sampleRate = 44100
3.0488 	INFO 	Resampled audio from 44100Hz to 48000Hz using method 'default'.
3.0493 	EXP 	orienting_cue: sampleRate = 44100
3.0512 	INFO 	Resampled audio from 44100Hz to 48000Hz using method 'default'.
3.0534 	EXP 	fixation_cross: autoDraw = False
3.0534 	EXP 	fixation_cross: autoDraw = True
3.6496 	EXP 	Sound orienting_cue reached end of file
3.6657 	EXP 	Playing sound orienting_cue on speaker Realtek HD Audio 2nd output (Realtek(R) Audio)
3.6660 	INFO 	Keyboard events cleared
3.7633 	EXP 	Sound orienting_cue stopped
4.1499 	EXP 	Sound target reached end of file
4.1661 	EXP 	Playing sound target on speaker Realtek HD Audio 2nd output (Realtek(R) Audio)
4.7743 	EXP 	Sound target reached end of file
4.7839 	EXP 	Sound target reached end of file
5.8515 	EXP 	New trial (rep=0, index=2): <Trial 2 (2 in rep 0) data={'block': 1, 'target_word': 'day', 'target_pitch': 'LP', 'correct_resp': 'up', 'cue_type': 'orienting', 'ear': 'left', 'cue_file': 'audio_files/orienting_left.wav', 'target_file': 'audio_files/day_LP_left.wav', 'thisN': 2, 'thisTrialN': 2, 'thisRepN': 0}>
5.8523 	EXP 	target: sampleRate = 44100
5.8804 	INFO 	Resampled audio from 44100Hz to 48000Hz using method 'default'.
5.8809 	EXP 	orienting_cue: sampleRate = 44100
5.8825 	INFO 	Resampled audio from 44100Hz to 48000Hz using method 'default'.
5.8848 	EXP 	fixation_cross: autoDraw = False
5.8848 	EXP 	fixation_cross: autoDraw = True
7.1027 	EXP 	Sound orienting_cue reached end of file
7.1188 	EXP 	Playing sound orienting_cue on speaker Realtek HD Audio 2nd output (Realtek(R) Audio)
7.1188 	INFO 	Keyboard events cleared
7.2209 	EXP 	Sound orienting_cue stopped
7.6029 	EXP 	Sound target reached end of file
7.6191 	EXP 	Playing sound target on speaker Realtek HD Audio 2nd output (Realtek(R) Audio)
8.6794 	EXP 	Sound target reached end of file
8.6869 	EXP 	Sound target reached end of file
9.0712 	EXP 	New trial (rep=0, index=3): <Trial 3 (3 in rep 0) data={'block': 1, 'target_word': 'day', 'target_pitch': 'LP', 'correct_resp': 'up', 'cue_type': 'orienting', 'ear': 'right', 'cue_file': 'audio_files/orienting_right.wav', 'target_file': 'audio_files/day_LP_right.wav', 'thisN': 3, 'thisTrialN': 3, 'thisRepN': 0}>
9.0720 	EXP 	target: sampleRate = 44100
9.0930 	INFO 	Resampled audio from 44100Hz to 48000Hz using method 'default'.
9.0933 	EXP 	orienting_cue: sampleRate = 44100
9.0944 	INFO 	Resampled audio from 44100Hz to 48000Hz using method 'default'.
9.0965 	EXP 	fixation_cross: autoDraw = False
9.0965 	EXP 	fixation_cross: autoDraw = False
9.0965 	EXP 	fixation_cross: autoDraw = True
10.0216 	EXP 	Sound orienting_cue reached end of file
10.0378 	EXP 	Playing sound orienting_cue on speaker Realtek HD Audio 2nd output (Realtek(R) Audio)
10.0379 	INFO 	Keyboard events cleared
10.1415 	EXP 	Sound orienting_cue stopped
10.5221 	EXP 	Sound target reached end of file
10.5383 	EXP 	Playing sound target on speaker Realtek HD Audio 2nd output (Realtek(R) Audio)
11.5918 	EXP 	Sound target reached end of file
11.5944 	EXP 	Sound target reached end of file
12.2237 	EXP 	New trial (rep=0, index=4): <Trial 4 (4 in rep 0) data={'block': 1, 'target_word': 'high', 'target_pitch': 'LP', 'correct_resp': 'down', 'cue_type': 'alerting', 'ear': 'right', 'cue_file': 'audio_files/alerting_cue.wav', 'target_file': 'audio_files/high_LP_right.wav', 'thisN': 4, 'thisTrialN': 4, 'thisRepN': 0}>
12.2246 	EXP 	target: sampleRate = 44100
12.2469 	INFO 	Resampled audio from 44100Hz to 48000Hz using method 'default'.
12.2473 	EXP 	orienting_cue: sampleRate = 44100
12.2480 	INFO 	Resampled audio from 44100Hz to 48000Hz using method 'default'.
12.2481 	EXP 	Sound orienting_cue set volume 0.000
12.2503 	EXP 	fixation_cross: autoDraw = False
12.2503 	EXP 	fixation_cross: autoDraw = True
13.0241 	EXP 	Sound orienting_cue reached end of file
13.0403 	EXP 	Playing sound orienting_cue on speaker Realtek HD Audio 2nd output (Realtek(R) Audio)
13.0406 	INFO 	Keyboard events cleared
13.1334 	EXP 	Sound orienting_cue stopped
13.5244 	EXP 	Sound target reached end of file
13.5407 	EXP 	Playing sound target on speaker Realtek HD Audio 2nd output (Realtek(R) Audio)
14.6015 	EXP 	Sound target reached end of file
14.6084 	EXP 	Sound target reached end of file
15.2261 	EXP 	New trial (rep=0, index=5): <Trial 5 (5 in rep 0) data={'block': 1, 'target_word': 'low', 'target_pitch': 'HP', 'correct_resp': 'down', 'cue_type': 'orienting', 'ear': 'right', 'cue_file': 'audio_files/orienting_right.wav', 'target_file': 'audio_files/low_HP_right.wav', 'thisN': 5, 'thisTrialN': 5, 'thisRepN': 0}>
15.2272 	EXP 	target: sampleRate = 44100
15.2404 	INFO 	Resampled audio from 44100Hz to 48000Hz using method 'default'.
15.2410 	EXP 	orienting_cue: sampleRate = 44100
15.2433 	INFO 	Resampled audio from 44100Hz to 48000Hz using method 'default'.
15.2457 	EXP 	fixation_cross: autoDraw = False
15.2457 	EXP 	fixation_cross: autoDraw = True
15.2878 	EXP 	Device response: <KeyPress from None: t=15.26800860000003, value=escape, duration=None>
15.2900 	DATA 	Keypress: escape
15.3763 	EXP 	Device response: <KeyPress from None: t=15.26800860000003, value=escape, duration=0.09587149999970279>
15.3764 	EXP 	AuditoryANT: status = STOPPED
15.3923 	EXP 	fixation_cross: autoDraw = False
15.3924 	EXP 	AuditoryANT: status = STOPPED
15.4006 	INFO 	saved data to 'c:\\Users\\Adyant Balaji\\Documents\\EEG\\tinnitusExperiments\\AudiANT\\data\\097451_AuditoryANT_2025-10-28_12h02.23.337.csv'
15.4029 	INFO 	saved data to c:\Users\Adyant Balaji\Documents\EEG\tinnitusExperiments\AudiANT\data\097451_AuditoryANT_2025-10-28_12h02.23.337.psydat
15.7933 	WARNING 	Stopping key buffers but this could be dangerous ifother keyboards rely on the same.
15.8208 	WARNING 	Stopping key buffers but this could be dangerous ifother keyboards rely on the same.
