3.2790 	INFO 	Loaded monitor calibration from ['2023_11_01 17:25']
3.2846 	WARNING 	User requested fullscreen with size [1512  982], but screen is actually [2560, 1440]. Using actual size
3.7428 	INFO 	Using renderer 'Intel(R) UHD Graphics 770' for graphics
3.7428 	INFO 	OpenGL version supported by driver is 4..
3.7524 	EXP 	Created window1 = Window(allowGUI=False, allowStencil=False, autoLog=True, backendConf=UNKNOWN, backgroundFit=<method-wrapper '__getattribute__' of attributeSetter object at 0x0000019232990BE0>, backgroundImage=<method-wrapper '__getattribute__' of attributeSetter object at 0x0000019232990B80>, bitsMode=UNKNOWN, blendMode='avg', bpc=(8, 8, 8), color=array([0, 0, 0]), colorSpace='rgb', depthBits=8, fullscr=True, gamma=None, gammaErrorPolicy='raise', infoMsg=UNKNOWN, lms=UNKNOWN, monitor=<psychopy.monitors.calibTools.Monitor object at 0x0000019232A2A670>, multiSample=False, name='window1', numSamples=2, pos=[0.0, 0.0], screen=0, size=array([2560, 1440]), stencilBits=0, stereo=False, title='PsychoPy', units='height', useFBO=True, useRetina=False, viewOri=0.0, viewPos=None, viewScale=None, waitBlanking=True, winType='pyglet')
3.7525 	EXP 	window1: backgroundImage = ''
3.7525 	EXP 	window1: backgroundFit = 'none'
3.8298 	INFO 	keyboard.Keyboard is using ptb backend.
3.9969 	INFO 	Created stream for speaker device: Realtek HD Audio 2nd output (Realtek(R) Audio) (10.0)
3.9977 	INFO 	keyboard.Keyboard is using ptb backend.
4.0007 	INFO 	Created stream for speaker device: Realtek HD Audio 2nd output (Realtek(R) Audio) (10.0)
4.0012 	EXP 	AuditoryANT: status = STARTED
4.0251 	EXP 	Created fixation_cross = TextStim(__class__=<class 'psychopy.visual.text.TextStim'>, alignHoriz=method-wrapper(...), alignText='center', alignVert=method-wrapper(...), anchorHoriz='center', anchorVert='center', antialias=True, autoDraw=False, autoLog=True, bold=False, color=array([1., 1., 1.]), colorSpace='rgb', contrast=1.0, depth=0.0, draggable=False, flipHoriz=False, flipVert=False, font='Arial', fontFiles=[], height=0.05, italic=False, languageStyle='LTR', name='fixation_cross', opacity=1, ori=0.0, pos=array([0., 0.]), rgb=UNKNOWN, text='+', units='height', win=Window(...), wrapWidth=1)
4.0251 	EXP 	target: sampleRate = 48000
4.0251 	EXP 	target: channels = None
4.0263 	EXP 	Sound target set volume 1.000
4.0263 	EXP 	orienting_cue: sampleRate = 48000
4.0263 	EXP 	orienting_cue: channels = None
4.0264 	EXP 	Sound orienting_cue set volume 1.000
0.0093 	EXP 	Imported audio_files/conditions.csv as conditions, 24 conditions, 8 params
0.0100 	EXP 	New trial (rep=0, index=0): <Trial 0 (0 in rep 0) data={'block': 1, 'target_word': 'day', 'target_pitch': 'LP', 'cue_type': 'alerting', 'cue_file': 'C:/Users/Adyant Balaji/Documents/EEG/tinnitusExperiments/AudiANT/audio_files/alerting_cue.wav', 'target_file': 'C:/Users/Adyant Balaji/Documents/EEG/tinnitusExperiments/AudiANT/audio_files/day_LP_left.wav', 'correct_resp': 'down', 'ear': 'left', 'thisN': 0, 'thisTrialN': 0, 'thisRepN': 0}>
0.0103 	EXP 	target: sampleRate = 44100
0.0201 	INFO 	Resampled audio from 44100Hz to 48000Hz using method 'default'.
0.0204 	EXP 	orienting_cue: sampleRate = 44100
0.0214 	INFO 	Resampled audio from 44100Hz to 48000Hz using method 'default'.
0.0215 	EXP 	Sound orienting_cue set volume 0.000
0.0243 	EXP 	fixation_cross: autoDraw = True
1.5813 	EXP 	Sound orienting_cue reached end of file
1.5975 	EXP 	Playing sound orienting_cue on speaker Realtek HD Audio 2nd output (Realtek(R) Audio)
1.5978 	INFO 	Keyboard events cleared
1.6929 	EXP 	Sound orienting_cue stopped
2.0813 	EXP 	Sound target reached end of file
2.0977 	EXP 	Playing sound target on speaker Realtek HD Audio 2nd output (Realtek(R) Audio)
3.1545 	EXP 	Sound target reached end of file
3.1660 	EXP 	Sound target reached end of file
3.2320 	EXP 	fixation_cross: autoDraw = False
3.2828 	EXP 	New trial (rep=0, index=1): <Trial 1 (1 in rep 0) data={'block': 1, 'target_word': 'high', 'target_pitch': 'HP', 'cue_type': 'orienting', 'cue_file': 'C:/Users/Adyant Balaji/Documents/EEG/tinnitusExperiments/AudiANT/audio_files/orienting_right.wav', 'target_file': 'C:/Users/Adyant Balaji/Documents/EEG/tinnitusExperiments/AudiANT/audio_files/high_HP_right.wav', 'correct_resp': 'up', 'ear': 'right', 'thisN': 1, 'thisTrialN': 1, 'thisRepN': 0}>
3.2837 	EXP 	target: sampleRate = 44100
3.3026 	INFO 	Resampled audio from 44100Hz to 48000Hz using method 'default'.
3.3037 	EXP 	orienting_cue: sampleRate = 44100
3.3082 	INFO 	Resampled audio from 44100Hz to 48000Hz using method 'default'.
3.3113 	EXP 	fixation_cross: autoDraw = False
3.3113 	EXP 	fixation_cross: autoDraw = True
4.1835 	EXP 	Sound orienting_cue reached end of file
4.1996 	EXP 	Playing sound orienting_cue on speaker Realtek HD Audio 2nd output (Realtek(R) Audio)
4.1999 	INFO 	Keyboard events cleared
4.2948 	EXP 	Sound orienting_cue stopped
4.6838 	EXP 	Sound target reached end of file
4.7000 	EXP 	Playing sound target on speaker Realtek HD Audio 2nd output (Realtek(R) Audio)
5.3109 	EXP 	Sound target reached end of file
5.3175 	EXP 	Sound target reached end of file
5.4300 	EXP 	Device response: <KeyPress from None: t=5.403444600000512, value=up, duration=None>
5.4306 	EXP 	New trial (rep=0, index=2): <Trial 2 (2 in rep 0) data={'block': 1, 'target_word': 'day', 'target_pitch': 'LP', 'cue_type': 'orienting', 'cue_file': 'C:/Users/Adyant Balaji/Documents/EEG/tinnitusExperiments/AudiANT/audio_files/orienting_left.wav', 'target_file': 'C:/Users/Adyant Balaji/Documents/EEG/tinnitusExperiments/AudiANT/audio_files/day_LP_left.wav', 'correct_resp': 'down', 'ear': 'left', 'thisN': 2, 'thisTrialN': 2, 'thisRepN': 0}>
5.4313 	EXP 	target: sampleRate = 44100
5.4438 	INFO 	Resampled audio from 44100Hz to 48000Hz using method 'default'.
5.4442 	EXP 	orienting_cue: sampleRate = 44100
5.4452 	INFO 	Resampled audio from 44100Hz to 48000Hz using method 'default'.
5.4461 	DATA 	Keypress: up
5.4480 	EXP 	fixation_cross: autoDraw = False
5.4480 	EXP 	fixation_cross: autoDraw = True
5.5345 	EXP 	Device response: <KeyPress from None: t=5.403444600000512, value=up, duration=0.1199808999990637>
6.7023 	EXP 	Sound orienting_cue reached end of file
6.7185 	EXP 	Playing sound orienting_cue on speaker Realtek HD Audio 2nd output (Realtek(R) Audio)
6.7186 	INFO 	Keyboard events cleared
6.8221 	EXP 	Sound orienting_cue stopped
7.2025 	EXP 	Sound target reached end of file
7.2188 	EXP 	Playing sound target on speaker Realtek HD Audio 2nd output (Realtek(R) Audio)
8.2736 	EXP 	Sound target reached end of file
8.2866 	EXP 	Sound target reached end of file
8.6375 	EXP 	New trial (rep=0, index=3): <Trial 3 (3 in rep 0) data={'block': 1, 'target_word': 'day', 'target_pitch': 'LP', 'cue_type': 'orienting', 'cue_file': 'C:/Users/Adyant Balaji/Documents/EEG/tinnitusExperiments/AudiANT/audio_files/orienting_right.wav', 'target_file': 'C:/Users/Adyant Balaji/Documents/EEG/tinnitusExperiments/AudiANT/audio_files/day_LP_right.wav', 'correct_resp': 'down', 'ear': 'right', 'thisN': 3, 'thisTrialN': 3, 'thisRepN': 0}>
8.6384 	EXP 	target: sampleRate = 44100
8.6586 	INFO 	Resampled audio from 44100Hz to 48000Hz using method 'default'.
8.6590 	EXP 	orienting_cue: sampleRate = 44100
8.6601 	INFO 	Resampled audio from 44100Hz to 48000Hz using method 'default'.
8.6622 	EXP 	fixation_cross: autoDraw = False
8.6622 	EXP 	fixation_cross: autoDraw = False
8.6622 	EXP 	fixation_cross: autoDraw = True
9.7216 	EXP 	Sound orienting_cue reached end of file
9.7377 	EXP 	Playing sound orienting_cue on speaker Realtek HD Audio 2nd output (Realtek(R) Audio)
9.7376 	INFO 	Keyboard events cleared
9.8328 	EXP 	Sound orienting_cue stopped
10.2055 	EXP 	Sound target reached end of file
10.2214 	EXP 	Playing sound target on speaker Realtek HD Audio 2nd output (Realtek(R) Audio)
11.2814 	EXP 	Sound target reached end of file
11.2892 	EXP 	Sound target reached end of file
11.4060 	EXP 	Device response: <KeyPress from None: t=11.40349249999963, value=down, duration=None>
11.4065 	EXP 	New trial (rep=0, index=4): <Trial 4 (4 in rep 0) data={'block': 1, 'target_word': 'high', 'target_pitch': 'LP', 'cue_type': 'alerting', 'cue_file': 'C:/Users/Adyant Balaji/Documents/EEG/tinnitusExperiments/AudiANT/audio_files/alerting_cue.wav', 'target_file': 'C:/Users/Adyant Balaji/Documents/EEG/tinnitusExperiments/AudiANT/audio_files/high_LP_right.wav', 'correct_resp': 'down', 'ear': 'right', 'thisN': 4, 'thisTrialN': 4, 'thisRepN': 0}>
11.4076 	EXP 	target: sampleRate = 44100
11.4302 	INFO 	Resampled audio from 44100Hz to 48000Hz using method 'default'.
11.4306 	EXP 	orienting_cue: sampleRate = 44100
11.4314 	INFO 	Resampled audio from 44100Hz to 48000Hz using method 'default'.
11.4315 	EXP 	Sound orienting_cue set volume 0.000
11.4321 	DATA 	Keypress: down
11.4339 	EXP 	fixation_cross: autoDraw = False
11.4339 	EXP 	fixation_cross: autoDraw = True
11.5063 	EXP 	Device response: <KeyPress from None: t=11.40349249999963, value=down, duration=0.09579479999956675>
12.4903 	EXP 	Sound orienting_cue reached end of file
12.5065 	EXP 	Playing sound orienting_cue on speaker Realtek HD Audio 2nd output (Realtek(R) Audio)
12.5068 	INFO 	Keyboard events cleared
12.6026 	EXP 	Sound orienting_cue stopped
12.9907 	EXP 	Sound target reached end of file
13.0069 	EXP 	Playing sound target on speaker Realtek HD Audio 2nd output (Realtek(R) Audio)
14.0638 	EXP 	Sound target reached end of file
14.0751 	EXP 	Sound target reached end of file
14.6258 	EXP 	New trial (rep=0, index=5): <Trial 5 (5 in rep 0) data={'block': 1, 'target_word': 'low', 'target_pitch': 'HP', 'cue_type': 'orienting', 'cue_file': 'C:/Users/Adyant Balaji/Documents/EEG/tinnitusExperiments/AudiANT/audio_files/orienting_right.wav', 'target_file': 'C:/Users/Adyant Balaji/Documents/EEG/tinnitusExperiments/AudiANT/audio_files/low_HP_right.wav', 'correct_resp': 'up', 'ear': 'right', 'thisN': 5, 'thisTrialN': 5, 'thisRepN': 0}>
14.6267 	EXP 	target: sampleRate = 44100
14.6382 	INFO 	Resampled audio from 44100Hz to 48000Hz using method 'default'.
14.6387 	EXP 	orienting_cue: sampleRate = 44100
14.6408 	INFO 	Resampled audio from 44100Hz to 48000Hz using method 'default'.
14.6432 	EXP 	fixation_cross: autoDraw = False
14.6432 	EXP 	fixation_cross: autoDraw = False
14.6432 	EXP 	fixation_cross: autoDraw = True
15.3425 	EXP 	Sound orienting_cue reached end of file
15.3587 	EXP 	Playing sound orienting_cue on speaker Realtek HD Audio 2nd output (Realtek(R) Audio)
15.3590 	INFO 	Keyboard events cleared
15.4541 	EXP 	Sound orienting_cue stopped
15.8430 	EXP 	Sound target reached end of file
15.8592 	EXP 	Playing sound target on speaker Realtek HD Audio 2nd output (Realtek(R) Audio)
16.4434 	EXP 	Sound target reached end of file
16.4602 	EXP 	Sound target reached end of file
17.5444 	EXP 	New trial (rep=0, index=6): <Trial 6 (6 in rep 0) data={'block': 1, 'target_word': 'day', 'target_pitch': 'LP', 'cue_type': 'alerting', 'cue_file': 'C:/Users/Adyant Balaji/Documents/EEG/tinnitusExperiments/AudiANT/audio_files/alerting_cue.wav', 'target_file': 'C:/Users/Adyant Balaji/Documents/EEG/tinnitusExperiments/AudiANT/audio_files/day_LP_right.wav', 'correct_resp': 'down', 'ear': 'right', 'thisN': 6, 'thisTrialN': 6, 'thisRepN': 0}>
17.5453 	EXP 	target: sampleRate = 44100
17.5662 	INFO 	Resampled audio from 44100Hz to 48000Hz using method 'default'.
17.5665 	EXP 	orienting_cue: sampleRate = 44100
17.5673 	INFO 	Resampled audio from 44100Hz to 48000Hz using method 'default'.
17.5674 	EXP 	Sound orienting_cue set volume 0.000
17.5695 	EXP 	fixation_cross: autoDraw = False
17.5695 	EXP 	fixation_cross: autoDraw = True
18.9624 	EXP 	Sound orienting_cue reached end of file
18.9786 	EXP 	Playing sound orienting_cue on speaker Realtek HD Audio 2nd output (Realtek(R) Audio)
18.9788 	INFO 	Keyboard events cleared
19.0755 	EXP 	Sound orienting_cue stopped
19.4628 	EXP 	Sound target reached end of file
19.4790 	EXP 	Playing sound target on speaker Realtek HD Audio 2nd output (Realtek(R) Audio)
20.5362 	EXP 	Sound target reached end of file
20.5466 	EXP 	Sound target reached end of file
20.7642 	EXP 	New trial (rep=0, index=7): <Trial 7 (7 in rep 0) data={'block': 1, 'target_word': 'day', 'target_pitch': 'HP', 'cue_type': 'orienting', 'cue_file': 'C:/Users/Adyant Balaji/Documents/EEG/tinnitusExperiments/AudiANT/audio_files/orienting_right.wav', 'target_file': 'C:/Users/Adyant Balaji/Documents/EEG/tinnitusExperiments/AudiANT/audio_files/day_HP_right.wav', 'correct_resp': 'up', 'ear': 'right', 'thisN': 7, 'thisTrialN': 7, 'thisRepN': 0}>
20.7654 	EXP 	target: sampleRate = 44100
20.7794 	INFO 	Resampled audio from 44100Hz to 48000Hz using method 'default'.
20.7802 	EXP 	orienting_cue: sampleRate = 44100
20.7831 	INFO 	Resampled audio from 44100Hz to 48000Hz using method 'default'.
20.7858 	EXP 	fixation_cross: autoDraw = False
20.7858 	EXP 	fixation_cross: autoDraw = False
20.7858 	EXP 	fixation_cross: autoDraw = True
21.5476 	EXP 	Sound orienting_cue reached end of file
21.5638 	EXP 	Playing sound orienting_cue on speaker Realtek HD Audio 2nd output (Realtek(R) Audio)
21.5639 	INFO 	Keyboard events cleared
21.6634 	EXP 	Sound orienting_cue stopped
22.0316 	EXP 	Sound target reached end of file
22.0478 	EXP 	Playing sound target on speaker Realtek HD Audio 2nd output (Realtek(R) Audio)
22.6546 	EXP 	Sound target reached end of file
22.6653 	EXP 	Sound target reached end of file
23.7332 	EXP 	New trial (rep=0, index=8): <Trial 8 (8 in rep 0) data={'block': 1, 'target_word': 'low', 'target_pitch': 'HP', 'cue_type': 'orienting', 'cue_file': 'C:/Users/Adyant Balaji/Documents/EEG/tinnitusExperiments/AudiANT/audio_files/orienting_left.wav', 'target_file': 'C:/Users/Adyant Balaji/Documents/EEG/tinnitusExperiments/AudiANT/audio_files/low_HP_left.wav', 'correct_resp': 'up', 'ear': 'left', 'thisN': 8, 'thisTrialN': 8, 'thisRepN': 0}>
23.7341 	EXP 	target: sampleRate = 44100
23.7451 	INFO 	Resampled audio from 44100Hz to 48000Hz using method 'default'.
23.7461 	EXP 	orienting_cue: sampleRate = 44100
23.7503 	INFO 	Resampled audio from 44100Hz to 48000Hz using method 'default'.
23.7535 	EXP 	fixation_cross: autoDraw = False
23.7535 	EXP 	fixation_cross: autoDraw = True
25.0842 	EXP 	Sound orienting_cue reached end of file
25.1003 	EXP 	Playing sound orienting_cue on speaker Realtek HD Audio 2nd output (Realtek(R) Audio)
25.1004 	INFO 	Keyboard events cleared
25.2031 	EXP 	Sound orienting_cue stopped
25.5845 	EXP 	Sound target reached end of file
25.6007 	EXP 	Playing sound target on speaker Realtek HD Audio 2nd output (Realtek(R) Audio)
26.1696 	EXP 	Sound target reached end of file
26.1850 	EXP 	Sound target reached end of file
26.9524 	EXP 	New trial (rep=0, index=9): <Trial 9 (9 in rep 0) data={'block': 1, 'target_word': 'high', 'target_pitch': 'LP', 'cue_type': 'orienting', 'cue_file': 'C:/Users/Adyant Balaji/Documents/EEG/tinnitusExperiments/AudiANT/audio_files/orienting_left.wav', 'target_file': 'C:/Users/Adyant Balaji/Documents/EEG/tinnitusExperiments/AudiANT/audio_files/high_LP_left.wav', 'correct_resp': 'down', 'ear': 'left', 'thisN': 9, 'thisTrialN': 9, 'thisRepN': 0}>
26.9534 	EXP 	target: sampleRate = 44100
26.9728 	INFO 	Resampled audio from 44100Hz to 48000Hz using method 'default'.
26.9732 	EXP 	orienting_cue: sampleRate = 44100
26.9743 	INFO 	Resampled audio from 44100Hz to 48000Hz using method 'default'.
26.9765 	EXP 	fixation_cross: autoDraw = False
26.9765 	EXP 	fixation_cross: autoDraw = False
26.9765 	EXP 	fixation_cross: autoDraw = True
27.5862 	EXP 	Sound orienting_cue reached end of file
27.6024 	EXP 	Playing sound orienting_cue on speaker Realtek HD Audio 2nd output (Realtek(R) Audio)
27.6025 	INFO 	Keyboard events cleared
27.7054 	EXP 	Sound orienting_cue stopped
28.0865 	EXP 	Sound target reached end of file
28.1027 	EXP 	Playing sound target on speaker Realtek HD Audio 2nd output (Realtek(R) Audio)
29.1596 	EXP 	Sound target reached end of file
29.1708 	EXP 	Sound target reached end of file
29.7880 	EXP 	New trial (rep=0, index=10): <Trial 10 (10 in rep 0) data={'block': 1, 'target_word': 'low', 'target_pitch': 'LP', 'cue_type': 'orienting', 'cue_file': 'C:/Users/Adyant Balaji/Documents/EEG/tinnitusExperiments/AudiANT/audio_files/orienting_right.wav', 'target_file': 'C:/Users/Adyant Balaji/Documents/EEG/tinnitusExperiments/AudiANT/audio_files/low_LP_right.wav', 'correct_resp': 'down', 'ear': 'right', 'thisN': 10, 'thisTrialN': 10, 'thisRepN': 0}>
29.7887 	EXP 	target: sampleRate = 44100
29.8107 	INFO 	Resampled audio from 44100Hz to 48000Hz using method 'default'.
29.8113 	EXP 	orienting_cue: sampleRate = 44100
29.8132 	INFO 	Resampled audio from 44100Hz to 48000Hz using method 'default'.
29.8157 	EXP 	fixation_cross: autoDraw = False
29.8157 	EXP 	fixation_cross: autoDraw = True
30.7721 	EXP 	Sound orienting_cue reached end of file
30.7883 	EXP 	Playing sound orienting_cue on speaker Realtek HD Audio 2nd output (Realtek(R) Audio)
30.7884 	INFO 	Keyboard events cleared
30.8878 	EXP 	Sound orienting_cue stopped
31.2725 	EXP 	Sound target reached end of file
31.2886 	EXP 	Playing sound target on speaker Realtek HD Audio 2nd output (Realtek(R) Audio)
32.2781 	EXP 	Sound target reached end of file
32.2900 	EXP 	Sound target reached end of file
32.9741 	EXP 	New trial (rep=0, index=11): <Trial 11 (11 in rep 0) data={'block': 1, 'target_word': 'low', 'target_pitch': 'LP', 'cue_type': 'alerting', 'cue_file': 'C:/Users/Adyant Balaji/Documents/EEG/tinnitusExperiments/AudiANT/audio_files/alerting_cue.wav', 'target_file': 'C:/Users/Adyant Balaji/Documents/EEG/tinnitusExperiments/AudiANT/audio_files/low_LP_left.wav', 'correct_resp': 'down', 'ear': 'left', 'thisN': 11, 'thisTrialN': 11, 'thisRepN': 0}>
32.9750 	EXP 	target: sampleRate = 44100
32.9924 	INFO 	Resampled audio from 44100Hz to 48000Hz using method 'default'.
32.9929 	EXP 	orienting_cue: sampleRate = 44100
32.9938 	INFO 	Resampled audio from 44100Hz to 48000Hz using method 'default'.
32.9940 	EXP 	Sound orienting_cue set volume 0.000
32.9963 	EXP 	fixation_cross: autoDraw = False
32.9963 	EXP 	fixation_cross: autoDraw = True
34.4754 	EXP 	Sound orienting_cue reached end of file
34.4914 	EXP 	Playing sound orienting_cue on speaker Realtek HD Audio 2nd output (Realtek(R) Audio)
34.4914 	INFO 	Keyboard events cleared
34.5933 	EXP 	Sound orienting_cue stopped
34.9755 	EXP 	Sound target reached end of file
34.9917 	EXP 	Playing sound target on speaker Realtek HD Audio 2nd output (Realtek(R) Audio)
35.9865 	EXP 	Sound target reached end of file
35.9929 	EXP 	Sound target reached end of file
36.1935 	EXP 	New trial (rep=0, index=12): <Trial 12 (12 in rep 0) data={'block': 1, 'target_word': 'day', 'target_pitch': 'HP', 'cue_type': 'alerting', 'cue_file': 'C:/Users/Adyant Balaji/Documents/EEG/tinnitusExperiments/AudiANT/audio_files/alerting_cue.wav', 'target_file': 'C:/Users/Adyant Balaji/Documents/EEG/tinnitusExperiments/AudiANT/audio_files/day_HP_left.wav', 'correct_resp': 'up', 'ear': 'left', 'thisN': 12, 'thisTrialN': 12, 'thisRepN': 0}>
36.1944 	EXP 	target: sampleRate = 44100
36.2082 	INFO 	Resampled audio from 44100Hz to 48000Hz using method 'default'.
36.2089 	EXP 	orienting_cue: sampleRate = 44100
36.2105 	INFO 	Resampled audio from 44100Hz to 48000Hz using method 'default'.
36.2107 	EXP 	Sound orienting_cue set volume 0.000
36.2130 	EXP 	fixation_cross: autoDraw = False
36.2130 	EXP 	fixation_cross: autoDraw = False
36.2130 	EXP 	fixation_cross: autoDraw = True
36.6102 	EXP 	Device response: <KeyPress from None: t=36.60245030000078, value=escape, duration=None>
36.6115 	DATA 	Keypress: escape
36.6601 	EXP 	Device response: <KeyPress from None: t=36.60245030000078, value=escape, duration=0.04996759999994538>
36.6602 	EXP 	AuditoryANT: status = STOPPED
36.6764 	EXP 	fixation_cross: autoDraw = False
36.6766 	EXP 	AuditoryANT: status = STOPPED
36.7019 	INFO 	saved data to 'c:\\Users\\Adyant Balaji\\Documents\\EEG\\tinnitusExperiments\\AudiANT\\data\\148488_AuditoryANT_2025-10-28_11h43.06.219.csv'
36.7049 	INFO 	saved data to c:\Users\Adyant Balaji\Documents\EEG\tinnitusExperiments\AudiANT\data\148488_AuditoryANT_2025-10-28_11h43.06.219.psydat
37.0686 	WARNING 	Stopping key buffers but this could be dangerous ifother keyboards rely on the same.
37.1562 	WARNING 	Stopping key buffers but this could be dangerous ifother keyboards rely on the same.
