2.5742 	INFO 	Loaded monitor calibration from ['2023_11_01 17:25']
2.5802 	WARNING 	User requested fullscreen with size [1512  982], but screen is actually [2560, 1440]. Using actual size
3.0804 	INFO 	Using renderer 'Intel(R) UHD Graphics 770' for graphics
3.0804 	INFO 	OpenGL version supported by driver is 4..
3.0905 	EXP 	Created window1 = Window(allowGUI=False, allowStencil=False, autoLog=True, backendConf=UNKNOWN, backgroundFit=<method-wrapper '__getattribute__' of attributeSetter object at 0x000001C999BB2730>, backgroundImage=<method-wrapper '__getattribute__' of attributeSetter object at 0x000001C999BB26D0>, bitsMode=UNKNOWN, blendMode='avg', bpc=(8, 8, 8), color=array([0, 0, 0]), colorSpace='rgb', depthBits=8, fullscr=True, gamma=None, gammaErrorPolicy='raise', infoMsg=UNKNOWN, lms=UNKNOWN, monitor=<psychopy.monitors.calibTools.Monitor object at 0x000001C999C27220>, multiSample=False, name='window1', numSamples=2, pos=[0.0, 0.0], screen=0, size=array([2560, 1440]), stencilBits=0, stereo=False, title='PsychoPy', units='height', useFBO=True, useRetina=False, viewOri=0.0, viewPos=None, viewScale=None, waitBlanking=True, winType='pyglet')
3.0906 	EXP 	window1: backgroundImage = ''
3.0906 	EXP 	window1: backgroundFit = 'none'
3.1605 	INFO 	keyboard.Keyboard is using ptb backend.
3.3261 	INFO 	Created stream for speaker device: Realtek HD Audio 2nd output (Realtek(R) Audio) (9.0)
3.3272 	INFO 	keyboard.Keyboard is using ptb backend.
3.3300 	INFO 	Created stream for speaker device: Realtek HD Audio 2nd output (Realtek(R) Audio) (9.0)
3.3306 	EXP 	AuditoryANT: status = STARTED
3.3549 	EXP 	Created fixation_cross = TextStim(__class__=<class 'psychopy.visual.text.TextStim'>, alignHoriz=method-wrapper(...), alignText='center', alignVert=method-wrapper(...), anchorHoriz='center', anchorVert='center', antialias=True, autoDraw=False, autoLog=True, bold=False, color=array([1., 1., 1.]), colorSpace='rgb', contrast=1.0, depth=0.0, draggable=False, flipHoriz=False, flipVert=False, font='Arial', fontFiles=[], height=0.05, italic=False, languageStyle='LTR', name='fixation_cross', opacity=1, ori=0.0, pos=array([0., 0.]), rgb=UNKNOWN, text='+', units='height', win=Window(...), wrapWidth=1)
3.3550 	EXP 	target: sampleRate = 48000
3.3550 	EXP 	target: channels = None
3.3561 	EXP 	Sound target set volume 1.000
3.3562 	EXP 	orienting_cue: sampleRate = 48000
3.3562 	EXP 	orienting_cue: channels = None
3.3563 	EXP 	Sound orienting_cue set volume 1.000
0.0092 	EXP 	Imported audio_files/conditions.csv as conditions, 24 conditions, 8 params
0.0096 	EXP 	New trial (rep=0, index=0): <Trial 0 (0 in rep 0) data={'block': 1.0, 'target_word': 'day', 'target_pitch': 'LP', 'cue_type': 'alerting', 'cue_file': 'C:/Users/Adyant Balaji/Documents/EEG/tinnitusExperiments/AudiANT/audio_files/alerting_cue.wav', 'target_file': 'C:/Users/Adyant Balaji/Documents/EEG/tinnitusExperiments/AudiANT/audio_files/day_LP_left.wav', 'correct_resp': 'down', 'ear': 'left', 'thisN': 0, 'thisTrialN': 0, 'thisRepN': 0}>
0.0099 	EXP 	target: sampleRate = 44100
0.0212 	INFO 	Resampled audio from 44100Hz to 48000Hz using method 'default'.
0.0220 	EXP 	orienting_cue: sampleRate = 44100
0.0234 	INFO 	Resampled audio from 44100Hz to 48000Hz using method 'default'.
0.0235 	EXP 	Sound orienting_cue set volume 0.000
0.0263 	EXP 	fixation_cross: autoDraw = True
1.2998 	EXP 	Sound orienting_cue reached end of file
1.3159 	EXP 	Playing sound orienting_cue on speaker Realtek HD Audio 2nd output (Realtek(R) Audio)
1.3161 	INFO 	Keyboard events cleared
1.4125 	EXP 	Sound orienting_cue stopped
1.8001 	EXP 	Sound target reached end of file
1.8163 	EXP 	Playing sound target on speaker Realtek HD Audio 2nd output (Realtek(R) Audio)
2.8706 	EXP 	Sound target reached end of file
2.8836 	EXP 	Sound target reached end of file
3.2182 	EXP 	New trial (rep=0, index=1): <Trial 1 (1 in rep 0) data={'block': None, 'target_word': 'high', 'target_pitch': 'HP', 'cue_type': 'orienting', 'cue_file': 'C:/Users/Adyant Balaji/Documents/EEG/tinnitusExperiments/AudiANT/audio_files/orienting_right.wav', 'target_file': 'C:/Users/Adyant Balaji/Documents/EEG/tinnitusExperiments/AudiANT/audio_files/high_HP_right.wav', 'correct_resp': 'up', 'ear': 'right', 'thisN': 1, 'thisTrialN': 1, 'thisRepN': 0}>
3.2191 	EXP 	target: sampleRate = 44100
3.2384 	INFO 	Resampled audio from 44100Hz to 48000Hz using method 'default'.
3.2395 	EXP 	orienting_cue: sampleRate = 44100
3.2444 	INFO 	Resampled audio from 44100Hz to 48000Hz using method 'default'.
3.2479 	EXP 	fixation_cross: autoDraw = False
3.2479 	EXP 	fixation_cross: autoDraw = False
3.2479 	EXP 	fixation_cross: autoDraw = True
3.9685 	EXP 	Sound orienting_cue reached end of file
3.9847 	EXP 	Playing sound orienting_cue on speaker Realtek HD Audio 2nd output (Realtek(R) Audio)
3.9847 	INFO 	Keyboard events cleared
4.0846 	EXP 	Sound orienting_cue stopped
4.4691 	EXP 	Sound target reached end of file
4.4852 	EXP 	Playing sound target on speaker Realtek HD Audio 2nd output (Realtek(R) Audio)
5.0937 	EXP 	Sound target reached end of file
5.1025 	EXP 	Sound target reached end of file
6.1706 	EXP 	New trial (rep=0, index=2): <Trial 2 (2 in rep 0) data={'block': 1.0, 'target_word': 'day', 'target_pitch': 'LP', 'cue_type': 'orienting', 'cue_file': 'C:/Users/Adyant Balaji/Documents/EEG/tinnitusExperiments/AudiANT/audio_files/orienting_left.wav', 'target_file': 'C:/Users/Adyant Balaji/Documents/EEG/tinnitusExperiments/AudiANT/audio_files/day_LP_left.wav', 'correct_resp': 'down', 'ear': 'left', 'thisN': 2, 'thisTrialN': 2, 'thisRepN': 0}>
6.1715 	EXP 	target: sampleRate = 44100
6.1917 	INFO 	Resampled audio from 44100Hz to 48000Hz using method 'default'.
6.1920 	EXP 	orienting_cue: sampleRate = 44100
6.1932 	INFO 	Resampled audio from 44100Hz to 48000Hz using method 'default'.
6.1954 	EXP 	fixation_cross: autoDraw = False
6.1954 	EXP 	fixation_cross: autoDraw = True
7.4215 	EXP 	Sound orienting_cue reached end of file
7.4377 	EXP 	Playing sound orienting_cue on speaker Realtek HD Audio 2nd output (Realtek(R) Audio)
7.4379 	INFO 	Keyboard events cleared
7.5338 	EXP 	Sound orienting_cue stopped
7.9219 	EXP 	Sound target reached end of file
7.9381 	EXP 	Playing sound target on speaker Realtek HD Audio 2nd output (Realtek(R) Audio)
8.9946 	EXP 	Sound target reached end of file
9.0060 	EXP 	Sound target reached end of file
9.3899 	EXP 	New trial (rep=0, index=3): <Trial 3 (3 in rep 0) data={'block': None, 'target_word': 'day', 'target_pitch': 'LP', 'cue_type': 'orienting', 'cue_file': 'C:/Users/Adyant Balaji/Documents/EEG/tinnitusExperiments/AudiANT/audio_files/orienting_right.wav', 'target_file': 'C:/Users/Adyant Balaji/Documents/EEG/tinnitusExperiments/AudiANT/audio_files/day_LP_right.wav', 'correct_resp': 'down', 'ear': 'right', 'thisN': 3, 'thisTrialN': 3, 'thisRepN': 0}>
9.3907 	EXP 	target: sampleRate = 44100
9.4113 	INFO 	Resampled audio from 44100Hz to 48000Hz using method 'default'.
9.4116 	EXP 	orienting_cue: sampleRate = 44100
9.4127 	INFO 	Resampled audio from 44100Hz to 48000Hz using method 'default'.
9.4150 	EXP 	fixation_cross: autoDraw = False
9.4150 	EXP 	fixation_cross: autoDraw = False
9.4150 	EXP 	fixation_cross: autoDraw = True
10.6908 	EXP 	Sound orienting_cue reached end of file
10.7069 	EXP 	Playing sound orienting_cue on speaker Realtek HD Audio 2nd output (Realtek(R) Audio)
10.7072 	INFO 	Keyboard events cleared
10.8067 	EXP 	Sound orienting_cue stopped
11.1911 	EXP 	Sound target reached end of file
11.2073 	EXP 	Playing sound target on speaker Realtek HD Audio 2nd output (Realtek(R) Audio)
12.2654 	EXP 	Sound target reached end of file
12.2754 	EXP 	Sound target reached end of file
12.6094 	EXP 	New trial (rep=0, index=4): <Trial 4 (4 in rep 0) data={'block': None, 'target_word': 'high', 'target_pitch': 'LP', 'cue_type': 'alerting', 'cue_file': 'C:/Users/Adyant Balaji/Documents/EEG/tinnitusExperiments/AudiANT/audio_files/alerting_cue.wav', 'target_file': 'C:/Users/Adyant Balaji/Documents/EEG/tinnitusExperiments/AudiANT/audio_files/high_LP_right.wav', 'correct_resp': 'down', 'ear': 'right', 'thisN': 4, 'thisTrialN': 4, 'thisRepN': 0}>
12.6103 	EXP 	target: sampleRate = 44100
12.6343 	INFO 	Resampled audio from 44100Hz to 48000Hz using method 'default'.
12.6351 	EXP 	orienting_cue: sampleRate = 44100
12.6368 	INFO 	Resampled audio from 44100Hz to 48000Hz using method 'default'.
12.6370 	EXP 	Sound orienting_cue set volume 0.000
12.6399 	EXP 	fixation_cross: autoDraw = False
12.6399 	EXP 	fixation_cross: autoDraw = False
12.6399 	EXP 	fixation_cross: autoDraw = True
13.4096 	EXP 	Sound orienting_cue reached end of file
13.4259 	EXP 	Playing sound orienting_cue on speaker Realtek HD Audio 2nd output (Realtek(R) Audio)
13.4257 	INFO 	Keyboard events cleared
13.5229 	EXP 	Sound orienting_cue stopped
13.9100 	EXP 	Sound target reached end of file
13.9262 	EXP 	Playing sound target on speaker Realtek HD Audio 2nd output (Realtek(R) Audio)
14.9824 	EXP 	Sound target reached end of file
14.9942 	EXP 	Sound target reached end of file
15.6117 	EXP 	New trial (rep=0, index=5): <Trial 5 (5 in rep 0) data={'block': None, 'target_word': 'low', 'target_pitch': 'HP', 'cue_type': 'orienting', 'cue_file': 'C:/Users/Adyant Balaji/Documents/EEG/tinnitusExperiments/AudiANT/audio_files/orienting_right.wav', 'target_file': 'C:/Users/Adyant Balaji/Documents/EEG/tinnitusExperiments/AudiANT/audio_files/low_HP_right.wav', 'correct_resp': 'up', 'ear': 'right', 'thisN': 5, 'thisTrialN': 5, 'thisRepN': 0}>
15.6126 	EXP 	target: sampleRate = 44100
15.6250 	INFO 	Resampled audio from 44100Hz to 48000Hz using method 'default'.
15.6258 	EXP 	orienting_cue: sampleRate = 44100
15.6284 	INFO 	Resampled audio from 44100Hz to 48000Hz using method 'default'.
15.6309 	EXP 	fixation_cross: autoDraw = False
15.6309 	EXP 	fixation_cross: autoDraw = True
16.6790 	EXP 	Sound orienting_cue reached end of file
16.6952 	EXP 	Playing sound orienting_cue on speaker Realtek HD Audio 2nd output (Realtek(R) Audio)
16.6953 	INFO 	Keyboard events cleared
16.7958 	EXP 	Sound orienting_cue stopped
17.1628 	EXP 	Sound target reached end of file
17.1790 	EXP 	Playing sound target on speaker Realtek HD Audio 2nd output (Realtek(R) Audio)
17.7517 	EXP 	Sound target reached end of file
17.7633 	EXP 	Sound target reached end of file
18.8144 	EXP 	New trial (rep=0, index=6): <Trial 6 (6 in rep 0) data={'block': None, 'target_word': 'day', 'target_pitch': 'LP', 'cue_type': 'alerting', 'cue_file': 'C:/Users/Adyant Balaji/Documents/EEG/tinnitusExperiments/AudiANT/audio_files/alerting_cue.wav', 'target_file': 'C:/Users/Adyant Balaji/Documents/EEG/tinnitusExperiments/AudiANT/audio_files/day_LP_right.wav', 'correct_resp': 'down', 'ear': 'right', 'thisN': 6, 'thisTrialN': 6, 'thisRepN': 0}>
18.8153 	EXP 	target: sampleRate = 44100
18.8473 	INFO 	Resampled audio from 44100Hz to 48000Hz using method 'default'.
18.8480 	EXP 	orienting_cue: sampleRate = 44100
18.8496 	INFO 	Resampled audio from 44100Hz to 48000Hz using method 'default'.
18.8498 	EXP 	Sound orienting_cue set volume 0.000
18.8527 	EXP 	fixation_cross: autoDraw = False
18.8527 	EXP 	fixation_cross: autoDraw = False
18.8527 	EXP 	fixation_cross: autoDraw = True
20.3487 	EXP 	Sound orienting_cue reached end of file
20.3650 	EXP 	Playing sound orienting_cue on speaker Realtek HD Audio 2nd output (Realtek(R) Audio)
20.3652 	INFO 	Keyboard events cleared
20.4647 	EXP 	Sound orienting_cue stopped
20.8489 	EXP 	Sound target reached end of file
20.8652 	EXP 	Playing sound target on speaker Realtek HD Audio 2nd output (Realtek(R) Audio)
21.9248 	EXP 	Sound target reached end of file
21.9333 	EXP 	Sound target reached end of file
22.0502 	EXP 	New trial (rep=0, index=7): <Trial 7 (7 in rep 0) data={'block': None, 'target_word': 'day', 'target_pitch': 'HP', 'cue_type': 'orienting', 'cue_file': 'C:/Users/Adyant Balaji/Documents/EEG/tinnitusExperiments/AudiANT/audio_files/orienting_right.wav', 'target_file': 'C:/Users/Adyant Balaji/Documents/EEG/tinnitusExperiments/AudiANT/audio_files/day_HP_right.wav', 'correct_resp': 'up', 'ear': 'right', 'thisN': 7, 'thisTrialN': 7, 'thisRepN': 0}>
22.0511 	EXP 	target: sampleRate = 44100
22.0648 	INFO 	Resampled audio from 44100Hz to 48000Hz using method 'default'.
22.0656 	EXP 	orienting_cue: sampleRate = 44100
22.0683 	INFO 	Resampled audio from 44100Hz to 48000Hz using method 'default'.
22.0710 	EXP 	fixation_cross: autoDraw = False
22.0710 	EXP 	fixation_cross: autoDraw = False
22.0710 	EXP 	fixation_cross: autoDraw = True
23.0012 	EXP 	Sound orienting_cue reached end of file
23.0174 	EXP 	Playing sound orienting_cue on speaker Realtek HD Audio 2nd output (Realtek(R) Audio)
23.0173 	INFO 	Keyboard events cleared
23.1160 	EXP 	Sound orienting_cue stopped
23.5012 	EXP 	Sound target reached end of file
23.5174 	EXP 	Playing sound target on speaker Realtek HD Audio 2nd output (Realtek(R) Audio)
24.1275 	EXP 	Sound target reached end of file
24.1352 	EXP 	Sound target reached end of file
25.2031 	EXP 	New trial (rep=0, index=8): <Trial 8 (8 in rep 0) data={'block': 1.0, 'target_word': 'low', 'target_pitch': 'HP', 'cue_type': 'orienting', 'cue_file': 'C:/Users/Adyant Balaji/Documents/EEG/tinnitusExperiments/AudiANT/audio_files/orienting_left.wav', 'target_file': 'C:/Users/Adyant Balaji/Documents/EEG/tinnitusExperiments/AudiANT/audio_files/low_HP_left.wav', 'correct_resp': 'up', 'ear': 'left', 'thisN': 8, 'thisTrialN': 8, 'thisRepN': 0}>
25.2040 	EXP 	target: sampleRate = 44100
25.2111 	INFO 	Resampled audio from 44100Hz to 48000Hz using method 'default'.
25.2114 	EXP 	orienting_cue: sampleRate = 44100
25.2125 	INFO 	Resampled audio from 44100Hz to 48000Hz using method 'default'.
25.2189 	EXP 	fixation_cross: autoDraw = False
25.2189 	EXP 	fixation_cross: autoDraw = True
26.4204 	EXP 	Sound orienting_cue reached end of file
26.4366 	EXP 	Playing sound orienting_cue on speaker Realtek HD Audio 2nd output (Realtek(R) Audio)
26.4368 	INFO 	Keyboard events cleared
26.5342 	EXP 	Sound orienting_cue stopped
26.9204 	EXP 	Sound target reached end of file
26.9369 	EXP 	Playing sound target on speaker Realtek HD Audio 2nd output (Realtek(R) Audio)
27.5074 	EXP 	Sound target reached end of file
27.5214 	EXP 	Sound target reached end of file
27.8169 	EXP 	Device response: <KeyPress from None: t=27.797265100001823, value=escape, duration=None>
27.8194 	DATA 	Keypress: escape
27.8551 	EXP 	Device response: <KeyPress from None: t=27.797265100001823, value=escape, duration=0.05087019999336917>
27.8552 	EXP 	AuditoryANT: status = STOPPED
27.8712 	EXP 	fixation_cross: autoDraw = False
27.8713 	EXP 	AuditoryANT: status = STOPPED
27.8835 	INFO 	saved data to 'c:\\Users\\Adyant Balaji\\Documents\\EEG\\tinnitusExperiments\\AudiANT\\data\\158440_AuditoryANT_2025-09-26_14h20.29.614.csv'
27.8857 	INFO 	saved data to c:\Users\Adyant Balaji\Documents\EEG\tinnitusExperiments\AudiANT\data\158440_AuditoryANT_2025-09-26_14h20.29.614.psydat
28.2593 	WARNING 	Stopping key buffers but this could be dangerous ifother keyboards rely on the same.
28.3515 	WARNING 	Stopping key buffers but this could be dangerous ifother keyboards rely on the same.
