3.3153 	INFO 	Loaded monitor calibration from ['2023_11_01 17:25']
3.3214 	WARNING 	User requested fullscreen with size [1512  982], but screen is actually [2560, 1440]. Using actual size
3.7345 	INFO 	Using renderer 'Intel(R) UHD Graphics 770' for graphics
3.7346 	INFO 	OpenGL version supported by driver is 4..
3.7448 	EXP 	Created window1 = Window(allowGUI=False, allowStencil=False, autoLog=True, backendConf=UNKNOWN, backgroundFit=<method-wrapper '__getattribute__' of attributeSetter object at 0x000001F3FAA01BE0>, backgroundImage=<method-wrapper '__getattribute__' of attributeSetter object at 0x000001F3FAA01B80>, bitsMode=UNKNOWN, blendMode='avg', bpc=(8, 8, 8), color=array([0, 0, 0]), colorSpace='rgb', depthBits=8, fullscr=True, gamma=None, gammaErrorPolicy='raise', infoMsg=UNKNOWN, lms=UNKNOWN, monitor=<psychopy.monitors.calibTools.Monitor object at 0x000001F3FAA9A670>, multiSample=False, name='window1', numSamples=2, pos=[0.0, 0.0], screen=0, size=array([2560, 1440]), stencilBits=0, stereo=False, title='PsychoPy', units='height', useFBO=True, useRetina=False, viewOri=0.0, viewPos=None, viewScale=None, waitBlanking=True, winType='pyglet')
3.7449 	EXP 	window1: backgroundImage = ''
3.7449 	EXP 	window1: backgroundFit = 'none'
3.8165 	INFO 	keyboard.Keyboard is using ptb backend.
3.8290 	INFO 	Created stream for speaker device: Realtek HD Audio 2nd output (Realtek(R) Audio) (10.0)
3.8301 	INFO 	keyboard.Keyboard is using ptb backend.
3.8327 	INFO 	Created stream for speaker device: Realtek HD Audio 2nd output (Realtek(R) Audio) (10.0)
3.8334 	EXP 	AuditoryANT: status = STARTED
3.8589 	EXP 	Created fixation_cross = TextStim(__class__=<class 'psychopy.visual.text.TextStim'>, alignHoriz=method-wrapper(...), alignText='center', alignVert=method-wrapper(...), anchorHoriz='center', anchorVert='center', antialias=True, autoDraw=False, autoLog=True, bold=False, color=array([1., 1., 1.]), colorSpace='rgb', contrast=1.0, depth=0.0, draggable=False, flipHoriz=False, flipVert=False, font='Arial', fontFiles=[], height=0.05, italic=False, languageStyle='LTR', name='fixation_cross', opacity=1, ori=0.0, pos=array([0., 0.]), rgb=UNKNOWN, text='+', units='height', win=Window(...), wrapWidth=1)
3.8589 	EXP 	target: sampleRate = 48000
3.8589 	EXP 	target: channels = None
3.8601 	EXP 	Sound target set volume 1.000
3.8601 	EXP 	orienting_cue: sampleRate = 48000
3.8601 	EXP 	orienting_cue: channels = None
3.8603 	EXP 	Sound orienting_cue set volume 1.000
0.0134 	EXP 	Imported audio_files/conditions.csv as conditions, 24 conditions, 8 params
0.0139 	EXP 	New trial (rep=0, index=0): <Trial 0 (0 in rep 0) data={'block': 1, 'target_word': 'day', 'target_pitch': 'LP', 'cue_type': 'alerting', 'cue_file': 'C:/Users/Adyant Balaji/Documents/EEG/tinnitusExperiments/AudiANT/audio_files/alerting_cue.wav', 'target_file': 'C:/Users/Adyant Balaji/Documents/EEG/tinnitusExperiments/AudiANT/audio_files/day_LP_left.wav', 'correct_resp': 'down', 'ear': 'left', 'thisN': 0, 'thisTrialN': 0, 'thisRepN': 0}>
0.0142 	EXP 	target: sampleRate = 44100
0.0245 	INFO 	Resampled audio from 44100Hz to 48000Hz using method 'default'.
0.0249 	EXP 	orienting_cue: sampleRate = 44100
0.0259 	INFO 	Resampled audio from 44100Hz to 48000Hz using method 'default'.
0.0260 	EXP 	Sound orienting_cue set volume 0.000
0.0288 	EXP 	fixation_cross: autoDraw = True
0.8051 	EXP 	Sound orienting_cue reached end of file
0.8216 	EXP 	Playing sound orienting_cue on speaker Realtek HD Audio 2nd output (Realtek(R) Audio)
0.8217 	INFO 	Keyboard events cleared
0.9234 	EXP 	Sound orienting_cue stopped
1.3059 	EXP 	Sound target reached end of file
1.3222 	EXP 	Playing sound target on speaker Realtek HD Audio 2nd output (Realtek(R) Audio)
2.3761 	EXP 	Sound target reached end of file
2.3896 	EXP 	Sound target reached end of file
3.0079 	EXP 	New trial (rep=0, index=1): <Trial 1 (1 in rep 0) data={'block': 1, 'target_word': 'high', 'target_pitch': 'HP', 'cue_type': 'orienting', 'cue_file': 'C:/Users/Adyant Balaji/Documents/EEG/tinnitusExperiments/AudiANT/audio_files/orienting_right.wav', 'target_file': 'C:/Users/Adyant Balaji/Documents/EEG/tinnitusExperiments/AudiANT/audio_files/high_HP_right.wav', 'correct_resp': 'up', 'ear': 'right', 'thisN': 1, 'thisTrialN': 1, 'thisRepN': 0}>
3.0306 	EXP 	target: sampleRate = 44100
3.0460 	INFO 	Resampled audio from 44100Hz to 48000Hz using method 'default'.
3.0548 	EXP 	orienting_cue: sampleRate = 44100
3.0574 	INFO 	Resampled audio from 44100Hz to 48000Hz using method 'default'.
3.0601 	EXP 	fixation_cross: autoDraw = False
3.0601 	EXP 	fixation_cross: autoDraw = True
4.5920 	EXP 	Sound orienting_cue reached end of file
4.6081 	EXP 	Playing sound orienting_cue on speaker Realtek HD Audio 2nd output (Realtek(R) Audio)
4.6082 	INFO 	Keyboard events cleared
4.7016 	EXP 	Sound orienting_cue stopped
5.0924 	EXP 	Sound target reached end of file
5.1085 	EXP 	Playing sound target on speaker Realtek HD Audio 2nd output (Realtek(R) Audio)
5.7177 	EXP 	Sound target reached end of file
5.7261 	EXP 	Sound target reached end of file
6.2594 	EXP 	fixation_cross: autoDraw = False
6.2937 	EXP 	New trial (rep=0, index=2): <Trial 2 (2 in rep 0) data={'block': 1, 'target_word': 'day', 'target_pitch': 'LP', 'cue_type': 'orienting', 'cue_file': 'C:/Users/Adyant Balaji/Documents/EEG/tinnitusExperiments/AudiANT/audio_files/orienting_left.wav', 'target_file': 'C:/Users/Adyant Balaji/Documents/EEG/tinnitusExperiments/AudiANT/audio_files/day_LP_left.wav', 'correct_resp': 'down', 'ear': 'left', 'thisN': 2, 'thisTrialN': 2, 'thisRepN': 0}>
6.2946 	EXP 	target: sampleRate = 44100
6.3154 	INFO 	Resampled audio from 44100Hz to 48000Hz using method 'default'.
6.3358 	EXP 	orienting_cue: sampleRate = 44100
6.3374 	INFO 	Resampled audio from 44100Hz to 48000Hz using method 'default'.
6.3399 	EXP 	fixation_cross: autoDraw = False
6.3399 	EXP 	fixation_cross: autoDraw = True
6.9775 	EXP 	Sound orienting_cue reached end of file
6.9936 	EXP 	Playing sound orienting_cue on speaker Realtek HD Audio 2nd output (Realtek(R) Audio)
6.9936 	INFO 	Keyboard events cleared
7.0931 	EXP 	Sound orienting_cue stopped
7.4777 	EXP 	Sound target reached end of file
7.4940 	EXP 	Playing sound target on speaker Realtek HD Audio 2nd output (Realtek(R) Audio)
8.5528 	EXP 	Sound target reached end of file
8.5616 	EXP 	Sound target reached end of file
9.1787 	EXP 	New trial (rep=0, index=3): <Trial 3 (3 in rep 0) data={'block': 1, 'target_word': 'day', 'target_pitch': 'LP', 'cue_type': 'orienting', 'cue_file': 'C:/Users/Adyant Balaji/Documents/EEG/tinnitusExperiments/AudiANT/audio_files/orienting_right.wav', 'target_file': 'C:/Users/Adyant Balaji/Documents/EEG/tinnitusExperiments/AudiANT/audio_files/day_LP_right.wav', 'correct_resp': 'down', 'ear': 'right', 'thisN': 3, 'thisTrialN': 3, 'thisRepN': 0}>
9.2051 	EXP 	target: sampleRate = 44100
9.2141 	INFO 	Resampled audio from 44100Hz to 48000Hz using method 'default'.
9.2145 	EXP 	orienting_cue: sampleRate = 44100
9.2155 	INFO 	Resampled audio from 44100Hz to 48000Hz using method 'default'.
9.2178 	EXP 	fixation_cross: autoDraw = False
9.2178 	EXP 	fixation_cross: autoDraw = True
9.7463 	EXP 	Sound orienting_cue reached end of file
9.7624 	EXP 	Playing sound orienting_cue on speaker Realtek HD Audio 2nd output (Realtek(R) Audio)
9.7624 	INFO 	Keyboard events cleared
9.8649 	EXP 	Sound orienting_cue stopped
10.2465 	EXP 	Sound target reached end of file
10.2628 	EXP 	Playing sound target on speaker Realtek HD Audio 2nd output (Realtek(R) Audio)
11.3215 	EXP 	Sound target reached end of file
11.3307 	EXP 	Sound target reached end of file
11.9482 	EXP 	New trial (rep=0, index=4): <Trial 4 (4 in rep 0) data={'block': 1, 'target_word': 'high', 'target_pitch': 'LP', 'cue_type': 'alerting', 'cue_file': 'C:/Users/Adyant Balaji/Documents/EEG/tinnitusExperiments/AudiANT/audio_files/alerting_cue.wav', 'target_file': 'C:/Users/Adyant Balaji/Documents/EEG/tinnitusExperiments/AudiANT/audio_files/high_LP_right.wav', 'correct_resp': 'down', 'ear': 'right', 'thisN': 4, 'thisTrialN': 4, 'thisRepN': 0}>
11.9670 	EXP 	target: sampleRate = 44100
11.9753 	INFO 	Resampled audio from 44100Hz to 48000Hz using method 'default'.
11.9756 	EXP 	orienting_cue: sampleRate = 44100
11.9763 	INFO 	Resampled audio from 44100Hz to 48000Hz using method 'default'.
11.9764 	EXP 	Sound orienting_cue set volume 0.000
11.9787 	EXP 	fixation_cross: autoDraw = False
11.9787 	EXP 	fixation_cross: autoDraw = True
12.4820 	EXP 	Sound orienting_cue reached end of file
12.4980 	EXP 	Playing sound orienting_cue on speaker Realtek HD Audio 2nd output (Realtek(R) Audio)
12.4982 	INFO 	Keyboard events cleared
12.5943 	EXP 	Sound orienting_cue stopped
12.9824 	EXP 	Sound target reached end of file
12.9986 	EXP 	Playing sound target on speaker Realtek HD Audio 2nd output (Realtek(R) Audio)
14.0524 	EXP 	Sound target reached end of file
14.0557 	EXP 	Sound target reached end of file
14.6839 	EXP 	New trial (rep=0, index=5): <Trial 5 (5 in rep 0) data={'block': 1, 'target_word': 'low', 'target_pitch': 'HP', 'cue_type': 'orienting', 'cue_file': 'C:/Users/Adyant Balaji/Documents/EEG/tinnitusExperiments/AudiANT/audio_files/orienting_right.wav', 'target_file': 'C:/Users/Adyant Balaji/Documents/EEG/tinnitusExperiments/AudiANT/audio_files/low_HP_right.wav', 'correct_resp': 'up', 'ear': 'right', 'thisN': 5, 'thisTrialN': 5, 'thisRepN': 0}>
14.7067 	EXP 	target: sampleRate = 44100
14.7183 	INFO 	Resampled audio from 44100Hz to 48000Hz using method 'default'.
14.7190 	EXP 	orienting_cue: sampleRate = 44100
14.7223 	INFO 	Resampled audio from 44100Hz to 48000Hz using method 'default'.
14.7254 	EXP 	fixation_cross: autoDraw = False
14.7254 	EXP 	fixation_cross: autoDraw = True
16.0849 	EXP 	Sound orienting_cue reached end of file
16.1010 	EXP 	Playing sound orienting_cue on speaker Realtek HD Audio 2nd output (Realtek(R) Audio)
16.1012 	INFO 	Keyboard events cleared
16.2040 	EXP 	Sound orienting_cue stopped
16.5853 	EXP 	Sound target reached end of file
16.6015 	EXP 	Playing sound target on speaker Realtek HD Audio 2nd output (Realtek(R) Audio)
17.1739 	EXP 	Sound target reached end of file
17.1857 	EXP 	Sound target reached end of file
17.6760 	EXP 	Device response: <KeyPress from None: t=17.656613600000128, value=escape, duration=None>
17.6770 	DATA 	Keypress: escape
17.7193 	EXP 	Device response: <KeyPress from None: t=17.656613600000128, value=escape, duration=0.051042300001427066>
17.7194 	EXP 	AuditoryANT: status = STOPPED
17.7357 	EXP 	fixation_cross: autoDraw = False
17.7359 	EXP 	AuditoryANT: status = STOPPED
17.7535 	INFO 	saved data to 'c:\\Users\\Adyant Balaji\\Documents\\EEG\\tinnitusExperiments\\AudiANT\\data\\168662_AuditoryANT_2025-10-28_11h14.21.993.csv'
17.7565 	INFO 	saved data to c:\Users\Adyant Balaji\Documents\EEG\tinnitusExperiments\AudiANT\data\168662_AuditoryANT_2025-10-28_11h14.21.993.psydat
18.1561 	WARNING 	Stopping key buffers but this could be dangerous ifother keyboards rely on the same.
18.2213 	WARNING 	Stopping key buffers but this could be dangerous ifother keyboards rely on the same.
