3.0606 	INFO 	Loaded monitor calibration from ['2023_11_01 17:25']
3.0672 	WARNING 	User requested fullscreen with size [1512  982], but screen is actually [2560, 1440]. Using actual size
3.5473 	INFO 	Using renderer 'Intel(R) UHD Graphics 770' for graphics
3.5473 	INFO 	OpenGL version supported by driver is 4..
3.5571 	EXP 	Created window1 = Window(allowGUI=False, allowStencil=False, autoLog=True, backendConf=UNKNOWN, backgroundFit=<method-wrapper '__getattribute__' of attributeSetter object at 0x000002A07AC30C10>, backgroundImage=<method-wrapper '__getattribute__' of attributeSetter object at 0x000002A07AC30BB0>, bitsMode=UNKNOWN, blendMode='avg', bpc=(8, 8, 8), color=array([0, 0, 0]), colorSpace='rgb', depthBits=8, fullscr=True, gamma=None, gammaErrorPolicy='raise', infoMsg=UNKNOWN, lms=UNKNOWN, monitor=<psychopy.monitors.calibTools.Monitor object at 0x000002A07ACCA6A0>, multiSample=False, name='window1', numSamples=2, pos=[0.0, 0.0], screen=0, size=array([2560, 1440]), stencilBits=0, stereo=False, title='PsychoPy', units='height', useFBO=True, useRetina=False, viewOri=0.0, viewPos=None, viewScale=None, waitBlanking=True, winType='pyglet')
3.5572 	EXP 	window1: backgroundImage = ''
3.5572 	EXP 	window1: backgroundFit = 'none'
3.6418 	INFO 	keyboard.Keyboard is using ptb backend.
3.6574 	INFO 	Created stream for speaker device: Realtek HD Audio 2nd output (Realtek(R) Audio) (10.0)
3.6583 	INFO 	keyboard.Keyboard is using ptb backend.
3.6607 	INFO 	Created stream for speaker device: Realtek HD Audio 2nd output (Realtek(R) Audio) (10.0)
3.6612 	EXP 	AuditoryANT: status = STARTED
3.6865 	EXP 	Created fixation_cross = TextStim(__class__=<class 'psychopy.visual.text.TextStim'>, alignHoriz=method-wrapper(...), alignText='center', alignVert=method-wrapper(...), anchorHoriz='center', anchorVert='center', antialias=True, autoDraw=False, autoLog=True, bold=False, color=array([1., 1., 1.]), colorSpace='rgb', contrast=1.0, depth=0.0, draggable=False, flipHoriz=False, flipVert=False, font='Arial', fontFiles=[], height=0.05, italic=False, languageStyle='LTR', name='fixation_cross', opacity=1, ori=0.0, pos=array([0., 0.]), rgb=UNKNOWN, text='+', units='height', win=Window(...), wrapWidth=1)
3.6865 	EXP 	target: sampleRate = 48000
3.6865 	EXP 	target: channels = None
3.6875 	EXP 	Sound target set volume 1.000
3.6876 	EXP 	orienting_cue: sampleRate = 48000
3.6876 	EXP 	orienting_cue: channels = None
3.6877 	EXP 	Sound orienting_cue set volume 1.000
0.2844 	INFO 	saved data to c:\Users\Adyant Balaji\Documents\EEG\tinnitusExperiments\AudiANT\data\220989_AuditoryANT_2025-10-28_12h01.20.980.psydat
0.2850 	INFO 	saved data to 'c:\\Users\\Adyant Balaji\\Documents\\EEG\\tinnitusExperiments\\AudiANT\\data\\220989_AuditoryANT_2025-10-28_12h01.20.980.csv'
0.2899 	WARNING 	Stopping key buffers but this could be dangerous ifother keyboards rely on the same.
0.3552 	WARNING 	Stopping key buffers but this could be dangerous ifother keyboards rely on the same.
