3.0265 	INFO 	Loaded monitor calibration from ['2023_11_01 17:25']
3.0345 	WARNING 	User requested fullscreen with size [1512  982], but screen is actually [2560, 1440]. Using actual size
3.5040 	INFO 	Using renderer 'Intel(R) UHD Graphics 770' for graphics
3.5040 	INFO 	OpenGL version supported by driver is 4..
3.5142 	EXP 	Created window1 = Window(allowGUI=False, allowStencil=False, autoLog=True, backendConf=UNKNOWN, backgroundFit=<method-wrapper '__getattribute__' of attributeSetter object at 0x0000017A134B2790>, backgroundImage=<method-wrapper '__getattribute__' of attributeSetter object at 0x0000017A134B2730>, bitsMode=UNKNOWN, blendMode='avg', bpc=(8, 8, 8), color=array([0, 0, 0]), colorSpace='rgb', depthBits=8, fullscr=True, gamma=None, gammaErrorPolicy='raise', infoMsg=UNKNOWN, lms=UNKNOWN, monitor=<psychopy.monitors.calibTools.Monitor object at 0x0000017A13527280>, multiSample=False, name='window1', numSamples=2, pos=[0.0, 0.0], screen=0, size=array([2560, 1440]), stencilBits=0, stereo=False, title='PsychoPy', units='height', useFBO=True, useRetina=False, viewOri=0.0, viewPos=None, viewScale=None, waitBlanking=True, winType='pyglet')
3.5142 	EXP 	window1: backgroundImage = ''
3.5142 	EXP 	window1: backgroundFit = 'none'
3.5879 	INFO 	keyboard.Keyboard is using ptb backend.
3.5962 	INFO 	Created stream for speaker device: Speakers (Logi USB Headset) (7.0)
3.5969 	INFO 	keyboard.Keyboard is using ptb backend.
3.5997 	INFO 	Created stream for speaker device: Speakers (Logi USB Headset) (7.0)
3.6003 	EXP 	AuditoryANT: status = STARTED
3.6266 	EXP 	Created fixation_cross = TextStim(__class__=<class 'psychopy.visual.text.TextStim'>, alignHoriz=method-wrapper(...), alignText='center', alignVert=method-wrapper(...), anchorHoriz='center', anchorVert='center', antialias=True, autoDraw=False, autoLog=True, bold=False, color=array([1., 1., 1.]), colorSpace='rgb', contrast=1.0, depth=0.0, draggable=False, flipHoriz=False, flipVert=False, font='Arial', fontFiles=[], height=0.05, italic=False, languageStyle='LTR', name='fixation_cross', opacity=1, ori=0.0, pos=array([0., 0.]), rgb=UNKNOWN, text='+', units='height', win=Window(...), wrapWidth=1)
3.6266 	EXP 	target: sampleRate = 48000
3.6266 	EXP 	target: channels = None
3.6277 	EXP 	Sound target set volume 1.000
3.6278 	EXP 	orienting_cue: sampleRate = 48000
3.6278 	EXP 	orienting_cue: channels = None
3.6279 	EXP 	Sound orienting_cue set volume 1.000
0.0103 	EXP 	Imported audio_files/conditions.csv as conditions, 24 conditions, 8 params
0.0108 	EXP 	New trial (rep=0, index=0): <Trial 0 (0 in rep 0) data={'block': 1.0, 'target_word': 'day', 'target_pitch': 'LP', 'cue_type': 'alerting', 'cue_file': 'C:/Users/Adyant Balaji/Documents/EEG/tinnitusExperiments/AudiANT/audio_files/alerting_cue.wav', 'target_file': 'C:/Users/Adyant Balaji/Documents/EEG/tinnitusExperiments/AudiANT/audio_files/day_LP_left.wav', 'correct_resp': 'down', 'ear': 'left', 'thisN': 0, 'thisTrialN': 0, 'thisRepN': 0}>
0.0111 	EXP 	target: sampleRate = 44100
0.0214 	INFO 	Resampled audio from 44100Hz to 48000Hz using method 'default'.
0.0219 	EXP 	orienting_cue: sampleRate = 44100
0.0230 	INFO 	Resampled audio from 44100Hz to 48000Hz using method 'default'.
0.0231 	EXP 	Sound orienting_cue set volume 0.000
0.0259 	EXP 	fixation_cross: autoDraw = True
1.1926 	EXP 	Sound orienting_cue reached end of file
1.2087 	EXP 	Playing sound orienting_cue on speaker Speakers (Logi USB Headset)
1.2091 	INFO 	Keyboard events cleared
1.3094 	EXP 	Sound orienting_cue stopped
1.6929 	EXP 	Sound target reached end of file
1.7091 	EXP 	Playing sound target on speaker Speakers (Logi USB Headset)
2.7676 	EXP 	Sound target reached end of file
2.7771 	EXP 	Sound target reached end of file
3.2110 	EXP 	New trial (rep=0, index=1): <Trial 1 (1 in rep 0) data={'block': None, 'target_word': 'high', 'target_pitch': 'HP', 'cue_type': 'orienting', 'cue_file': 'C:/Users/Adyant Balaji/Documents/EEG/tinnitusExperiments/AudiANT/audio_files/orienting_right.wav', 'target_file': 'C:/Users/Adyant Balaji/Documents/EEG/tinnitusExperiments/AudiANT/audio_files/high_HP_right.wav', 'correct_resp': 'up', 'ear': 'right', 'thisN': 1, 'thisTrialN': 1, 'thisRepN': 0}>
3.2120 	EXP 	target: sampleRate = 44100
3.2287 	INFO 	Resampled audio from 44100Hz to 48000Hz using method 'default'.
3.2296 	EXP 	orienting_cue: sampleRate = 44100
3.2325 	INFO 	Resampled audio from 44100Hz to 48000Hz using method 'default'.
3.2350 	EXP 	fixation_cross: autoDraw = False
3.2350 	EXP 	fixation_cross: autoDraw = False
3.2350 	EXP 	fixation_cross: autoDraw = True
4.4948 	EXP 	Sound orienting_cue reached end of file
4.5112 	EXP 	Playing sound orienting_cue on speaker Speakers (Logi USB Headset)
4.5114 	INFO 	Keyboard events cleared
4.6123 	EXP 	Sound orienting_cue stopped
4.9956 	EXP 	Sound target reached end of file
5.0118 	EXP 	Playing sound target on speaker Speakers (Logi USB Headset)
5.6185 	EXP 	Sound target reached end of file
5.6295 	EXP 	Sound target reached end of file
6.4306 	EXP 	New trial (rep=0, index=2): <Trial 2 (2 in rep 0) data={'block': 1.0, 'target_word': 'day', 'target_pitch': 'LP', 'cue_type': 'orienting', 'cue_file': 'C:/Users/Adyant Balaji/Documents/EEG/tinnitusExperiments/AudiANT/audio_files/orienting_left.wav', 'target_file': 'C:/Users/Adyant Balaji/Documents/EEG/tinnitusExperiments/AudiANT/audio_files/day_LP_left.wav', 'correct_resp': 'down', 'ear': 'left', 'thisN': 2, 'thisTrialN': 2, 'thisRepN': 0}>
6.4316 	EXP 	target: sampleRate = 44100
6.4634 	INFO 	Resampled audio from 44100Hz to 48000Hz using method 'default'.
6.4642 	EXP 	orienting_cue: sampleRate = 44100
6.4666 	INFO 	Resampled audio from 44100Hz to 48000Hz using method 'default'.
6.4694 	EXP 	fixation_cross: autoDraw = False
6.4694 	EXP 	fixation_cross: autoDraw = False
6.4694 	EXP 	fixation_cross: autoDraw = True
7.4145 	EXP 	Sound orienting_cue reached end of file
7.4306 	EXP 	Playing sound orienting_cue on speaker Speakers (Logi USB Headset)
7.4307 	INFO 	Keyboard events cleared
7.5280 	EXP 	Sound orienting_cue stopped
7.9148 	EXP 	Sound target reached end of file
7.9310 	EXP 	Playing sound target on speaker Speakers (Logi USB Headset)
8.9873 	EXP 	Sound target reached end of file
8.9989 	EXP 	Sound target reached end of file
9.6165 	EXP 	New trial (rep=0, index=3): <Trial 3 (3 in rep 0) data={'block': None, 'target_word': 'day', 'target_pitch': 'LP', 'cue_type': 'orienting', 'cue_file': 'C:/Users/Adyant Balaji/Documents/EEG/tinnitusExperiments/AudiANT/audio_files/orienting_right.wav', 'target_file': 'C:/Users/Adyant Balaji/Documents/EEG/tinnitusExperiments/AudiANT/audio_files/day_LP_right.wav', 'correct_resp': 'down', 'ear': 'right', 'thisN': 3, 'thisTrialN': 3, 'thisRepN': 0}>
9.6174 	EXP 	target: sampleRate = 44100
9.6486 	INFO 	Resampled audio from 44100Hz to 48000Hz using method 'default'.
9.6498 	EXP 	orienting_cue: sampleRate = 44100
9.6533 	INFO 	Resampled audio from 44100Hz to 48000Hz using method 'default'.
9.6569 	EXP 	fixation_cross: autoDraw = False
9.6569 	EXP 	fixation_cross: autoDraw = True
10.1123 	EXP 	Device response: <KeyPress from None: t=10.096572900001775, value=up, duration=None>
10.1144 	DATA 	Keypress: up
10.1834 	EXP 	Device response: <KeyPress from None: t=10.096572900001775, value=up, duration=0.07278020000376273>
10.5838 	EXP 	Sound orienting_cue reached end of file
10.5999 	EXP 	Playing sound orienting_cue on speaker Speakers (Logi USB Headset)
10.5999 	INFO 	Keyboard events cleared
10.6985 	EXP 	Sound orienting_cue stopped
10.7172 	EXP 	Device response: <KeyPress from None: t=10.704621700002463, value=down, duration=None>
10.7176 	EXP 	New trial (rep=0, index=4): <Trial 4 (4 in rep 0) data={'block': None, 'target_word': 'high', 'target_pitch': 'LP', 'cue_type': 'alerting', 'cue_file': 'C:/Users/Adyant Balaji/Documents/EEG/tinnitusExperiments/AudiANT/audio_files/alerting_cue.wav', 'target_file': 'C:/Users/Adyant Balaji/Documents/EEG/tinnitusExperiments/AudiANT/audio_files/high_LP_right.wav', 'correct_resp': 'down', 'ear': 'right', 'thisN': 4, 'thisTrialN': 4, 'thisRepN': 0}>
10.7185 	EXP 	target: sampleRate = 44100
10.7359 	INFO 	Resampled audio from 44100Hz to 48000Hz using method 'default'.
10.7364 	EXP 	orienting_cue: sampleRate = 44100
10.7370 	INFO 	Resampled audio from 44100Hz to 48000Hz using method 'default'.
10.7371 	EXP 	Sound orienting_cue set volume 0.000
10.7376 	DATA 	Keypress: down
10.7395 	EXP 	fixation_cross: autoDraw = False
10.7395 	EXP 	fixation_cross: autoDraw = True
10.7838 	EXP 	Device response: <KeyPress from None: t=10.704621700002463, value=down, duration=0.07302150000759866>
11.0841 	EXP 	Device response: <KeyPress from None: t=11.081545000008191, value=up, duration=None>
11.0853 	DATA 	Keypress: up
11.1676 	EXP 	Device response: <KeyPress from None: t=11.081545000008191, value=up, duration=0.07378049999533687>
11.3343 	EXP 	Device response: <KeyPress from None: t=11.321471800009022, value=down, duration=None>
11.3353 	DATA 	Keypress: down
11.4008 	EXP 	Sound orienting_cue reached end of file
11.4170 	EXP 	Playing sound orienting_cue on speaker Speakers (Logi USB Headset)
11.4174 	INFO 	Keyboard events cleared
11.4511 	EXP 	Device response: <KeyPress from None: t=11.321471800009022, value=down, duration=0.11888139999064151>
11.5178 	EXP 	Sound orienting_cue stopped
11.5679 	EXP 	Device response: <KeyPress from None: t=11.56039860000601, value=up, duration=None>
11.5683 	EXP 	New trial (rep=0, index=5): <Trial 5 (5 in rep 0) data={'block': None, 'target_word': 'low', 'target_pitch': 'HP', 'cue_type': 'orienting', 'cue_file': 'C:/Users/Adyant Balaji/Documents/EEG/tinnitusExperiments/AudiANT/audio_files/orienting_right.wav', 'target_file': 'C:/Users/Adyant Balaji/Documents/EEG/tinnitusExperiments/AudiANT/audio_files/low_HP_right.wav', 'correct_resp': 'up', 'ear': 'right', 'thisN': 5, 'thisTrialN': 5, 'thisRepN': 0}>
11.5691 	EXP 	target: sampleRate = 44100
11.5794 	INFO 	Resampled audio from 44100Hz to 48000Hz using method 'default'.
11.5796 	EXP 	orienting_cue: sampleRate = 44100
11.5808 	INFO 	Resampled audio from 44100Hz to 48000Hz using method 'default'.
11.5812 	DATA 	Keypress: up
11.5838 	EXP 	fixation_cross: autoDraw = False
11.5838 	EXP 	fixation_cross: autoDraw = True
11.6847 	EXP 	Device response: <KeyPress from None: t=11.56039860000601, value=up, duration=0.11893399999826215>
12.0182 	EXP 	Device response: <KeyPress from None: t=12.006440299999667, value=down, duration=None>
12.0194 	DATA 	Keypress: down
12.1184 	EXP 	Device response: <KeyPress from None: t=12.006440299999667, value=down, duration=0.09737020000466146>
12.2517 	EXP 	Device response: <KeyPress from None: t=12.246414599998388, value=up, duration=None>
12.2528 	DATA 	Keypress: up
12.3518 	EXP 	Device response: <KeyPress from None: t=12.246414599998388, value=up, duration=0.09595670000999235>
12.4186 	EXP 	Sound orienting_cue reached end of file
12.4348 	EXP 	Playing sound orienting_cue on speaker Speakers (Logi USB Headset)
12.4349 	INFO 	Keyboard events cleared
12.5386 	EXP 	Sound orienting_cue stopped
12.6355 	EXP 	Device response: <KeyPress from None: t=12.623636999996961, value=down, duration=None>
12.6359 	EXP 	New trial (rep=0, index=6): <Trial 6 (6 in rep 0) data={'block': None, 'target_word': 'day', 'target_pitch': 'LP', 'cue_type': 'alerting', 'cue_file': 'C:/Users/Adyant Balaji/Documents/EEG/tinnitusExperiments/AudiANT/audio_files/alerting_cue.wav', 'target_file': 'C:/Users/Adyant Balaji/Documents/EEG/tinnitusExperiments/AudiANT/audio_files/day_LP_right.wav', 'correct_resp': 'down', 'ear': 'right', 'thisN': 6, 'thisTrialN': 6, 'thisRepN': 0}>
12.6367 	EXP 	target: sampleRate = 44100
12.6572 	INFO 	Resampled audio from 44100Hz to 48000Hz using method 'default'.
12.6576 	EXP 	orienting_cue: sampleRate = 44100
12.6583 	INFO 	Resampled audio from 44100Hz to 48000Hz using method 'default'.
12.6584 	EXP 	Sound orienting_cue set volume 0.000
12.6591 	DATA 	Keypress: down
12.6611 	EXP 	fixation_cross: autoDraw = False
12.6611 	EXP 	fixation_cross: autoDraw = True
12.7354 	EXP 	Device response: <KeyPress from None: t=12.623636999996961, value=down, duration=0.09687800001120195>
12.9691 	EXP 	Device response: <KeyPress from None: t=12.955452199996216, value=up, duration=None>
12.9703 	DATA 	Keypress: up
13.0357 	EXP 	Sound orienting_cue reached end of file
13.0519 	EXP 	Playing sound orienting_cue on speaker Speakers (Logi USB Headset)
13.0360 	EXP 	Device response: <KeyPress from None: t=12.955452199996216, value=up, duration=0.07312650000676513>
13.0520 	INFO 	Keyboard events cleared
13.1049 	DATA 	Keypress: up
13.1192 	EXP 	Device response: <KeyPress from None: t=13.102778400003444, value=up, duration=None>
13.1315 	EXP 	Sound orienting_cue paused
13.1318 	EXP 	New trial (rep=0, index=7): <Trial 7 (7 in rep 0) data={'block': None, 'target_word': 'day', 'target_pitch': 'HP', 'cue_type': 'orienting', 'cue_file': 'C:/Users/Adyant Balaji/Documents/EEG/tinnitusExperiments/AudiANT/audio_files/orienting_right.wav', 'target_file': 'C:/Users/Adyant Balaji/Documents/EEG/tinnitusExperiments/AudiANT/audio_files/day_HP_right.wav', 'correct_resp': 'up', 'ear': 'right', 'thisN': 7, 'thisTrialN': 7, 'thisRepN': 0}>
13.1326 	EXP 	target: sampleRate = 44100
13.1434 	INFO 	Resampled audio from 44100Hz to 48000Hz using method 'default'.
13.1437 	EXP 	orienting_cue: sampleRate = 44100
13.1449 	INFO 	Resampled audio from 44100Hz to 48000Hz using method 'default'.
13.1481 	EXP 	fixation_cross: autoDraw = False
13.1481 	EXP 	fixation_cross: autoDraw = True
13.1859 	EXP 	Device response: <KeyPress from None: t=13.102778400003444, value=up, duration=0.07360659999540076>
13.2525 	EXP 	Device response: <KeyPress from None: t=13.249287200000254, value=up, duration=None>
13.2538 	DATA 	Keypress: up
13.3526 	EXP 	Device response: <KeyPress from None: t=13.249287200000254, value=up, duration=0.09698220000427682>
13.5195 	EXP 	Device response: <KeyPress from None: t=13.51137259999814, value=down, duration=None>
13.5212 	DATA 	Keypress: down
13.5863 	EXP 	Device response: <KeyPress from None: t=13.51137259999814, value=down, duration=0.073916300010751>
13.6195 	EXP 	Sound orienting_cue reached end of file
13.6357 	EXP 	Playing sound orienting_cue on speaker Speakers (Logi USB Headset)
13.6360 	INFO 	Keyboard events cleared
13.6370 	EXP 	Device response: <KeyPress from None: t=13.635379700004705, value=down, duration=None>
13.6382 	DATA 	Keypress: down
13.6712 	EXP 	Sound orienting_cue paused
13.6715 	EXP 	New trial (rep=0, index=8): <Trial 8 (8 in rep 0) data={'block': 1.0, 'target_word': 'low', 'target_pitch': 'HP', 'cue_type': 'orienting', 'cue_file': 'C:/Users/Adyant Balaji/Documents/EEG/tinnitusExperiments/AudiANT/audio_files/orienting_left.wav', 'target_file': 'C:/Users/Adyant Balaji/Documents/EEG/tinnitusExperiments/AudiANT/audio_files/low_HP_left.wav', 'correct_resp': 'up', 'ear': 'left', 'thisN': 8, 'thisTrialN': 8, 'thisRepN': 0}>
13.6723 	EXP 	target: sampleRate = 44100
13.6834 	INFO 	Resampled audio from 44100Hz to 48000Hz using method 'default'.
13.6846 	EXP 	orienting_cue: sampleRate = 44100
13.6887 	INFO 	Resampled audio from 44100Hz to 48000Hz using method 'default'.
13.6921 	EXP 	fixation_cross: autoDraw = False
13.6921 	EXP 	fixation_cross: autoDraw = True
13.7363 	EXP 	Device response: <KeyPress from None: t=13.635379700004705, value=down, duration=0.09695900000224356>
13.7865 	EXP 	Device response: <KeyPress from None: t=13.783279099996435, value=down, duration=None>
13.7876 	DATA 	Keypress: down
13.9030 	EXP 	Device response: <KeyPress from None: t=13.783279099996435, value=down, duration=0.11893390001205262>
14.1700 	EXP 	Device response: <KeyPress from None: t=14.160623300005682, value=up, duration=None>
14.1710 	DATA 	Keypress: up
14.2033 	EXP 	Device response: <KeyPress from None: t=14.160623300005682, value=up, duration=0.027292899991152808>
14.2700 	EXP 	Device response: <KeyPress from None: t=14.26118210000277, value=up, duration=None>
14.2712 	DATA 	Keypress: up
14.3703 	EXP 	Device response: <KeyPress from None: t=14.26118210000277, value=up, duration=0.09707459999481216>
14.6370 	EXP 	Sound orienting_cue reached end of file
14.6532 	EXP 	Playing sound orienting_cue on speaker Speakers (Logi USB Headset)
14.6533 	INFO 	Keyboard events cleared
14.7502 	EXP 	Sound orienting_cue stopped
14.8375 	EXP 	Device response: <KeyPress from None: t=14.831371000007493, value=escape, duration=None>
14.8388 	DATA 	Keypress: escape
14.9206 	EXP 	Device response: <KeyPress from None: t=14.831371000007493, value=escape, duration=0.07367309999244753>
14.9207 	EXP 	AuditoryANT: status = STOPPED
14.9368 	EXP 	fixation_cross: autoDraw = False
14.9371 	EXP 	AuditoryANT: status = STOPPED
14.9585 	INFO 	saved data to 'c:\\Users\\Adyant Balaji\\Documents\\EEG\\tinnitusExperiments\\AudiANT\\data\\295352_AuditoryANT_2025-09-26_14h04.57.487.csv'
14.9610 	INFO 	saved data to c:\Users\Adyant Balaji\Documents\EEG\tinnitusExperiments\AudiANT\data\295352_AuditoryANT_2025-09-26_14h04.57.487.psydat
15.3119 	WARNING 	Stopping key buffers but this could be dangerous ifother keyboards rely on the same.
15.4093 	WARNING 	Stopping key buffers but this could be dangerous ifother keyboards rely on the same.
