2.9547 	INFO 	Loaded monitor calibration from ['2023_11_01 17:25']
2.9621 	WARNING 	User requested fullscreen with size [1512  982], but screen is actually [2560, 1440]. Using actual size
3.4670 	INFO 	Using renderer 'Intel(R) UHD Graphics 770' for graphics
3.4670 	INFO 	OpenGL version supported by driver is 4..
3.4772 	EXP 	Created window1 = Window(allowGUI=False, allowStencil=False, autoLog=True, backendConf=UNKNOWN, backgroundFit=<method-wrapper '__getattribute__' of attributeSetter object at 0x000001FA5CB90C40>, backgroundImage=<method-wrapper '__getattribute__' of attributeSetter object at 0x000001FA5CB90BE0>, bitsMode=UNKNOWN, blendMode='avg', bpc=(8, 8, 8), color=array([0, 0, 0]), colorSpace='rgb', depthBits=8, fullscr=True, gamma=None, gammaErrorPolicy='raise', infoMsg=UNKNOWN, lms=UNKNOWN, monitor=<psychopy.monitors.calibTools.Monitor object at 0x000001FA5CC2A6D0>, multiSample=False, name='window1', numSamples=2, pos=[0.0, 0.0], screen=0, size=array([2560, 1440]), stencilBits=0, stereo=False, title='PsychoPy', units='height', useFBO=True, useRetina=False, viewOri=0.0, viewPos=None, viewScale=None, waitBlanking=True, winType='pyglet')
3.4772 	EXP 	window1: backgroundImage = ''
3.4773 	EXP 	window1: backgroundFit = 'none'
3.5501 	INFO 	keyboard.Keyboard is using ptb backend.
3.5654 	INFO 	Created stream for speaker device: Realtek HD Audio 2nd output (Realtek(R) Audio) (10.0)
3.5666 	INFO 	keyboard.Keyboard is using ptb backend.
3.5702 	INFO 	Created stream for speaker device: Realtek HD Audio 2nd output (Realtek(R) Audio) (10.0)
3.5712 	EXP 	AuditoryANT: status = STARTED
3.6012 	EXP 	Created fixation_cross = TextStim(__class__=<class 'psychopy.visual.text.TextStim'>, alignHoriz=method-wrapper(...), alignText='center', alignVert=method-wrapper(...), anchorHoriz='center', anchorVert='center', antialias=True, autoDraw=False, autoLog=True, bold=False, color=array([1., 1., 1.]), colorSpace='rgb', contrast=1.0, depth=0.0, draggable=False, flipHoriz=False, flipVert=False, font='Arial', fontFiles=[], height=0.05, italic=False, languageStyle='LTR', name='fixation_cross', opacity=1, ori=0.0, pos=array([0., 0.]), rgb=UNKNOWN, text='+', units='height', win=Window(...), wrapWidth=1)
3.6012 	EXP 	target: sampleRate = 48000
3.6013 	EXP 	target: channels = None
3.6024 	EXP 	Sound target set volume 1.000
3.6025 	EXP 	orienting_cue: sampleRate = 48000
3.6025 	EXP 	orienting_cue: channels = None
3.6026 	EXP 	Sound orienting_cue set volume 1.000
0.0123 	EXP 	Imported audio_files/conditions.csv as conditions, 24 conditions, 8 params
0.0128 	EXP 	New trial (rep=0, index=0): <Trial 0 (0 in rep 0) data={'block': 1, 'target_word': 'day', 'target_pitch': 'LP', 'cue_type': 'alerting', 'cue_file': 'C:/Users/Adyant Balaji/Documents/EEG/tinnitusExperiments/AudiANT/audio_files/alerting_cue.wav', 'target_file': 'C:/Users/Adyant Balaji/Documents/EEG/tinnitusExperiments/AudiANT/audio_files/day_LP_left.wav', 'correct_resp': 'down', 'ear': 'left', 'thisN': 0, 'thisTrialN': 0, 'thisRepN': 0}>
0.0131 	EXP 	target: sampleRate = 44100
0.0237 	INFO 	Resampled audio from 44100Hz to 48000Hz using method 'default'.
0.0242 	EXP 	orienting_cue: sampleRate = 44100
0.0252 	INFO 	Resampled audio from 44100Hz to 48000Hz using method 'default'.
0.0253 	EXP 	Sound orienting_cue set volume 0.000
0.0281 	EXP 	fixation_cross: autoDraw = True
1.1726 	EXP 	Sound orienting_cue reached end of file
1.1887 	EXP 	Playing sound orienting_cue on speaker Realtek HD Audio 2nd output (Realtek(R) Audio)
1.1890 	INFO 	Keyboard events cleared
1.2885 	EXP 	Sound orienting_cue stopped
1.6728 	EXP 	Sound target reached end of file
1.6891 	EXP 	Playing sound target on speaker Realtek HD Audio 2nd output (Realtek(R) Audio)
2.7467 	EXP 	Sound target reached end of file
2.7574 	EXP 	Sound target reached end of file
3.2245 	EXP 	New trial (rep=0, index=1): <Trial 1 (1 in rep 0) data={'block': 1, 'target_word': 'high', 'target_pitch': 'HP', 'cue_type': 'orienting', 'cue_file': 'C:/Users/Adyant Balaji/Documents/EEG/tinnitusExperiments/AudiANT/audio_files/orienting_right.wav', 'target_file': 'C:/Users/Adyant Balaji/Documents/EEG/tinnitusExperiments/AudiANT/audio_files/high_HP_right.wav', 'correct_resp': 'up', 'ear': 'right', 'thisN': 1, 'thisTrialN': 1, 'thisRepN': 0}>
3.2253 	EXP 	target: sampleRate = 44100
3.2401 	INFO 	Resampled audio from 44100Hz to 48000Hz using method 'default'.
3.2406 	EXP 	orienting_cue: sampleRate = 44100
3.2424 	INFO 	Resampled audio from 44100Hz to 48000Hz using method 'default'.
3.2446 	EXP 	fixation_cross: autoDraw = False
3.2446 	EXP 	fixation_cross: autoDraw = False
3.2446 	EXP 	fixation_cross: autoDraw = True
4.4586 	EXP 	Sound orienting_cue reached end of file
4.4748 	EXP 	Playing sound orienting_cue on speaker Realtek HD Audio 2nd output (Realtek(R) Audio)
4.4751 	INFO 	Keyboard events cleared
4.5781 	EXP 	Sound orienting_cue stopped
4.9591 	EXP 	Sound target reached end of file
4.9753 	EXP 	Playing sound target on speaker Realtek HD Audio 2nd output (Realtek(R) Audio)
5.5886 	EXP 	Sound target reached end of file
5.5929 	EXP 	Sound target reached end of file
5.7717 	EXP 	Device response: <KeyPress from None: t=5.756893599998875, value=up, duration=None>
5.7722 	EXP 	New trial (rep=0, index=2): <Trial 2 (2 in rep 0) data={'block': 1, 'target_word': 'day', 'target_pitch': 'LP', 'cue_type': 'orienting', 'cue_file': 'C:/Users/Adyant Balaji/Documents/EEG/tinnitusExperiments/AudiANT/audio_files/orienting_left.wav', 'target_file': 'C:/Users/Adyant Balaji/Documents/EEG/tinnitusExperiments/AudiANT/audio_files/day_LP_left.wav', 'correct_resp': 'down', 'ear': 'left', 'thisN': 2, 'thisTrialN': 2, 'thisRepN': 0}>
5.7729 	EXP 	target: sampleRate = 44100
5.7883 	INFO 	Resampled audio from 44100Hz to 48000Hz using method 'default'.
5.7886 	EXP 	orienting_cue: sampleRate = 44100
5.7897 	INFO 	Resampled audio from 44100Hz to 48000Hz using method 'default'.
5.7906 	DATA 	Keypress: up
5.7925 	EXP 	fixation_cross: autoDraw = False
5.7925 	EXP 	fixation_cross: autoDraw = True
5.8430 	EXP 	Device response: <KeyPress from None: t=5.756893599998875, value=up, duration=0.07280270000046585>
7.3610 	EXP 	Sound orienting_cue reached end of file
7.3772 	EXP 	Playing sound orienting_cue on speaker Realtek HD Audio 2nd output (Realtek(R) Audio)
7.3772 	INFO 	Keyboard events cleared
7.4791 	EXP 	Sound orienting_cue stopped
7.8616 	EXP 	Sound target reached end of file
7.8776 	EXP 	Playing sound target on speaker Realtek HD Audio 2nd output (Realtek(R) Audio)
8.9332 	EXP 	Sound target reached end of file
8.9455 	EXP 	Sound target reached end of file
8.9951 	EXP 	fixation_cross: autoDraw = False
9.0626 	EXP 	New trial (rep=0, index=3): <Trial 3 (3 in rep 0) data={'block': 1, 'target_word': 'day', 'target_pitch': 'LP', 'cue_type': 'orienting', 'cue_file': 'C:/Users/Adyant Balaji/Documents/EEG/tinnitusExperiments/AudiANT/audio_files/orienting_right.wav', 'target_file': 'C:/Users/Adyant Balaji/Documents/EEG/tinnitusExperiments/AudiANT/audio_files/day_LP_right.wav', 'correct_resp': 'down', 'ear': 'right', 'thisN': 3, 'thisTrialN': 3, 'thisRepN': 0}>
9.0636 	EXP 	target: sampleRate = 44100
9.0841 	INFO 	Resampled audio from 44100Hz to 48000Hz using method 'default'.
9.0847 	EXP 	orienting_cue: sampleRate = 44100
9.0861 	INFO 	Resampled audio from 44100Hz to 48000Hz using method 'default'.
9.0882 	EXP 	fixation_cross: autoDraw = False
9.0882 	EXP 	fixation_cross: autoDraw = True
9.4960 	EXP 	Sound orienting_cue reached end of file
9.5122 	EXP 	Playing sound orienting_cue on speaker Realtek HD Audio 2nd output (Realtek(R) Audio)
9.5125 	INFO 	Keyboard events cleared
9.6077 	EXP 	Sound orienting_cue stopped
9.9964 	EXP 	Sound target reached end of file
10.0126 	EXP 	Playing sound target on speaker Realtek HD Audio 2nd output (Realtek(R) Audio)
10.9307 	EXP 	Device response: <KeyPress from None: t=10.924972699998762, value=down, duration=None>
10.9478 	EXP 	Sound target paused
10.9481 	EXP 	New trial (rep=0, index=4): <Trial 4 (4 in rep 0) data={'block': 1, 'target_word': 'high', 'target_pitch': 'LP', 'cue_type': 'alerting', 'cue_file': 'C:/Users/Adyant Balaji/Documents/EEG/tinnitusExperiments/AudiANT/audio_files/alerting_cue.wav', 'target_file': 'C:/Users/Adyant Balaji/Documents/EEG/tinnitusExperiments/AudiANT/audio_files/high_LP_right.wav', 'correct_resp': 'down', 'ear': 'right', 'thisN': 4, 'thisTrialN': 4, 'thisRepN': 0}>
10.9490 	EXP 	target: sampleRate = 44100
10.9683 	INFO 	Resampled audio from 44100Hz to 48000Hz using method 'default'.
10.9688 	EXP 	orienting_cue: sampleRate = 44100
10.9695 	INFO 	Resampled audio from 44100Hz to 48000Hz using method 'default'.
10.9696 	EXP 	Sound orienting_cue set volume 0.000
10.9701 	DATA 	Keypress: down
10.9719 	EXP 	fixation_cross: autoDraw = False
10.9719 	EXP 	fixation_cross: autoDraw = True
11.0475 	EXP 	Device response: <KeyPress from None: t=10.924972699998762, value=down, duration=0.11871760000030918>
12.1151 	EXP 	Sound orienting_cue reached end of file
12.1311 	EXP 	Playing sound orienting_cue on speaker Realtek HD Audio 2nd output (Realtek(R) Audio)
12.1314 	INFO 	Keyboard events cleared
12.2263 	EXP 	Sound orienting_cue stopped
12.6155 	EXP 	Sound target reached end of file
12.6315 	EXP 	Playing sound target on speaker Realtek HD Audio 2nd output (Realtek(R) Audio)
13.6861 	EXP 	Sound target reached end of file
13.6988 	EXP 	Sound target reached end of file
13.8158 	EXP 	Device response: <KeyPress from None: t=13.811167899999418, value=down, duration=None>
13.8162 	DATA 	Keypress: down
13.9161 	EXP 	Device response: <KeyPress from None: t=13.811167899999418, value=down, duration=0.09696740000072168>
14.1669 	EXP 	New trial (rep=0, index=5): <Trial 5 (5 in rep 0) data={'block': 1, 'target_word': 'low', 'target_pitch': 'HP', 'cue_type': 'orienting', 'cue_file': 'C:/Users/Adyant Balaji/Documents/EEG/tinnitusExperiments/AudiANT/audio_files/orienting_right.wav', 'target_file': 'C:/Users/Adyant Balaji/Documents/EEG/tinnitusExperiments/AudiANT/audio_files/low_HP_right.wav', 'correct_resp': 'up', 'ear': 'right', 'thisN': 5, 'thisTrialN': 5, 'thisRepN': 0}>
14.1677 	EXP 	target: sampleRate = 44100
14.1798 	INFO 	Resampled audio from 44100Hz to 48000Hz using method 'default'.
14.1804 	EXP 	orienting_cue: sampleRate = 44100
14.1828 	INFO 	Resampled audio from 44100Hz to 48000Hz using method 'default'.
14.1851 	EXP 	fixation_cross: autoDraw = False
14.1851 	EXP 	fixation_cross: autoDraw = False
14.1851 	EXP 	fixation_cross: autoDraw = True
14.7839 	EXP 	Sound orienting_cue reached end of file
14.8000 	EXP 	Playing sound orienting_cue on speaker Realtek HD Audio 2nd output (Realtek(R) Audio)
14.8000 	INFO 	Keyboard events cleared
14.8973 	EXP 	Sound orienting_cue stopped
15.2843 	EXP 	Sound target reached end of file
15.3004 	EXP 	Playing sound target on speaker Realtek HD Audio 2nd output (Realtek(R) Audio)
15.8713 	EXP 	Sound target reached end of file
15.8849 	EXP 	Sound target reached end of file
16.2516 	EXP 	Device response: <KeyPress from None: t=16.239908699999432, value=up, duration=None>
16.2521 	EXP 	New trial (rep=0, index=6): <Trial 6 (6 in rep 0) data={'block': 1, 'target_word': 'day', 'target_pitch': 'LP', 'cue_type': 'alerting', 'cue_file': 'C:/Users/Adyant Balaji/Documents/EEG/tinnitusExperiments/AudiANT/audio_files/alerting_cue.wav', 'target_file': 'C:/Users/Adyant Balaji/Documents/EEG/tinnitusExperiments/AudiANT/audio_files/day_LP_right.wav', 'correct_resp': 'down', 'ear': 'right', 'thisN': 6, 'thisTrialN': 6, 'thisRepN': 0}>
16.2530 	EXP 	target: sampleRate = 44100
16.2745 	INFO 	Resampled audio from 44100Hz to 48000Hz using method 'default'.
16.2749 	EXP 	orienting_cue: sampleRate = 44100
16.2756 	INFO 	Resampled audio from 44100Hz to 48000Hz using method 'default'.
16.2757 	EXP 	Sound orienting_cue set volume 0.000
16.2762 	DATA 	Keypress: up
16.2780 	EXP 	fixation_cross: autoDraw = False
16.2780 	EXP 	fixation_cross: autoDraw = True
16.3185 	EXP 	Device response: <KeyPress from None: t=16.239908699999432, value=up, duration=0.0738746999995783>
17.0021 	EXP 	Sound orienting_cue reached end of file
17.0183 	EXP 	Playing sound orienting_cue on speaker Realtek HD Audio 2nd output (Realtek(R) Audio)
17.0186 	INFO 	Keyboard events cleared
17.1189 	EXP 	Sound orienting_cue stopped
17.5021 	EXP 	Sound target reached end of file
17.5186 	EXP 	Playing sound target on speaker Realtek HD Audio 2nd output (Realtek(R) Audio)
18.4203 	EXP 	Device response: <KeyPress from None: t=18.414739299998473, value=down, duration=None>
18.4365 	EXP 	Sound target paused
18.4369 	EXP 	New trial (rep=0, index=7): <Trial 7 (7 in rep 0) data={'block': 1, 'target_word': 'day', 'target_pitch': 'HP', 'cue_type': 'orienting', 'cue_file': 'C:/Users/Adyant Balaji/Documents/EEG/tinnitusExperiments/AudiANT/audio_files/orienting_right.wav', 'target_file': 'C:/Users/Adyant Balaji/Documents/EEG/tinnitusExperiments/AudiANT/audio_files/day_HP_right.wav', 'correct_resp': 'up', 'ear': 'right', 'thisN': 7, 'thisTrialN': 7, 'thisRepN': 0}>
18.4378 	EXP 	target: sampleRate = 44100
18.4511 	INFO 	Resampled audio from 44100Hz to 48000Hz using method 'default'.
18.4523 	EXP 	orienting_cue: sampleRate = 44100
18.4553 	INFO 	Resampled audio from 44100Hz to 48000Hz using method 'default'.
18.4568 	DATA 	Keypress: down
18.4590 	EXP 	fixation_cross: autoDraw = False
18.4590 	EXP 	fixation_cross: autoDraw = True
18.5202 	EXP 	Device response: <KeyPress from None: t=18.414739299998473, value=down, duration=0.09592650000013236>
19.7881 	EXP 	Sound orienting_cue reached end of file
19.8042 	EXP 	Playing sound orienting_cue on speaker Realtek HD Audio 2nd output (Realtek(R) Audio)
19.8042 	INFO 	Keyboard events cleared
19.8990 	EXP 	Sound orienting_cue stopped
20.2885 	EXP 	Sound target reached end of file
20.3046 	EXP 	Playing sound target on speaker Realtek HD Audio 2nd output (Realtek(R) Audio)
20.9106 	EXP 	Sound target reached end of file
20.9223 	EXP 	Sound target reached end of file
21.3739 	DATA 	Keypress: up
21.3894 	EXP 	Device response: <KeyPress from None: t=21.371851199999583, value=up, duration=None>
21.3898 	EXP 	New trial (rep=0, index=8): <Trial 8 (8 in rep 0) data={'block': 1, 'target_word': 'low', 'target_pitch': 'HP', 'cue_type': 'orienting', 'cue_file': 'C:/Users/Adyant Balaji/Documents/EEG/tinnitusExperiments/AudiANT/audio_files/orienting_left.wav', 'target_file': 'C:/Users/Adyant Balaji/Documents/EEG/tinnitusExperiments/AudiANT/audio_files/low_HP_left.wav', 'correct_resp': 'up', 'ear': 'left', 'thisN': 8, 'thisTrialN': 8, 'thisRepN': 0}>
21.3908 	EXP 	target: sampleRate = 44100
21.4014 	INFO 	Resampled audio from 44100Hz to 48000Hz using method 'default'.
21.4023 	EXP 	orienting_cue: sampleRate = 44100
21.4057 	INFO 	Resampled audio from 44100Hz to 48000Hz using method 'default'.
21.4090 	EXP 	fixation_cross: autoDraw = False
21.4090 	EXP 	fixation_cross: autoDraw = True
21.4558 	EXP 	Device response: <KeyPress from None: t=21.371851199999583, value=up, duration=0.07390979999945557>
21.9230 	EXP 	Sound orienting_cue reached end of file
21.9392 	EXP 	Playing sound orienting_cue on speaker Realtek HD Audio 2nd output (Realtek(R) Audio)
21.9393 	INFO 	Keyboard events cleared
22.0398 	EXP 	Sound orienting_cue stopped
22.4234 	EXP 	Sound target reached end of file
22.4396 	EXP 	Playing sound target on speaker Realtek HD Audio 2nd output (Realtek(R) Audio)
23.0126 	EXP 	Sound target reached end of file
23.0239 	EXP 	Sound target reached end of file
24.1250 	EXP 	New trial (rep=0, index=9): <Trial 9 (9 in rep 0) data={'block': 1, 'target_word': 'high', 'target_pitch': 'LP', 'cue_type': 'orienting', 'cue_file': 'C:/Users/Adyant Balaji/Documents/EEG/tinnitusExperiments/AudiANT/audio_files/orienting_left.wav', 'target_file': 'C:/Users/Adyant Balaji/Documents/EEG/tinnitusExperiments/AudiANT/audio_files/high_LP_left.wav', 'correct_resp': 'down', 'ear': 'left', 'thisN': 9, 'thisTrialN': 9, 'thisRepN': 0}>
24.1259 	EXP 	target: sampleRate = 44100
24.1448 	INFO 	Resampled audio from 44100Hz to 48000Hz using method 'default'.
24.1451 	EXP 	orienting_cue: sampleRate = 44100
24.1462 	INFO 	Resampled audio from 44100Hz to 48000Hz using method 'default'.
24.1484 	EXP 	fixation_cross: autoDraw = False
24.1484 	EXP 	fixation_cross: autoDraw = True
24.6921 	EXP 	Sound orienting_cue reached end of file
24.7082 	EXP 	Playing sound orienting_cue on speaker Realtek HD Audio 2nd output (Realtek(R) Audio)
24.7082 	INFO 	Keyboard events cleared
24.8069 	EXP 	Sound orienting_cue stopped
25.1925 	EXP 	Sound target reached end of file
25.2087 	EXP 	Playing sound target on speaker Realtek HD Audio 2nd output (Realtek(R) Audio)
26.2653 	EXP 	Sound target reached end of file
26.2764 	EXP 	Sound target reached end of file
26.8933 	EXP 	New trial (rep=0, index=10): <Trial 10 (10 in rep 0) data={'block': 1, 'target_word': 'low', 'target_pitch': 'LP', 'cue_type': 'orienting', 'cue_file': 'C:/Users/Adyant Balaji/Documents/EEG/tinnitusExperiments/AudiANT/audio_files/orienting_right.wav', 'target_file': 'C:/Users/Adyant Balaji/Documents/EEG/tinnitusExperiments/AudiANT/audio_files/low_LP_right.wav', 'correct_resp': 'down', 'ear': 'right', 'thisN': 10, 'thisTrialN': 10, 'thisRepN': 0}>
26.8936 	EXP 	target: sampleRate = 44100
26.9038 	INFO 	Resampled audio from 44100Hz to 48000Hz using method 'default'.
26.9043 	EXP 	orienting_cue: sampleRate = 44100
26.9063 	INFO 	Resampled audio from 44100Hz to 48000Hz using method 'default'.
26.9097 	EXP 	fixation_cross: autoDraw = False
26.9097 	EXP 	fixation_cross: autoDraw = True
28.1448 	EXP 	Sound orienting_cue reached end of file
28.1609 	EXP 	Playing sound orienting_cue on speaker Realtek HD Audio 2nd output (Realtek(R) Audio)
28.1610 	INFO 	Keyboard events cleared
28.2587 	EXP 	Sound orienting_cue stopped
28.6454 	EXP 	Sound target reached end of file
28.6615 	EXP 	Playing sound target on speaker Realtek HD Audio 2nd output (Realtek(R) Audio)
29.4126 	EXP 	Device response: <KeyPress from None: t=29.3987920999989, value=down, duration=None>
29.4266 	EXP 	Sound target paused
29.4271 	EXP 	New trial (rep=0, index=11): <Trial 11 (11 in rep 0) data={'block': 1, 'target_word': 'low', 'target_pitch': 'LP', 'cue_type': 'alerting', 'cue_file': 'C:/Users/Adyant Balaji/Documents/EEG/tinnitusExperiments/AudiANT/audio_files/alerting_cue.wav', 'target_file': 'C:/Users/Adyant Balaji/Documents/EEG/tinnitusExperiments/AudiANT/audio_files/low_LP_left.wav', 'correct_resp': 'down', 'ear': 'left', 'thisN': 11, 'thisTrialN': 11, 'thisRepN': 0}>
29.4280 	EXP 	target: sampleRate = 44100
29.4452 	INFO 	Resampled audio from 44100Hz to 48000Hz using method 'default'.
29.4457 	EXP 	orienting_cue: sampleRate = 44100
29.4466 	INFO 	Resampled audio from 44100Hz to 48000Hz using method 'default'.
29.4467 	EXP 	Sound orienting_cue set volume 0.000
29.4473 	DATA 	Keypress: down
29.4491 	EXP 	fixation_cross: autoDraw = False
29.4491 	EXP 	fixation_cross: autoDraw = True
29.4793 	EXP 	Device response: <KeyPress from None: t=29.3987920999989, value=down, duration=0.07372290000057546>
30.0464 	EXP 	Sound orienting_cue reached end of file
30.0626 	EXP 	Playing sound orienting_cue on speaker Realtek HD Audio 2nd output (Realtek(R) Audio)
30.0626 	INFO 	Keyboard events cleared
30.1653 	EXP 	Sound orienting_cue stopped
30.5469 	EXP 	Sound target reached end of file
30.5631 	EXP 	Playing sound target on speaker Realtek HD Audio 2nd output (Realtek(R) Audio)
31.5513 	EXP 	Sound target reached end of file
31.5640 	EXP 	Sound target reached end of file
32.2485 	EXP 	New trial (rep=0, index=12): <Trial 12 (12 in rep 0) data={'block': 1, 'target_word': 'day', 'target_pitch': 'HP', 'cue_type': 'alerting', 'cue_file': 'C:/Users/Adyant Balaji/Documents/EEG/tinnitusExperiments/AudiANT/audio_files/alerting_cue.wav', 'target_file': 'C:/Users/Adyant Balaji/Documents/EEG/tinnitusExperiments/AudiANT/audio_files/day_HP_left.wav', 'correct_resp': 'up', 'ear': 'left', 'thisN': 12, 'thisTrialN': 12, 'thisRepN': 0}>
32.2495 	EXP 	target: sampleRate = 44100
32.2612 	INFO 	Resampled audio from 44100Hz to 48000Hz using method 'default'.
32.2618 	EXP 	orienting_cue: sampleRate = 44100
32.2629 	INFO 	Resampled audio from 44100Hz to 48000Hz using method 'default'.
32.2631 	EXP 	Sound orienting_cue set volume 0.000
32.2654 	EXP 	fixation_cross: autoDraw = False
32.2654 	EXP 	fixation_cross: autoDraw = True
32.9654 	EXP 	Sound orienting_cue reached end of file
32.9815 	EXP 	Playing sound orienting_cue on speaker Realtek HD Audio 2nd output (Realtek(R) Audio)
32.9818 	INFO 	Keyboard events cleared
33.0794 	EXP 	Sound orienting_cue stopped
33.4657 	EXP 	Sound target reached end of file
33.4819 	EXP 	Playing sound target on speaker Realtek HD Audio 2nd output (Realtek(R) Audio)
33.6340 	DATA 	Keypress: escape
33.6495 	EXP 	Device response: <KeyPress from None: t=33.632368900000074, value=escape, duration=None>
33.7160 	EXP 	Device response: <KeyPress from None: t=33.632368900000074, value=escape, duration=0.07233439999981783>
33.7161 	EXP 	AuditoryANT: status = STOPPED
33.7323 	EXP 	fixation_cross: autoDraw = False
33.7325 	EXP 	AuditoryANT: status = STOPPED
33.7586 	INFO 	saved data to 'c:\\Users\\Adyant Balaji\\Documents\\EEG\\tinnitusExperiments\\AudiANT\\data\\308751_AuditoryANT_2025-10-28_11h32.31.627.csv'
33.7605 	INFO 	saved data to c:\Users\Adyant Balaji\Documents\EEG\tinnitusExperiments\AudiANT\data\308751_AuditoryANT_2025-10-28_11h32.31.627.psydat
34.1079 	WARNING 	Stopping key buffers but this could be dangerous ifother keyboards rely on the same.
34.1693 	WARNING 	Stopping key buffers but this could be dangerous ifother keyboards rely on the same.
