2.4976 	INFO 	Loaded monitor calibration from ['2023_11_01 17:25']
2.5008 	WARNING 	User requested fullscreen with size [1512  982], but screen is actually [2560, 1440]. Using actual size
2.9374 	INFO 	Using renderer 'Intel(R) UHD Graphics 770' for graphics
2.9374 	INFO 	OpenGL version supported by driver is 4..
2.9474 	EXP 	Created window1 = Window(allowGUI=False, allowStencil=False, autoLog=True, backendConf=UNKNOWN, backgroundFit=<method-wrapper '__getattribute__' of attributeSetter object at 0x000001BD51A21BE0>, backgroundImage=<method-wrapper '__getattribute__' of attributeSetter object at 0x000001BD51A21B80>, bitsMode=UNKNOWN, blendMode='avg', bpc=(8, 8, 8), color=array([0, 0, 0]), colorSpace='rgb', depthBits=8, fullscr=True, gamma=None, gammaErrorPolicy='raise', infoMsg=UNKNOWN, lms=UNKNOWN, monitor=<psychopy.monitors.calibTools.Monitor object at 0x000001BD51ABA670>, multiSample=False, name='window1', numSamples=2, pos=[0.0, 0.0], screen=0, size=array([2560, 1440]), stencilBits=0, stereo=False, title='PsychoPy', units='height', useFBO=True, useRetina=False, viewOri=0.0, viewPos=None, viewScale=None, waitBlanking=True, winType='pyglet')
2.9474 	EXP 	window1: backgroundImage = ''
2.9474 	EXP 	window1: backgroundFit = 'none'
3.0212 	INFO 	keyboard.Keyboard is using ptb backend.
3.0355 	INFO 	Created stream for speaker device: Realtek HD Audio 2nd output (Realtek(R) Audio) (10.0)
3.0364 	INFO 	keyboard.Keyboard is using ptb backend.
3.0390 	INFO 	Created stream for speaker device: Realtek HD Audio 2nd output (Realtek(R) Audio) (10.0)
3.0396 	EXP 	AuditoryANT: status = STARTED
3.0690 	EXP 	Created fixation_cross = TextStim(__class__=<class 'psychopy.visual.text.TextStim'>, alignHoriz=method-wrapper(...), alignText='center', alignVert=method-wrapper(...), anchorHoriz='center', anchorVert='center', antialias=True, autoDraw=False, autoLog=True, bold=False, color=array([1., 1., 1.]), colorSpace='rgb', contrast=1.0, depth=0.0, draggable=False, flipHoriz=False, flipVert=False, font='Arial', fontFiles=[], height=0.05, italic=False, languageStyle='LTR', name='fixation_cross', opacity=1, ori=0.0, pos=array([0., 0.]), rgb=UNKNOWN, text='+', units='height', win=Window(...), wrapWidth=1)
3.0691 	EXP 	target: sampleRate = 48000
3.0691 	EXP 	target: channels = None
3.0701 	EXP 	Sound target set volume 1.000
3.0701 	EXP 	orienting_cue: sampleRate = 48000
3.0702 	EXP 	orienting_cue: channels = None
3.0703 	EXP 	Sound orienting_cue set volume 1.000
0.0087 	EXP 	Imported audio_files/conditions.csv as conditions, 24 conditions, 8 params
0.0092 	EXP 	New trial (rep=0, index=0): <Trial 0 (0 in rep 0) data={'block': 1, 'target_word': 'day', 'target_pitch': 'LP', 'cue_type': 'alerting', 'cue_file': 'audio_files/alerting_cue.wav', 'target_file': 'audio_files/day_LP_left.wav', 'correct_resp': 'down', 'ear': 'left', 'thisN': 0, 'thisTrialN': 0, 'thisRepN': 0}>
0.0095 	EXP 	target: sampleRate = 44100
0.0191 	INFO 	Resampled audio from 44100Hz to 48000Hz using method 'default'.
0.0194 	EXP 	orienting_cue: sampleRate = 44100
0.0204 	INFO 	Resampled audio from 44100Hz to 48000Hz using method 'default'.
0.0205 	EXP 	Sound orienting_cue set volume 0.000
0.0239 	EXP 	fixation_cross: autoDraw = True
1.5445 	EXP 	Sound orienting_cue reached end of file
1.5605 	EXP 	Playing sound orienting_cue on speaker Realtek HD Audio 2nd output (Realtek(R) Audio)
1.5607 	INFO 	Keyboard events cleared
1.6610 	EXP 	Sound orienting_cue stopped
2.0447 	EXP 	Sound target reached end of file
2.0608 	EXP 	Playing sound target on speaker Realtek HD Audio 2nd output (Realtek(R) Audio)
3.1147 	EXP 	Sound target reached end of file
3.1286 	EXP 	Sound target reached end of file
3.2283 	EXP 	fixation_cross: autoDraw = False
3.2457 	EXP 	New trial (rep=0, index=1): <Trial 1 (1 in rep 0) data={'block': 1, 'target_word': 'high', 'target_pitch': 'HP', 'cue_type': 'orienting', 'cue_file': 'audio_files/orienting_right.wav', 'target_file': 'audio_files/high_HP_right.wav', 'correct_resp': 'up', 'ear': 'right', 'thisN': 1, 'thisTrialN': 1, 'thisRepN': 0}>
3.2466 	EXP 	target: sampleRate = 44100
3.2621 	INFO 	Resampled audio from 44100Hz to 48000Hz using method 'default'.
3.2627 	EXP 	orienting_cue: sampleRate = 44100
3.2648 	INFO 	Resampled audio from 44100Hz to 48000Hz using method 'default'.
3.2670 	EXP 	fixation_cross: autoDraw = False
3.2670 	EXP 	fixation_cross: autoDraw = True
4.6801 	EXP 	Sound orienting_cue reached end of file
4.6963 	EXP 	Playing sound orienting_cue on speaker Realtek HD Audio 2nd output (Realtek(R) Audio)
4.6965 	INFO 	Keyboard events cleared
4.7893 	EXP 	Sound orienting_cue stopped
5.1804 	EXP 	Sound target reached end of file
5.1966 	EXP 	Playing sound target on speaker Realtek HD Audio 2nd output (Realtek(R) Audio)
5.8024 	EXP 	Sound target reached end of file
5.8142 	EXP 	Sound target reached end of file
5.8594 	EXP 	Device response: <KeyPress from None: t=5.843946799999685, value=up, duration=None>
5.8599 	EXP 	New trial (rep=0, index=2): <Trial 2 (2 in rep 0) data={'block': 1, 'target_word': 'day', 'target_pitch': 'LP', 'cue_type': 'orienting', 'cue_file': 'audio_files/orienting_left.wav', 'target_file': 'audio_files/day_LP_left.wav', 'correct_resp': 'down', 'ear': 'left', 'thisN': 2, 'thisTrialN': 2, 'thisRepN': 0}>
5.8606 	EXP 	target: sampleRate = 44100
5.8751 	INFO 	Resampled audio from 44100Hz to 48000Hz using method 'default'.
5.8755 	EXP 	orienting_cue: sampleRate = 44100
5.8768 	INFO 	Resampled audio from 44100Hz to 48000Hz using method 'default'.
5.8773 	DATA 	Keypress: up
5.8792 	EXP 	fixation_cross: autoDraw = False
5.8792 	EXP 	fixation_cross: autoDraw = True
5.9479 	EXP 	Device response: <KeyPress from None: t=5.843946799999685, value=up, duration=0.09604290000061155>
6.7154 	EXP 	Sound orienting_cue reached end of file
6.7315 	EXP 	Playing sound orienting_cue on speaker Realtek HD Audio 2nd output (Realtek(R) Audio)
6.7315 	INFO 	Keyboard events cleared
6.8305 	EXP 	Sound orienting_cue stopped
7.2158 	EXP 	Sound target reached end of file
7.2318 	EXP 	Playing sound target on speaker Realtek HD Audio 2nd output (Realtek(R) Audio)
8.2849 	EXP 	Sound target reached end of file
8.2997 	EXP 	Sound target reached end of file
8.9172 	EXP 	New trial (rep=0, index=3): <Trial 3 (3 in rep 0) data={'block': 1, 'target_word': 'day', 'target_pitch': 'LP', 'cue_type': 'orienting', 'cue_file': 'audio_files/orienting_right.wav', 'target_file': 'audio_files/day_LP_right.wav', 'correct_resp': 'down', 'ear': 'right', 'thisN': 3, 'thisTrialN': 3, 'thisRepN': 0}>
8.9181 	EXP 	target: sampleRate = 44100
8.9437 	INFO 	Resampled audio from 44100Hz to 48000Hz using method 'default'.
8.9448 	EXP 	orienting_cue: sampleRate = 44100
8.9483 	INFO 	Resampled audio from 44100Hz to 48000Hz using method 'default'.
8.9513 	EXP 	fixation_cross: autoDraw = False
8.9513 	EXP 	fixation_cross: autoDraw = True
9.7177 	EXP 	Sound orienting_cue reached end of file
9.7338 	EXP 	Playing sound orienting_cue on speaker Realtek HD Audio 2nd output (Realtek(R) Audio)
9.7339 	INFO 	Keyboard events cleared
9.8287 	EXP 	Sound orienting_cue stopped
10.2181 	EXP 	Sound target reached end of file
10.2343 	EXP 	Playing sound target on speaker Realtek HD Audio 2nd output (Realtek(R) Audio)
11.2218 	DATA 	Keypress: down
11.2357 	EXP 	Device response: <KeyPress from None: t=11.219557800000985, value=down, duration=None>
11.2489 	EXP 	Sound target paused
11.2492 	EXP 	New trial (rep=0, index=4): <Trial 4 (4 in rep 0) data={'block': 1, 'target_word': 'high', 'target_pitch': 'LP', 'cue_type': 'alerting', 'cue_file': 'audio_files/alerting_cue.wav', 'target_file': 'audio_files/high_LP_right.wav', 'correct_resp': 'down', 'ear': 'right', 'thisN': 4, 'thisTrialN': 4, 'thisRepN': 0}>
11.2501 	EXP 	target: sampleRate = 44100
11.2705 	INFO 	Resampled audio from 44100Hz to 48000Hz using method 'default'.
11.2709 	EXP 	orienting_cue: sampleRate = 44100
11.2715 	INFO 	Resampled audio from 44100Hz to 48000Hz using method 'default'.
11.2716 	EXP 	Sound orienting_cue set volume 0.000
11.2738 	EXP 	fixation_cross: autoDraw = False
11.2738 	EXP 	fixation_cross: autoDraw = True
11.3524 	EXP 	Device response: <KeyPress from None: t=11.219557800000985, value=down, duration=0.11836119999861694>
11.6858 	EXP 	Sound orienting_cue reached end of file
11.7020 	EXP 	Playing sound orienting_cue on speaker Realtek HD Audio 2nd output (Realtek(R) Audio)
11.7023 	INFO 	Keyboard events cleared
11.7991 	EXP 	Sound orienting_cue stopped
12.1862 	EXP 	Sound target reached end of file
12.2024 	EXP 	Playing sound target on speaker Realtek HD Audio 2nd output (Realtek(R) Audio)
13.2561 	EXP 	Sound target reached end of file
13.2704 	EXP 	Sound target reached end of file
13.5875 	EXP 	Device response: <KeyPress from None: t=13.577081800000087, value=down, duration=None>
13.5886 	DATA 	Keypress: down
13.7042 	EXP 	Device response: <KeyPress from None: t=13.577081800000087, value=down, duration=0.1190007000004698>
13.8879 	EXP 	New trial (rep=0, index=5): <Trial 5 (5 in rep 0) data={'block': 1, 'target_word': 'low', 'target_pitch': 'HP', 'cue_type': 'orienting', 'cue_file': 'audio_files/orienting_right.wav', 'target_file': 'audio_files/low_HP_right.wav', 'correct_resp': 'up', 'ear': 'right', 'thisN': 5, 'thisTrialN': 5, 'thisRepN': 0}>
13.8888 	EXP 	target: sampleRate = 44100
13.9024 	INFO 	Resampled audio from 44100Hz to 48000Hz using method 'default'.
13.9033 	EXP 	orienting_cue: sampleRate = 44100
13.9063 	INFO 	Resampled audio from 44100Hz to 48000Hz using method 'default'.
13.9088 	EXP 	fixation_cross: autoDraw = False
13.9088 	EXP 	fixation_cross: autoDraw = True
14.5217 	EXP 	Sound orienting_cue reached end of file
14.5378 	EXP 	Playing sound orienting_cue on speaker Realtek HD Audio 2nd output (Realtek(R) Audio)
14.5378 	INFO 	Keyboard events cleared
14.6388 	EXP 	Sound orienting_cue stopped
15.0220 	EXP 	Sound target reached end of file
15.0382 	EXP 	Playing sound target on speaker Realtek HD Audio 2nd output (Realtek(R) Audio)
15.6100 	EXP 	Sound target reached end of file
15.6229 	EXP 	Sound target reached end of file
16.1064 	EXP 	Device response: <KeyPress from None: t=16.09713660000125, value=up, duration=None>
16.1069 	EXP 	New trial (rep=0, index=6): <Trial 6 (6 in rep 0) data={'block': 1, 'target_word': 'day', 'target_pitch': 'LP', 'cue_type': 'alerting', 'cue_file': 'audio_files/alerting_cue.wav', 'target_file': 'audio_files/day_LP_right.wav', 'correct_resp': 'down', 'ear': 'right', 'thisN': 6, 'thisTrialN': 6, 'thisRepN': 0}>
16.1078 	EXP 	target: sampleRate = 44100
16.1330 	INFO 	Resampled audio from 44100Hz to 48000Hz using method 'default'.
16.1344 	EXP 	orienting_cue: sampleRate = 44100
16.1359 	INFO 	Resampled audio from 44100Hz to 48000Hz using method 'default'.
16.1361 	EXP 	Sound orienting_cue set volume 0.000
16.1369 	DATA 	Keypress: up
16.1390 	EXP 	fixation_cross: autoDraw = False
16.1390 	EXP 	fixation_cross: autoDraw = True
16.2231 	EXP 	Device response: <KeyPress from None: t=16.09713660000125, value=up, duration=0.11928459999944607>
17.3405 	EXP 	Sound orienting_cue reached end of file
17.3567 	EXP 	Playing sound orienting_cue on speaker Realtek HD Audio 2nd output (Realtek(R) Audio)
17.3570 	INFO 	Keyboard events cleared
17.4511 	EXP 	Sound orienting_cue stopped
17.8408 	EXP 	Sound target reached end of file
17.8570 	EXP 	Playing sound target on speaker Realtek HD Audio 2nd output (Realtek(R) Audio)
18.8586 	EXP 	Device response: <KeyPress from None: t=18.845927800000936, value=down, duration=None>
18.8705 	EXP 	Sound target paused
18.8707 	EXP 	New trial (rep=0, index=7): <Trial 7 (7 in rep 0) data={'block': 1, 'target_word': 'day', 'target_pitch': 'HP', 'cue_type': 'orienting', 'cue_file': 'audio_files/orienting_right.wav', 'target_file': 'audio_files/day_HP_right.wav', 'correct_resp': 'up', 'ear': 'right', 'thisN': 7, 'thisTrialN': 7, 'thisRepN': 0}>
18.8715 	EXP 	target: sampleRate = 44100
18.8861 	INFO 	Resampled audio from 44100Hz to 48000Hz using method 'default'.
18.8871 	EXP 	orienting_cue: sampleRate = 44100
18.8905 	INFO 	Resampled audio from 44100Hz to 48000Hz using method 'default'.
18.8916 	DATA 	Keypress: down
18.8936 	EXP 	fixation_cross: autoDraw = False
18.8936 	EXP 	fixation_cross: autoDraw = True
18.9754 	EXP 	Device response: <KeyPress from None: t=18.845927800000936, value=down, duration=0.12124439999934111>
20.0595 	EXP 	Sound orienting_cue reached end of file
20.0756 	EXP 	Playing sound orienting_cue on speaker Realtek HD Audio 2nd output (Realtek(R) Audio)
20.0759 	INFO 	Keyboard events cleared
20.1796 	EXP 	Sound orienting_cue stopped
20.5598 	EXP 	Sound target reached end of file
20.5761 	EXP 	Playing sound target on speaker Realtek HD Audio 2nd output (Realtek(R) Audio)
21.1833 	EXP 	Sound target reached end of file
21.1936 	EXP 	Sound target reached end of file
21.3273 	EXP 	Device response: <KeyPress from None: t=21.31921770000008, value=up, duration=None>
21.3278 	EXP 	New trial (rep=0, index=8): <Trial 8 (8 in rep 0) data={'block': 1, 'target_word': 'low', 'target_pitch': 'HP', 'cue_type': 'orienting', 'cue_file': 'audio_files/orienting_left.wav', 'target_file': 'audio_files/low_HP_left.wav', 'correct_resp': 'up', 'ear': 'left', 'thisN': 8, 'thisTrialN': 8, 'thisRepN': 0}>
21.3288 	EXP 	target: sampleRate = 44100
21.3398 	INFO 	Resampled audio from 44100Hz to 48000Hz using method 'default'.
21.3407 	EXP 	orienting_cue: sampleRate = 44100
21.3441 	INFO 	Resampled audio from 44100Hz to 48000Hz using method 'default'.
21.3453 	DATA 	Keypress: up
21.3472 	EXP 	fixation_cross: autoDraw = False
21.3472 	EXP 	fixation_cross: autoDraw = True
21.4439 	EXP 	Device response: <KeyPress from None: t=21.31921770000008, value=up, duration=0.11969300000055227>
22.2609 	EXP 	Sound orienting_cue reached end of file
22.2774 	EXP 	Playing sound orienting_cue on speaker Realtek HD Audio 2nd output (Realtek(R) Audio)
22.2774 	INFO 	Keyboard events cleared
22.3789 	EXP 	Sound orienting_cue stopped
22.7616 	EXP 	Sound target reached end of file
22.7779 	EXP 	Playing sound target on speaker Realtek HD Audio 2nd output (Realtek(R) Audio)
23.3531 	EXP 	Sound target reached end of file
23.3623 	EXP 	Sound target reached end of file
24.4628 	EXP 	New trial (rep=0, index=9): <Trial 9 (9 in rep 0) data={'block': 1, 'target_word': 'high', 'target_pitch': 'LP', 'cue_type': 'orienting', 'cue_file': 'audio_files/orienting_left.wav', 'target_file': 'audio_files/high_LP_left.wav', 'correct_resp': 'down', 'ear': 'left', 'thisN': 9, 'thisTrialN': 9, 'thisRepN': 0}>
24.4631 	EXP 	target: sampleRate = 44100
24.4741 	INFO 	Resampled audio from 44100Hz to 48000Hz using method 'default'.
24.4745 	EXP 	orienting_cue: sampleRate = 44100
24.4756 	INFO 	Resampled audio from 44100Hz to 48000Hz using method 'default'.
24.4791 	EXP 	fixation_cross: autoDraw = False
24.4791 	EXP 	fixation_cross: autoDraw = True
25.5809 	EXP 	Sound orienting_cue reached end of file
25.5969 	EXP 	Playing sound orienting_cue on speaker Realtek HD Audio 2nd output (Realtek(R) Audio)
25.5970 	INFO 	Keyboard events cleared
25.6914 	EXP 	Sound orienting_cue stopped
26.0813 	EXP 	Sound target reached end of file
26.0974 	EXP 	Playing sound target on speaker Realtek HD Audio 2nd output (Realtek(R) Audio)
27.1528 	EXP 	Sound target reached end of file
27.1654 	EXP 	Sound target reached end of file
27.6661 	EXP 	New trial (rep=0, index=10): <Trial 10 (10 in rep 0) data={'block': 1, 'target_word': 'low', 'target_pitch': 'LP', 'cue_type': 'orienting', 'cue_file': 'audio_files/orienting_right.wav', 'target_file': 'audio_files/low_LP_right.wav', 'correct_resp': 'down', 'ear': 'right', 'thisN': 10, 'thisTrialN': 10, 'thisRepN': 0}>
27.6672 	EXP 	target: sampleRate = 44100
27.6856 	INFO 	Resampled audio from 44100Hz to 48000Hz using method 'default'.
27.6861 	EXP 	orienting_cue: sampleRate = 44100
27.6876 	INFO 	Resampled audio from 44100Hz to 48000Hz using method 'default'.
27.6900 	EXP 	fixation_cross: autoDraw = False
27.6900 	EXP 	fixation_cross: autoDraw = False
27.6900 	EXP 	fixation_cross: autoDraw = True
29.1338 	EXP 	Sound orienting_cue reached end of file
29.1499 	EXP 	Playing sound orienting_cue on speaker Realtek HD Audio 2nd output (Realtek(R) Audio)
29.1498 	INFO 	Keyboard events cleared
29.2508 	EXP 	Sound orienting_cue stopped
29.6340 	EXP 	Sound target reached end of file
29.6502 	EXP 	Playing sound target on speaker Realtek HD Audio 2nd output (Realtek(R) Audio)
30.1850 	EXP 	Device response: <KeyPress from None: t=30.18011380000098, value=escape, duration=None>
30.1867 	DATA 	Keypress: escape
30.2680 	EXP 	Device response: <KeyPress from None: t=30.18011380000098, value=escape, duration=0.07277999999860185>
30.2681 	EXP 	AuditoryANT: status = STOPPED
30.2841 	EXP 	fixation_cross: autoDraw = False
30.2844 	EXP 	AuditoryANT: status = STOPPED
30.3088 	INFO 	saved data to 'c:\\Users\\Adyant Balaji\\Documents\\EEG\\tinnitusExperiments\\AudiANT\\data\\618544_AuditoryANT_2025-10-28_11h31.20.913.csv'
30.3113 	INFO 	saved data to c:\Users\Adyant Balaji\Documents\EEG\tinnitusExperiments\AudiANT\data\618544_AuditoryANT_2025-10-28_11h31.20.913.psydat
30.6739 	WARNING 	Stopping key buffers but this could be dangerous ifother keyboards rely on the same.
30.7705 	WARNING 	Stopping key buffers but this could be dangerous ifother keyboards rely on the same.
