2.6542 	INFO 	Loaded monitor calibration from ['2023_11_01 17:25']
2.6606 	WARNING 	User requested fullscreen with size [1512  982], but screen is actually [2560, 1440]. Using actual size
3.1296 	INFO 	Using renderer 'Intel(R) UHD Graphics 770' for graphics
3.1296 	INFO 	OpenGL version supported by driver is 4..
3.1399 	EXP 	Created window1 = Window(allowGUI=False, allowStencil=False, autoLog=True, backendConf=UNKNOWN, backgroundFit=<method-wrapper '__getattribute__' of attributeSetter object at 0x00000160C1741C40>, backgroundImage=<method-wrapper '__getattribute__' of attributeSetter object at 0x00000160C1741BE0>, bitsMode=UNKNOWN, blendMode='avg', bpc=(8, 8, 8), color=array([0, 0, 0]), colorSpace='rgb', depthBits=8, fullscr=True, gamma=None, gammaErrorPolicy='raise', infoMsg=UNKNOWN, lms=UNKNOWN, monitor=<psychopy.monitors.calibTools.Monitor object at 0x00000160C17DA6D0>, multiSample=False, name='window1', numSamples=2, pos=[0.0, 0.0], screen=0, size=array([2560, 1440]), stencilBits=0, stereo=False, title='PsychoPy', units='height', useFBO=True, useRetina=False, viewOri=0.0, viewPos=None, viewScale=None, waitBlanking=True, winType='pyglet')
3.1399 	EXP 	window1: backgroundImage = ''
3.1400 	EXP 	window1: backgroundFit = 'none'
3.2143 	INFO 	keyboard.Keyboard is using ptb backend.
3.2272 	INFO 	Created stream for speaker device: Realtek HD Audio 2nd output (Realtek(R) Audio) (10.0)
3.2280 	INFO 	keyboard.Keyboard is using ptb backend.
3.2302 	INFO 	Created stream for speaker device: Realtek HD Audio 2nd output (Realtek(R) Audio) (10.0)
3.2307 	EXP 	AuditoryANT: status = STARTED
3.2582 	EXP 	Created fixation_cross = TextStim(__class__=<class 'psychopy.visual.text.TextStim'>, alignHoriz=method-wrapper(...), alignText='center', alignVert=method-wrapper(...), anchorHoriz='center', anchorVert='center', antialias=True, autoDraw=False, autoLog=True, bold=False, color=array([1., 1., 1.]), colorSpace='rgb', contrast=1.0, depth=0.0, draggable=False, flipHoriz=False, flipVert=False, font='Arial', fontFiles=[], height=0.05, italic=False, languageStyle='LTR', name='fixation_cross', opacity=1, ori=0.0, pos=array([0., 0.]), rgb=UNKNOWN, text='+', units='height', win=Window(...), wrapWidth=1)
3.2583 	EXP 	target: sampleRate = 48000
3.2583 	EXP 	target: channels = None
3.2594 	EXP 	Sound target set volume 1.000
3.2594 	EXP 	orienting_cue: sampleRate = 48000
3.2594 	EXP 	orienting_cue: channels = None
3.2596 	EXP 	Sound orienting_cue set volume 1.000
0.0096 	EXP 	Imported audio_files/conditions.csv as conditions, 24 conditions, 7 params
0.0103 	EXP 	New trial (rep=0, index=0): <Trial 0 (0 in rep 0) data={'target_word': 'high', 'target_pitch': 'LP', 'correct_resp': 'down', 'cue_type': 'orienting', 'ear': 'left', 'cue_file': 'audio_files/orienting_left.wav', 'target_file': 'audio_files/high_LP_left.wav', 'thisN': 0, 'thisTrialN': 0, 'thisRepN': 0}>
0.0105 	EXP 	target: sampleRate = 44100
0.0208 	INFO 	Resampled audio from 44100Hz to 48000Hz using method 'default'.
0.0212 	EXP 	orienting_cue: sampleRate = 44100
0.0228 	INFO 	Resampled audio from 44100Hz to 48000Hz using method 'default'.
0.0259 	EXP 	fixation_cross: autoDraw = True
0.8107 	EXP 	Sound orienting_cue reached end of file
0.8271 	EXP 	Playing sound orienting_cue on speaker Realtek HD Audio 2nd output (Realtek(R) Audio)
0.8272 	INFO 	Keyboard events cleared
0.9232 	EXP 	Sound orienting_cue stopped
1.3117 	EXP 	Sound target reached end of file
1.3278 	EXP 	Playing sound target on speaker Realtek HD Audio 2nd output (Realtek(R) Audio)
2.3834 	EXP 	Sound target reached end of file
2.3950 	EXP 	Sound target reached end of file
3.0131 	EXP 	New trial (rep=0, index=1): <Trial 1 (1 in rep 0) data={'target_word': 'high', 'target_pitch': 'LP', 'correct_resp': 'down', 'cue_type': 'alerting', 'ear': 'right', 'cue_file': 'audio_files/alerting_cue.wav', 'target_file': 'audio_files/high_LP_right.wav', 'thisN': 1, 'thisTrialN': 1, 'thisRepN': 0}>
3.0139 	EXP 	target: sampleRate = 44100
3.0335 	INFO 	Resampled audio from 44100Hz to 48000Hz using method 'default'.
3.0338 	EXP 	orienting_cue: sampleRate = 44100
3.0349 	INFO 	Resampled audio from 44100Hz to 48000Hz using method 'default'.
3.0371 	EXP 	fixation_cross: autoDraw = False
3.0371 	EXP 	fixation_cross: autoDraw = True
4.0306 	EXP 	Sound orienting_cue reached end of file
4.0468 	EXP 	Playing sound orienting_cue on speaker Realtek HD Audio 2nd output (Realtek(R) Audio)
4.0467 	INFO 	Keyboard events cleared
4.1416 	EXP 	Sound orienting_cue stopped
4.5308 	EXP 	Sound target reached end of file
4.5470 	EXP 	Playing sound target on speaker Realtek HD Audio 2nd output (Realtek(R) Audio)
5.6018 	EXP 	Sound target reached end of file
5.6149 	EXP 	Sound target reached end of file
6.2158 	EXP 	New trial (rep=0, index=2): <Trial 2 (2 in rep 0) data={'target_word': 'high', 'target_pitch': 'HP', 'correct_resp': 'up', 'cue_type': 'none', 'ear': 'left', 'cue_file': 'audio_files/alerting_cue.wav', 'target_file': 'audio_files/high_HP_left.wav', 'thisN': 2, 'thisTrialN': 2, 'thisRepN': 0}>
6.2166 	EXP 	target: sampleRate = 44100
6.2322 	INFO 	Resampled audio from 44100Hz to 48000Hz using method 'default'.
6.2327 	EXP 	orienting_cue: sampleRate = 44100
6.2346 	INFO 	Resampled audio from 44100Hz to 48000Hz using method 'default'.
6.2347 	EXP 	Sound orienting_cue set volume 0.000
6.2369 	EXP 	fixation_cross: autoDraw = False
6.2369 	EXP 	fixation_cross: autoDraw = True
7.6000 	EXP 	Sound orienting_cue reached end of file
7.6161 	EXP 	Playing sound orienting_cue on speaker Realtek HD Audio 2nd output (Realtek(R) Audio)
7.6164 	INFO 	Keyboard events cleared
7.7100 	EXP 	Sound orienting_cue stopped
8.1004 	EXP 	Sound target reached end of file
8.1165 	EXP 	Playing sound target on speaker Realtek HD Audio 2nd output (Realtek(R) Audio)
8.7294 	EXP 	Sound target reached end of file
8.7346 	EXP 	Sound target reached end of file
9.4352 	EXP 	New trial (rep=0, index=3): <Trial 3 (3 in rep 0) data={'target_word': 'high', 'target_pitch': 'HP', 'correct_resp': 'up', 'cue_type': 'none', 'ear': 'right', 'cue_file': 'audio_files/alerting_cue.wav', 'target_file': 'audio_files/high_HP_right.wav', 'thisN': 3, 'thisTrialN': 3, 'thisRepN': 0}>
9.4360 	EXP 	target: sampleRate = 44100
9.4420 	INFO 	Resampled audio from 44100Hz to 48000Hz using method 'default'.
9.4424 	EXP 	orienting_cue: sampleRate = 44100
9.4437 	INFO 	Resampled audio from 44100Hz to 48000Hz using method 'default'.
9.4437 	EXP 	Sound orienting_cue set volume 0.000
9.4508 	EXP 	fixation_cross: autoDraw = False
9.4508 	EXP 	fixation_cross: autoDraw = False
9.4508 	EXP 	fixation_cross: autoDraw = True
10.4852 	EXP 	Sound orienting_cue reached end of file
10.5017 	EXP 	Playing sound orienting_cue on speaker Realtek HD Audio 2nd output (Realtek(R) Audio)
10.5018 	INFO 	Keyboard events cleared
10.6008 	EXP 	Sound orienting_cue stopped
10.9862 	EXP 	Sound target reached end of file
11.0024 	EXP 	Playing sound target on speaker Realtek HD Audio 2nd output (Realtek(R) Audio)
11.6149 	EXP 	Sound target reached end of file
11.6200 	EXP 	Sound target reached end of file
12.6377 	EXP 	New trial (rep=0, index=4): <Trial 4 (4 in rep 0) data={'target_word': 'low', 'target_pitch': 'HP', 'correct_resp': 'up', 'cue_type': 'alerting', 'ear': 'right', 'cue_file': 'audio_files/alerting_cue.wav', 'target_file': 'audio_files/low_HP_right.wav', 'thisN': 4, 'thisTrialN': 4, 'thisRepN': 0}>
12.6386 	EXP 	target: sampleRate = 44100
12.6533 	INFO 	Resampled audio from 44100Hz to 48000Hz using method 'default'.
12.6544 	EXP 	orienting_cue: sampleRate = 44100
12.6593 	INFO 	Resampled audio from 44100Hz to 48000Hz using method 'default'.
12.6626 	EXP 	fixation_cross: autoDraw = False
12.6626 	EXP 	fixation_cross: autoDraw = False
12.6626 	EXP 	fixation_cross: autoDraw = True
13.5716 	EXP 	Sound orienting_cue reached end of file
13.5878 	EXP 	Playing sound orienting_cue on speaker Realtek HD Audio 2nd output (Realtek(R) Audio)
13.5879 	INFO 	Keyboard events cleared
13.6896 	EXP 	Sound orienting_cue stopped
14.0720 	EXP 	Sound target reached end of file
14.0882 	EXP 	Playing sound target on speaker Realtek HD Audio 2nd output (Realtek(R) Audio)
14.6613 	EXP 	Sound target reached end of file
14.6725 	EXP 	Sound target reached end of file
15.7737 	EXP 	New trial (rep=0, index=5): <Trial 5 (5 in rep 0) data={'target_word': 'low', 'target_pitch': 'HP', 'correct_resp': 'up', 'cue_type': 'none', 'ear': 'right', 'cue_file': 'audio_files/alerting_cue.wav', 'target_file': 'audio_files/low_HP_right.wav', 'thisN': 5, 'thisTrialN': 5, 'thisRepN': 0}>
15.7746 	EXP 	target: sampleRate = 44100
15.7858 	INFO 	Resampled audio from 44100Hz to 48000Hz using method 'default'.
15.7869 	EXP 	orienting_cue: sampleRate = 44100
15.7914 	INFO 	Resampled audio from 44100Hz to 48000Hz using method 'default'.
15.7916 	EXP 	Sound orienting_cue set volume 0.000
15.7946 	EXP 	fixation_cross: autoDraw = False
15.7946 	EXP 	fixation_cross: autoDraw = True
16.8411 	EXP 	Sound orienting_cue reached end of file
16.8572 	EXP 	Playing sound orienting_cue on speaker Realtek HD Audio 2nd output (Realtek(R) Audio)
16.8572 	INFO 	Keyboard events cleared
16.9515 	EXP 	Sound orienting_cue stopped
17.3415 	EXP 	Sound target reached end of file
17.3577 	EXP 	Playing sound target on speaker Realtek HD Audio 2nd output (Realtek(R) Audio)
17.9285 	EXP 	Sound target reached end of file
17.9419 	EXP 	Sound target reached end of file
18.9931 	EXP 	New trial (rep=0, index=6): <Trial 6 (6 in rep 0) data={'target_word': 'high', 'target_pitch': 'LP', 'correct_resp': 'down', 'cue_type': 'orienting', 'ear': 'right', 'cue_file': 'audio_files/orienting_right.wav', 'target_file': 'audio_files/high_LP_right.wav', 'thisN': 6, 'thisTrialN': 6, 'thisRepN': 0}>
18.9939 	EXP 	target: sampleRate = 44100
19.0178 	INFO 	Resampled audio from 44100Hz to 48000Hz using method 'default'.
19.0184 	EXP 	orienting_cue: sampleRate = 44100
19.0197 	INFO 	Resampled audio from 44100Hz to 48000Hz using method 'default'.
19.0218 	EXP 	fixation_cross: autoDraw = False
19.0218 	EXP 	fixation_cross: autoDraw = False
19.0218 	EXP 	fixation_cross: autoDraw = True
19.8601 	EXP 	Sound orienting_cue reached end of file
19.8763 	EXP 	Playing sound orienting_cue on speaker Realtek HD Audio 2nd output (Realtek(R) Audio)
19.8766 	INFO 	Keyboard events cleared
19.9790 	EXP 	Sound orienting_cue stopped
20.3604 	EXP 	Sound target reached end of file
20.3766 	EXP 	Playing sound target on speaker Realtek HD Audio 2nd output (Realtek(R) Audio)
21.4372 	EXP 	Sound target reached end of file
21.4447 	EXP 	Sound target reached end of file
22.0622 	EXP 	New trial (rep=0, index=7): <Trial 7 (7 in rep 0) data={'target_word': 'high', 'target_pitch': 'HP', 'correct_resp': 'up', 'cue_type': 'orienting', 'ear': 'right', 'cue_file': 'audio_files/orienting_right.wav', 'target_file': 'audio_files/high_HP_right.wav', 'thisN': 7, 'thisTrialN': 7, 'thisRepN': 0}>
22.0631 	EXP 	target: sampleRate = 44100
22.0775 	INFO 	Resampled audio from 44100Hz to 48000Hz using method 'default'.
22.0783 	EXP 	orienting_cue: sampleRate = 44100
22.0809 	INFO 	Resampled audio from 44100Hz to 48000Hz using method 'default'.
22.0834 	EXP 	fixation_cross: autoDraw = False
22.0834 	EXP 	fixation_cross: autoDraw = True
23.3129 	EXP 	Sound orienting_cue reached end of file
23.3291 	EXP 	Playing sound orienting_cue on speaker Realtek HD Audio 2nd output (Realtek(R) Audio)
23.3293 	INFO 	Keyboard events cleared
23.4228 	EXP 	Sound orienting_cue stopped
23.8133 	EXP 	Sound target reached end of file
23.8295 	EXP 	Playing sound target on speaker Realtek HD Audio 2nd output (Realtek(R) Audio)
24.4364 	EXP 	Sound target reached end of file
24.4474 	EXP 	Sound target reached end of file
25.2815 	EXP 	New trial (rep=0, index=8): <Trial 8 (8 in rep 0) data={'target_word': 'low', 'target_pitch': 'HP', 'correct_resp': 'up', 'cue_type': 'none', 'ear': 'left', 'cue_file': 'audio_files/alerting_cue.wav', 'target_file': 'audio_files/low_HP_left.wav', 'thisN': 8, 'thisTrialN': 8, 'thisRepN': 0}>
25.2824 	EXP 	target: sampleRate = 44100
25.2933 	INFO 	Resampled audio from 44100Hz to 48000Hz using method 'default'.
25.2942 	EXP 	orienting_cue: sampleRate = 44100
25.2978 	INFO 	Resampled audio from 44100Hz to 48000Hz using method 'default'.
25.2980 	EXP 	Sound orienting_cue set volume 0.000
25.3010 	EXP 	fixation_cross: autoDraw = False
25.3010 	EXP 	fixation_cross: autoDraw = False
25.3010 	EXP 	fixation_cross: autoDraw = True
26.0816 	EXP 	Sound orienting_cue reached end of file
26.0980 	EXP 	Playing sound orienting_cue on speaker Realtek HD Audio 2nd output (Realtek(R) Audio)
26.0985 	INFO 	Keyboard events cleared
26.2000 	EXP 	Sound orienting_cue stopped
26.5823 	EXP 	Sound target reached end of file
26.5985 	EXP 	Playing sound target on speaker Realtek HD Audio 2nd output (Realtek(R) Audio)
27.1744 	EXP 	Sound target reached end of file
27.1827 	EXP 	Sound target reached end of file
27.9281 	EXP 	Device response: <KeyPress from None: t=27.911952800001018, value=escape, duration=None>
27.9291 	DATA 	Keypress: escape
27.9667 	EXP 	Device response: <KeyPress from None: t=27.911952800001018, value=escape, duration=0.050241599998116726>
27.9668 	EXP 	AuditoryANT: status = STOPPED
27.9830 	EXP 	fixation_cross: autoDraw = False
27.9832 	EXP 	AuditoryANT: status = STOPPED
28.0052 	INFO 	saved data to 'c:\\Users\\Adyant Balaji\\Documents\\EEG\\tinnitusExperiments\\AudiANT\\data\\726860_AuditoryANT_2025-10-28_12h19.00.526.csv'
28.0072 	INFO 	saved data to c:\Users\Adyant Balaji\Documents\EEG\tinnitusExperiments\AudiANT\data\726860_AuditoryANT_2025-10-28_12h19.00.526.psydat
28.4025 	WARNING 	Stopping key buffers but this could be dangerous ifother keyboards rely on the same.
28.4645 	WARNING 	Stopping key buffers but this could be dangerous ifother keyboards rely on the same.
