3.0072 	INFO 	Loaded monitor calibration from ['2023_11_01 17:25']
3.0140 	WARNING 	User requested fullscreen with size [1512  982], but screen is actually [2560, 1440]. Using actual size
3.4993 	INFO 	Using renderer 'Intel(R) UHD Graphics 770' for graphics
3.4993 	INFO 	OpenGL version supported by driver is 4..
3.5090 	EXP 	Created window1 = Window(allowGUI=False, allowStencil=False, autoLog=True, backendConf=UNKNOWN, backgroundFit=<method-wrapper '__getattribute__' of attributeSetter object at 0x0000020F8727FC40>, backgroundImage=<method-wrapper '__getattribute__' of attributeSetter object at 0x0000020F8727FBE0>, bitsMode=UNKNOWN, blendMode='avg', bpc=(8, 8, 8), color=array([0, 0, 0]), colorSpace='rgb', depthBits=8, fullscr=True, gamma=None, gammaErrorPolicy='raise', infoMsg=UNKNOWN, lms=UNKNOWN, monitor=<psychopy.monitors.calibTools.Monitor object at 0x0000020F873196D0>, multiSample=False, name='window1', numSamples=2, pos=[0.0, 0.0], screen=0, size=array([2560, 1440]), stencilBits=0, stereo=False, title='PsychoPy', units='height', useFBO=True, useRetina=False, viewOri=0.0, viewPos=None, viewScale=None, waitBlanking=True, winType='pyglet')
3.5091 	EXP 	window1: backgroundImage = ''
3.5091 	EXP 	window1: backgroundFit = 'none'
3.5806 	INFO 	keyboard.Keyboard is using ptb backend.
3.7446 	INFO 	Created stream for speaker device: Realtek HD Audio 2nd output (Realtek(R) Audio) (10.0)
3.7455 	INFO 	keyboard.Keyboard is using ptb backend.
3.7484 	INFO 	Created stream for speaker device: Realtek HD Audio 2nd output (Realtek(R) Audio) (10.0)
3.7491 	EXP 	AuditoryANT: status = STARTED
3.7734 	EXP 	Created fixation_cross = TextStim(__class__=<class 'psychopy.visual.text.TextStim'>, alignHoriz=method-wrapper(...), alignText='center', alignVert=method-wrapper(...), anchorHoriz='center', anchorVert='center', antialias=True, autoDraw=False, autoLog=True, bold=False, color=array([1., 1., 1.]), colorSpace='rgb', contrast=1.0, depth=0.0, draggable=False, flipHoriz=False, flipVert=False, font='Arial', fontFiles=[], height=0.05, italic=False, languageStyle='LTR', name='fixation_cross', opacity=1, ori=0.0, pos=array([0., 0.]), rgb=UNKNOWN, text='+', units='height', win=Window(...), wrapWidth=1)
3.7734 	EXP 	target: sampleRate = 48000
3.7734 	EXP 	target: channels = None
3.7745 	EXP 	Sound target set volume 1.000
3.7745 	EXP 	orienting_cue: sampleRate = 48000
3.7745 	EXP 	orienting_cue: channels = None
3.7747 	EXP 	Sound orienting_cue set volume 1.000
0.0155 	EXP 	Imported audio_files/conditions.csv as conditions, 24 conditions, 7 params
0.0160 	EXP 	New trial (rep=0, index=0): <Trial 0 (0 in rep 0) data={'target_word': 'high', 'target_pitch': 'LP', 'correct_resp': 'down', 'cue_type': 'orienting', 'ear': 'left', 'cue_file': 'audio_files/orienting_left.wav', 'target_file': 'audio_files/high_LP_left.wav', 'thisN': 0, 'thisTrialN': 0, 'thisRepN': 0}>
0.0163 	EXP 	target: sampleRate = 44100
0.0263 	INFO 	Resampled audio from 44100Hz to 48000Hz using method 'default'.
0.0267 	EXP 	orienting_cue: sampleRate = 44100
0.0281 	INFO 	Resampled audio from 44100Hz to 48000Hz using method 'default'.
0.0311 	EXP 	fixation_cross: autoDraw = True
1.3772 	EXP 	Sound orienting_cue reached end of file
1.3934 	EXP 	Playing sound orienting_cue on speaker Realtek HD Audio 2nd output (Realtek(R) Audio)
1.3935 	INFO 	Keyboard events cleared
1.4947 	EXP 	Sound orienting_cue stopped
1.8775 	EXP 	Sound target reached end of file
1.8938 	EXP 	Playing sound target on speaker Realtek HD Audio 2nd output (Realtek(R) Audio)
2.9492 	EXP 	Sound target reached end of file
2.9618 	EXP 	Sound target reached end of file
3.2289 	EXP 	New trial (rep=0, index=1): <Trial 1 (1 in rep 0) data={'target_word': 'high', 'target_pitch': 'LP', 'correct_resp': 'down', 'cue_type': 'alerting', 'ear': 'right', 'cue_file': 'audio_files/alerting_cue.wav', 'target_file': 'audio_files/high_LP_right.wav', 'thisN': 1, 'thisTrialN': 1, 'thisRepN': 0}>
3.2298 	EXP 	target: sampleRate = 44100
3.2491 	INFO 	Resampled audio from 44100Hz to 48000Hz using method 'default'.
3.2495 	EXP 	orienting_cue: sampleRate = 44100
3.2501 	INFO 	Resampled audio from 44100Hz to 48000Hz using method 'default'.
3.2524 	EXP 	fixation_cross: autoDraw = False
3.2524 	EXP 	fixation_cross: autoDraw = False
3.2524 	EXP 	fixation_cross: autoDraw = True
3.2983 	DATA 	Keypress: down
3.3249 	EXP 	Device response: <KeyPress from None: t=3.2961778000008053, value=down, duration=None>
3.4955 	EXP 	Device response: <KeyPress from None: t=3.2961778000008053, value=down, duration=0.18749799999932293>
3.7457 	EXP 	Sound orienting_cue reached end of file
3.7619 	EXP 	Playing sound orienting_cue on speaker Realtek HD Audio 2nd output (Realtek(R) Audio)
3.7622 	INFO 	Keyboard events cleared
3.8633 	EXP 	Sound orienting_cue stopped
4.2461 	EXP 	Sound target reached end of file
4.2623 	EXP 	Playing sound target on speaker Realtek HD Audio 2nd output (Realtek(R) Audio)
5.3188 	EXP 	Sound target reached end of file
5.3304 	EXP 	Sound target reached end of file
5.9312 	EXP 	New trial (rep=0, index=2): <Trial 2 (2 in rep 0) data={'target_word': 'high', 'target_pitch': 'HP', 'correct_resp': 'up', 'cue_type': 'none', 'ear': 'left', 'cue_file': 'audio_files/alerting_cue.wav', 'target_file': 'audio_files/high_HP_left.wav', 'thisN': 2, 'thisTrialN': 2, 'thisRepN': 0}>
5.9321 	EXP 	target: sampleRate = 44100
5.9504 	INFO 	Resampled audio from 44100Hz to 48000Hz using method 'default'.
5.9511 	EXP 	orienting_cue: sampleRate = 44100
5.9525 	INFO 	Resampled audio from 44100Hz to 48000Hz using method 'default'.
5.9527 	EXP 	Sound orienting_cue set volume 0.000
5.9551 	EXP 	fixation_cross: autoDraw = False
5.9551 	EXP 	fixation_cross: autoDraw = True
6.6648 	EXP 	Sound orienting_cue reached end of file
6.6811 	EXP 	Playing sound orienting_cue on speaker Realtek HD Audio 2nd output (Realtek(R) Audio)
6.6812 	INFO 	Keyboard events cleared
6.7834 	EXP 	Sound orienting_cue stopped
7.1653 	EXP 	Sound target reached end of file
7.1815 	EXP 	Playing sound target on speaker Realtek HD Audio 2nd output (Realtek(R) Audio)
7.7900 	EXP 	Sound target reached end of file
7.7991 	EXP 	Sound target reached end of file
8.8670 	EXP 	New trial (rep=0, index=3): <Trial 3 (3 in rep 0) data={'target_word': 'high', 'target_pitch': 'HP', 'correct_resp': 'up', 'cue_type': 'none', 'ear': 'right', 'cue_file': 'audio_files/alerting_cue.wav', 'target_file': 'audio_files/high_HP_right.wav', 'thisN': 3, 'thisTrialN': 3, 'thisRepN': 0}>
8.8679 	EXP 	target: sampleRate = 44100
8.8807 	INFO 	Resampled audio from 44100Hz to 48000Hz using method 'default'.
8.8814 	EXP 	orienting_cue: sampleRate = 44100
8.8829 	INFO 	Resampled audio from 44100Hz to 48000Hz using method 'default'.
8.8831 	EXP 	Sound orienting_cue set volume 0.000
8.8855 	EXP 	fixation_cross: autoDraw = False
8.8855 	EXP 	fixation_cross: autoDraw = True
10.1010 	EXP 	Sound orienting_cue reached end of file
10.1171 	EXP 	Playing sound orienting_cue on speaker Realtek HD Audio 2nd output (Realtek(R) Audio)
10.1175 	INFO 	Keyboard events cleared
10.2161 	EXP 	Sound orienting_cue stopped
10.6014 	EXP 	Sound target reached end of file
10.6176 	EXP 	Playing sound target on speaker Realtek HD Audio 2nd output (Realtek(R) Audio)
11.2270 	EXP 	Sound target reached end of file
11.2355 	EXP 	Sound target reached end of file
12.0696 	EXP 	New trial (rep=0, index=4): <Trial 4 (4 in rep 0) data={'target_word': 'low', 'target_pitch': 'HP', 'correct_resp': 'up', 'cue_type': 'alerting', 'ear': 'right', 'cue_file': 'audio_files/alerting_cue.wav', 'target_file': 'audio_files/low_HP_right.wav', 'thisN': 4, 'thisTrialN': 4, 'thisRepN': 0}>
12.0705 	EXP 	target: sampleRate = 44100
12.0831 	INFO 	Resampled audio from 44100Hz to 48000Hz using method 'default'.
12.0838 	EXP 	orienting_cue: sampleRate = 44100
12.0853 	INFO 	Resampled audio from 44100Hz to 48000Hz using method 'default'.
12.0879 	EXP 	fixation_cross: autoDraw = False
12.0879 	EXP 	fixation_cross: autoDraw = False
12.0879 	EXP 	fixation_cross: autoDraw = True
13.3036 	EXP 	Sound orienting_cue reached end of file
13.3198 	EXP 	Playing sound orienting_cue on speaker Realtek HD Audio 2nd output (Realtek(R) Audio)
13.3201 	INFO 	Keyboard events cleared
13.4133 	EXP 	Sound orienting_cue stopped
13.8040 	EXP 	Sound target reached end of file
13.8202 	EXP 	Playing sound target on speaker Realtek HD Audio 2nd output (Realtek(R) Audio)
14.3985 	EXP 	Sound target reached end of file
14.4049 	EXP 	Sound target reached end of file
14.8551 	EXP 	Device response: <KeyPress from None: t=14.853262200000245, value=escape, duration=None>
14.8564 	DATA 	Keypress: escape
14.9050 	EXP 	Device response: <KeyPress from None: t=14.853262200000245, value=escape, duration=0.04942239999945741>
14.9051 	EXP 	AuditoryANT: status = STOPPED
14.9213 	EXP 	fixation_cross: autoDraw = False
14.9215 	EXP 	AuditoryANT: status = STOPPED
14.9399 	INFO 	saved data to 'c:\\Users\\Adyant Balaji\\Documents\\EEG\\tinnitusExperiments\\AudiANT\\data\\749310_AuditoryANT_2025-10-28_12h14.14.000.csv'
14.9419 	INFO 	saved data to c:\Users\Adyant Balaji\Documents\EEG\tinnitusExperiments\AudiANT\data\749310_AuditoryANT_2025-10-28_12h14.14.000.psydat
15.3283 	WARNING 	Stopping key buffers but this could be dangerous ifother keyboards rely on the same.
15.4063 	WARNING 	Stopping key buffers but this could be dangerous ifother keyboards rely on the same.
